This file contains any messages produced by compilers while
running configure, to aid debugging if configure makes a mistake.

It was created by GNU Libtool configure 2.4.7, which was
generated by GNU Autoconf 2.69.  Invocation command line was

  $ ./configure --prefix=/home/ismail/libtool

## --------- ##
## Platform. ##
## --------- ##

hostname = gpumulti
uname -m = x86_64
uname -r = 6.8.0-62-generic
uname -s = Linux
uname -v = #65-Ubuntu SMP PREEMPT_DYNAMIC Mon May 19 17:15:03 UTC 2025

/usr/bin/uname -p = x86_64
/bin/uname -X     = unknown

/bin/arch              = x86_64
/usr/bin/arch -k       = unknown
/usr/convex/getsysinfo = unknown
/usr/bin/hostinfo      = unknown
/bin/machine           = unknown
/usr/bin/oslevel       = unknown
/bin/universe          = unknown

PATH: /home/ismail/SLPerf/env/bin
PATH: /home/ismail/.vscode-server/cli/servers/Stable-6609ac3d66f4eade5cf376d1cb76f13985724bcb/server/bin/remote-cli
PATH: /usr/local/sbin
PATH: /usr/local/bin
PATH: /usr/sbin
PATH: /usr/bin
PATH: /sbin
PATH: /bin
PATH: /usr/games
PATH: /usr/local/games
PATH: /snap/bin
PATH: /home/ismail/.vscode-server/extensions/ms-python.debugpy-2025.10.0-linux-x64/bundled/scripts/noConfigScripts


## ----------- ##
## Core tests. ##
## ----------- ##

configure:2714: checking for GNU M4 that supports accurate traces
configure:2753: error: no acceptable m4 could be found in $PATH.
GNU M4 1.4.6 or later is required; 1.4.16 or newer is recommended.
GNU M4 1.4.15 uses a buggy replacement strstr on some systems.
Glibc 2.9 - 2.12 and GNU M4 1.4.11 - 1.4.15 have another strstr bug.

## ---------------- ##
## Cache variables. ##
## ---------------- ##

ac_cv_env_CCC_set=
ac_cv_env_CCC_value=
ac_cv_env_CC_set=
ac_cv_env_CC_value=
ac_cv_env_CFLAGS_set=
ac_cv_env_CFLAGS_value=
ac_cv_env_CPPFLAGS_set=
ac_cv_env_CPPFLAGS_value=
ac_cv_env_CPP_set=
ac_cv_env_CPP_value=
ac_cv_env_CXXCPP_set=
ac_cv_env_CXXCPP_value=
ac_cv_env_CXXFLAGS_set=
ac_cv_env_CXXFLAGS_value=
ac_cv_env_CXX_set=
ac_cv_env_CXX_value=
ac_cv_env_F77_set=
ac_cv_env_F77_value=
ac_cv_env_FCFLAGS_set=
ac_cv_env_FCFLAGS_value=
ac_cv_env_FC_set=
ac_cv_env_FC_value=
ac_cv_env_FFLAGS_set=
ac_cv_env_FFLAGS_value=
ac_cv_env_LDFLAGS_set=
ac_cv_env_LDFLAGS_value=
ac_cv_env_LIBS_set=
ac_cv_env_LIBS_value=
ac_cv_env_LT_SYS_LIBRARY_PATH_set=
ac_cv_env_LT_SYS_LIBRARY_PATH_value=
ac_cv_env_M4_set=
ac_cv_env_M4_value=
ac_cv_env_build_alias_set=
ac_cv_env_build_alias_value=
ac_cv_env_host_alias_set=
ac_cv_env_host_alias_value=
ac_cv_env_target_alias_set=
ac_cv_env_target_alias_value=

## ----------------- ##
## Output variables. ##
## ----------------- ##

ACLOCAL=''
AMDEPBACKSLASH=''
AMDEP_FALSE=''
AMDEP_TRUE=''
AMTAR=''
AM_BACKSLASH=''
AM_DEFAULT_V=''
AM_DEFAULT_VERBOSITY=''
AM_V=''
AR=''
ARFLAGS=''
AS=''
AUTOCONF=''
AUTOHEADER=''
AUTOM4TE='autom4te'
AUTOMAKE=''
AUTOTEST='$(AUTOM4TE) --language=autotest'
AWK=''
CC=''
CCDEPMODE=''
CFLAGS=''
CONFIG_INCLUDE=''
CONFIG_STATUS_DEPENDENCIES=''
CONVENIENCE_LTDL_FALSE=''
CONVENIENCE_LTDL_TRUE=''
CPP=''
CPPFLAGS=''
CXX=''
CXXCPP=''
CXXDEPMODE=''
CXXFLAGS=''
CYGPATH_W=''
DEFS=''
DEPDIR=''
DLLTOOL=''
DSYMUTIL=''
DUMPBIN=''
ECHO_C=''
ECHO_N='-n'
ECHO_T=''
EGREP=''
EXEEXT=''
F77=''
FC=''
FCFLAGS=''
FFLAGS=''
FGREP=''
FILECMD=''
GCJ=''
GCJFLAGS=''
GL_CFLAG_ALLOW_WARNINGS=''
GL_CFLAG_GNULIB_WARNINGS=''
GL_COND_LIBTOOL_FALSE=''
GL_COND_LIBTOOL_TRUE=''
GL_CXXFLAG_ALLOW_WARNINGS=''
GL_LIBOBJDEPS=''
GL_LIBOBJS=''
GL_LTLIBOBJS=''
GLtests_LIBOBJDEPS=''
GLtests_LIBOBJS=''
GLtests_LTLIBOBJS=''
GLtests_WITNESS=''
GOC=''
GREP=''
HELP2MAN=''
INSTALL_DATA=''
INSTALL_LTDL_FALSE=''
INSTALL_LTDL_TRUE=''
INSTALL_PROGRAM=''
INSTALL_SCRIPT=''
INSTALL_STRIP_PROGRAM=''
LD=''
LDFLAGS=''
LIBADD_DL=''
LIBADD_DLD_LINK=''
LIBADD_DLOPEN=''
LIBADD_SHL_LOAD=''
LIBOBJS=''
LIBS=''
LIBTOOL=''
LIPO=''
LN_S=''
LTDLOPEN=''
LTLIBOBJS=''
LT_ARGZ_H=''
LT_CONFIG_H=''
LT_DLLOADERS=''
LT_DLPREOPEN=''
LT_SYS_LIBRARY_PATH=''
M4=''
M4_DEBUGFILE=''
M4_GNU=''
MAKEINFO=''
MANIFEST_TOOL=''
MKDIR_P=''
NM=''
NMEDIT=''
OBJDUMP=''
OBJEXT=''
OTOOL64=''
OTOOL=''
PACKAGE=''
PACKAGE_BUGREPORT='bug-libtool@gnu.org'
PACKAGE_NAME='GNU Libtool'
PACKAGE_STRING='GNU Libtool 2.4.7'
PACKAGE_TARNAME='libtool'
PACKAGE_URL='http://www.gnu.org/software/libtool/'
PACKAGE_VERSION='2.4.7'
PATH_SEPARATOR=':'
RANLIB=''
RC=''
SED=''
SET_MAKE=''
SHELL='/bin/bash'
STRIP=''
VERSION=''
abs_aux_dir=''
ac_ct_AR=''
ac_ct_CC=''
ac_ct_CXX=''
ac_ct_DUMPBIN=''
ac_ct_F77=''
ac_ct_FC=''
aclocaldir=''
am__EXEEXT_FALSE=''
am__EXEEXT_TRUE=''
am__fastdepCC_FALSE=''
am__fastdepCC_TRUE=''
am__fastdepCXX_FALSE=''
am__fastdepCXX_TRUE=''
am__include=''
am__isrc=''
am__leading_dot=''
am__nodep=''
am__quote=''
am__tar=''
am__untar=''
aux_dir='build-aux'
bindir='${exec_prefix}/bin'
build=''
build_alias=''
build_cpu=''
build_os=''
build_vendor=''
datadir='${datarootdir}'
datarootdir='${prefix}/share'
docdir='${datarootdir}/doc/${PACKAGE_TARNAME}'
dvidir='${docdir}'
exec_prefix='NONE'
host=''
host_alias=''
host_cpu=''
host_os=''
host_vendor=''
htmldir='${docdir}'
includedir='${prefix}/include'
infodir='${datarootdir}/info'
install_sh=''
libdir='${exec_prefix}/lib'
libexecdir='${exec_prefix}/libexec'
localedir='${datarootdir}/locale'
localstatedir='${prefix}/var'
ltdl_dir='libltdl'
macro_dir='m4'
mandir='${datarootdir}/man'
mkdir_p=''
oldincludedir='/usr/include'
package_revision='2.4.7'
pdfdir='${docdir}'
pkgaux_scripts=''
pkgdatadir=''
prefix='/home/ismail/libtool'
program_transform_name='s,x,x,'
psdir='${docdir}'
runstatedir='${localstatedir}/run'
sbindir='${exec_prefix}/sbin'
sharedstatedir='${prefix}/com'
sys_symbol_underscore=''
sysconfdir='${prefix}/etc'
target_alias=''
to_host_file_cmd=''
to_tool_file_cmd=''
with_aix_soname=''

## ----------- ##
## confdefs.h. ##
## ----------- ##

/* confdefs.h */
#define PACKAGE_NAME "GNU Libtool"
#define PACKAGE_TARNAME "libtool"
#define PACKAGE_VERSION "2.4.7"
#define PACKAGE_STRING "GNU Libtool 2.4.7"
#define PACKAGE_BUGREPORT "bug-libtool@gnu.org"
#define PACKAGE_URL "http://www.gnu.org/software/libtool/"

configure: exit 1
