This file contains any messages produced by compilers while
running configure, to aid debugging if configure makes a mistake.

It was created by PMI configure 1.2, which was
generated by GNU Autoconf 2.69.  Invocation command line was

  $ ./configure --disable-option-checking --prefix=/home/ismail/mpich-install --enable-embedded --disable-fortran --cache-file=/dev/null --srcdir=.

## --------- ##
## Platform. ##
## --------- ##

hostname = gpumulti
uname -m = x86_64
uname -r = 6.8.0-62-generic
uname -s = Linux
uname -v = #65-Ubuntu SMP PREEMPT_DYNAMIC Mon May 19 17:15:03 UTC 2025

/usr/bin/uname -p = x86_64
/bin/uname -X     = unknown

/bin/arch              = x86_64
/usr/bin/arch -k       = unknown
/usr/convex/getsysinfo = unknown
/usr/bin/hostinfo      = unknown
/bin/machine           = unknown
/usr/bin/oslevel       = unknown
/bin/universe          = unknown

PATH: /home/ismail/SLPerf/env/bin
PATH: /home/ismail/.vscode-server/cli/servers/Stable-6609ac3d66f4eade5cf376d1cb76f13985724bcb/server/bin/remote-cli
PATH: /usr/local/sbin
PATH: /usr/local/bin
PATH: /usr/sbin
PATH: /usr/bin
PATH: /sbin
PATH: /bin
PATH: /usr/games
PATH: /usr/local/games
PATH: /snap/bin
PATH: /home/ismail/.vscode-server/extensions/ms-python.debugpy-2025.10.0-linux-x64/bundled/scripts/noConfigScripts


## ----------- ##
## Core tests. ##
## ----------- ##

configure:2306: checking for gcc
configure:2333: result: gcc
configure:2562: checking for C compiler version
configure:2571: gcc --version >&5
gcc (Ubuntu 13.3.0-6ubuntu2~24.04) 13.3.0
Copyright (C) 2023 Free Software Foundation, Inc.
This is free software; see the source for copying conditions.  There is NO
warranty; not even for MERCHANTABILITY or FITNESS FOR A PARTICULAR PURPOSE.

configure:2582: $? = 0
configure:2571: gcc -v >&5
Using built-in specs.
COLLECT_GCC=gcc
COLLECT_LTO_WRAPPER=/usr/libexec/gcc/x86_64-linux-gnu/13/lto-wrapper
OFFLOAD_TARGET_NAMES=nvptx-none:amdgcn-amdhsa
OFFLOAD_TARGET_DEFAULT=1
Target: x86_64-linux-gnu
Configured with: ../src/configure -v --with-pkgversion='Ubuntu 13.3.0-6ubuntu2~24.04' --with-bugurl=file:///usr/share/doc/gcc-13/README.Bugs --enable-languages=c,ada,c++,go,d,fortran,objc,obj-c++,m2 --prefix=/usr --with-gcc-major-version-only --program-suffix=-13 --program-prefix=x86_64-linux-gnu- --enable-shared --enable-linker-build-id --libexecdir=/usr/libexec --without-included-gettext --enable-threads=posix --libdir=/usr/lib --enable-nls --enable-bootstrap --enable-clocale=gnu --enable-libstdcxx-debug --enable-libstdcxx-time=yes --with-default-libstdcxx-abi=new --enable-libstdcxx-backtrace --enable-gnu-unique-object --disable-vtable-verify --enable-plugin --enable-default-pie --with-system-zlib --enable-libphobos-checking=release --with-target-system-zlib=auto --enable-objc-gc=auto --enable-multiarch --disable-werror --enable-cet --with-arch-32=i686 --with-abi=m64 --with-multilib-list=m32,m64,mx32 --enable-multilib --with-tune=generic --enable-offload-targets=nvptx-none=/build/gcc-13-fG75Ri/gcc-13-13.3.0/debian/tmp-nvptx/usr,amdgcn-amdhsa=/build/gcc-13-fG75Ri/gcc-13-13.3.0/debian/tmp-gcn/usr --enable-offload-defaulted --without-cuda-driver --enable-checking=release --build=x86_64-linux-gnu --host=x86_64-linux-gnu --target=x86_64-linux-gnu --with-build-config=bootstrap-lto-lean --enable-link-serialization=2
Thread model: posix
Supported LTO compression algorithms: zlib zstd
gcc version 13.3.0 (Ubuntu 13.3.0-6ubuntu2~24.04) 
... rest of stderr output deleted ...
configure:2582: $? = 0
configure:2571: gcc -V >&5
gcc: error: unrecognized command-line option '-V'
gcc: fatal error: no input files
compilation terminated.
configure:2582: $? = 1
configure:2571: gcc -qversion >&5
gcc: error: unrecognized command-line option '-qversion'; did you mean '--version'?
gcc: fatal error: no input files
compilation terminated.
configure:2582: $? = 1
configure:2602: checking whether the C compiler works
configure:2624: gcc      -DNETMOD_INLINE=__netmod_inline_ofi__ -I/home/ismail/SLPerf/mpich-4.1/src/mpl/include -I/home/ismail/SLPerf/mpich-4.1/modules/json-c -I/home/ismail/SLPerf/mpich-4.1/modules/hwloc/include -D_REENTRANT -I/home/ismail/SLPerf/mpich-4.1/src/mpi/romio/include  conftest.c  >&5
configure:2628: $? = 0
configure:2676: result: yes
configure:2679: checking for C compiler default output file name
configure:2681: result: a.out
configure:2687: checking for suffix of executables
configure:2694: gcc -o conftest      -DNETMOD_INLINE=__netmod_inline_ofi__ -I/home/ismail/SLPerf/mpich-4.1/src/mpl/include -I/home/ismail/SLPerf/mpich-4.1/modules/json-c -I/home/ismail/SLPerf/mpich-4.1/modules/hwloc/include -D_REENTRANT -I/home/ismail/SLPerf/mpich-4.1/src/mpi/romio/include  conftest.c  >&5
configure:2698: $? = 0
configure:2720: result: 
configure:2742: checking whether we are cross compiling
configure:2750: gcc -o conftest      -DNETMOD_INLINE=__netmod_inline_ofi__ -I/home/ismail/SLPerf/mpich-4.1/src/mpl/include -I/home/ismail/SLPerf/mpich-4.1/modules/json-c -I/home/ismail/SLPerf/mpich-4.1/modules/hwloc/include -D_REENTRANT -I/home/ismail/SLPerf/mpich-4.1/src/mpi/romio/include  conftest.c  >&5
configure:2754: $? = 0
configure:2761: ./conftest
configure:2765: $? = 0
configure:2780: result: no
configure:2785: checking for suffix of object files
configure:2807: gcc -c      -DNETMOD_INLINE=__netmod_inline_ofi__ -I/home/ismail/SLPerf/mpich-4.1/src/mpl/include -I/home/ismail/SLPerf/mpich-4.1/modules/json-c -I/home/ismail/SLPerf/mpich-4.1/modules/hwloc/include -D_REENTRANT -I/home/ismail/SLPerf/mpich-4.1/src/mpi/romio/include conftest.c >&5
configure:2811: $? = 0
configure:2832: result: o
configure:2836: checking whether we are using the GNU C compiler
configure:2855: gcc -c      -DNETMOD_INLINE=__netmod_inline_ofi__ -I/home/ismail/SLPerf/mpich-4.1/src/mpl/include -I/home/ismail/SLPerf/mpich-4.1/modules/json-c -I/home/ismail/SLPerf/mpich-4.1/modules/hwloc/include -D_REENTRANT -I/home/ismail/SLPerf/mpich-4.1/src/mpi/romio/include conftest.c >&5
configure:2855: $? = 0
configure:2864: result: yes
configure:2873: checking whether gcc accepts -g
configure:2893: gcc -c -g   -DNETMOD_INLINE=__netmod_inline_ofi__ -I/home/ismail/SLPerf/mpich-4.1/src/mpl/include -I/home/ismail/SLPerf/mpich-4.1/modules/json-c -I/home/ismail/SLPerf/mpich-4.1/modules/hwloc/include -D_REENTRANT -I/home/ismail/SLPerf/mpich-4.1/src/mpi/romio/include conftest.c >&5
configure:2893: $? = 0
configure:2934: result: yes
configure:2951: checking for gcc option to accept ISO C89
configure:3014: gcc  -c      -DNETMOD_INLINE=__netmod_inline_ofi__ -I/home/ismail/SLPerf/mpich-4.1/src/mpl/include -I/home/ismail/SLPerf/mpich-4.1/modules/json-c -I/home/ismail/SLPerf/mpich-4.1/modules/hwloc/include -D_REENTRANT -I/home/ismail/SLPerf/mpich-4.1/src/mpi/romio/include conftest.c >&5
configure:3014: $? = 0
configure:3027: result: none needed
configure:3052: checking whether gcc understands -c and -o together
configure:3074: gcc -c conftest.c -o conftest2.o
configure:3077: $? = 0
configure:3074: gcc -c conftest.c -o conftest2.o
configure:3077: $? = 0
configure:3089: result: yes
configure:3112: checking how to run the C preprocessor
configure:3143: gcc -E   -DNETMOD_INLINE=__netmod_inline_ofi__ -I/home/ismail/SLPerf/mpich-4.1/src/mpl/include -I/home/ismail/SLPerf/mpich-4.1/modules/json-c -I/home/ismail/SLPerf/mpich-4.1/modules/hwloc/include -D_REENTRANT -I/home/ismail/SLPerf/mpich-4.1/src/mpi/romio/include conftest.c
configure:3143: $? = 0
configure:3157: gcc -E   -DNETMOD_INLINE=__netmod_inline_ofi__ -I/home/ismail/SLPerf/mpich-4.1/src/mpl/include -I/home/ismail/SLPerf/mpich-4.1/modules/json-c -I/home/ismail/SLPerf/mpich-4.1/modules/hwloc/include -D_REENTRANT -I/home/ismail/SLPerf/mpich-4.1/src/mpi/romio/include conftest.c
conftest.c:9:10: fatal error: ac_nonexistent.h: No such file or directory
    9 | #include <ac_nonexistent.h>
      |          ^~~~~~~~~~~~~~~~~~
compilation terminated.
configure:3157: $? = 1
configure: failed program was:
| /* confdefs.h */
| #define PACKAGE_NAME "PMI"
| #define PACKAGE_TARNAME "pmi"
| #define PACKAGE_VERSION "1.2"
| #define PACKAGE_STRING "PMI 1.2"
| #define PACKAGE_BUGREPORT ""
| #define PACKAGE_URL ""
| /* end confdefs.h.  */
| #include <ac_nonexistent.h>
configure:3182: result: gcc -E
configure:3202: gcc -E   -DNETMOD_INLINE=__netmod_inline_ofi__ -I/home/ismail/SLPerf/mpich-4.1/src/mpl/include -I/home/ismail/SLPerf/mpich-4.1/modules/json-c -I/home/ismail/SLPerf/mpich-4.1/modules/hwloc/include -D_REENTRANT -I/home/ismail/SLPerf/mpich-4.1/src/mpi/romio/include conftest.c
configure:3202: $? = 0
configure:3216: gcc -E   -DNETMOD_INLINE=__netmod_inline_ofi__ -I/home/ismail/SLPerf/mpich-4.1/src/mpl/include -I/home/ismail/SLPerf/mpich-4.1/modules/json-c -I/home/ismail/SLPerf/mpich-4.1/modules/hwloc/include -D_REENTRANT -I/home/ismail/SLPerf/mpich-4.1/src/mpi/romio/include conftest.c
conftest.c:9:10: fatal error: ac_nonexistent.h: No such file or directory
    9 | #include <ac_nonexistent.h>
      |          ^~~~~~~~~~~~~~~~~~
compilation terminated.
configure:3216: $? = 1
configure: failed program was:
| /* confdefs.h */
| #define PACKAGE_NAME "PMI"
| #define PACKAGE_TARNAME "pmi"
| #define PACKAGE_VERSION "1.2"
| #define PACKAGE_STRING "PMI 1.2"
| #define PACKAGE_BUGREPORT ""
| #define PACKAGE_URL ""
| /* end confdefs.h.  */
| #include <ac_nonexistent.h>
configure:3245: checking for grep that handles long lines and -e
configure:3303: result: /usr/bin/grep
configure:3308: checking for egrep
configure:3370: result: /usr/bin/grep -E
configure:3375: checking for ANSI C header files
configure:3395: gcc -c      -DNETMOD_INLINE=__netmod_inline_ofi__ -I/home/ismail/SLPerf/mpich-4.1/src/mpl/include -I/home/ismail/SLPerf/mpich-4.1/modules/json-c -I/home/ismail/SLPerf/mpich-4.1/modules/hwloc/include -D_REENTRANT -I/home/ismail/SLPerf/mpich-4.1/src/mpi/romio/include conftest.c >&5
configure:3395: $? = 0
configure:3468: gcc -o conftest      -DNETMOD_INLINE=__netmod_inline_ofi__ -I/home/ismail/SLPerf/mpich-4.1/src/mpl/include -I/home/ismail/SLPerf/mpich-4.1/modules/json-c -I/home/ismail/SLPerf/mpich-4.1/modules/hwloc/include -D_REENTRANT -I/home/ismail/SLPerf/mpich-4.1/src/mpi/romio/include  conftest.c  >&5
configure:3468: $? = 0
configure:3468: ./conftest
configure:3468: $? = 0
configure:3479: result: yes
configure:3492: checking for sys/types.h
configure:3492: gcc -c      -DNETMOD_INLINE=__netmod_inline_ofi__ -I/home/ismail/SLPerf/mpich-4.1/src/mpl/include -I/home/ismail/SLPerf/mpich-4.1/modules/json-c -I/home/ismail/SLPerf/mpich-4.1/modules/hwloc/include -D_REENTRANT -I/home/ismail/SLPerf/mpich-4.1/src/mpi/romio/include conftest.c >&5
configure:3492: $? = 0
configure:3492: result: yes
configure:3492: checking for sys/stat.h
configure:3492: gcc -c      -DNETMOD_INLINE=__netmod_inline_ofi__ -I/home/ismail/SLPerf/mpich-4.1/src/mpl/include -I/home/ismail/SLPerf/mpich-4.1/modules/json-c -I/home/ismail/SLPerf/mpich-4.1/modules/hwloc/include -D_REENTRANT -I/home/ismail/SLPerf/mpich-4.1/src/mpi/romio/include conftest.c >&5
configure:3492: $? = 0
configure:3492: result: yes
configure:3492: checking for stdlib.h
configure:3492: gcc -c      -DNETMOD_INLINE=__netmod_inline_ofi__ -I/home/ismail/SLPerf/mpich-4.1/src/mpl/include -I/home/ismail/SLPerf/mpich-4.1/modules/json-c -I/home/ismail/SLPerf/mpich-4.1/modules/hwloc/include -D_REENTRANT -I/home/ismail/SLPerf/mpich-4.1/src/mpi/romio/include conftest.c >&5
configure:3492: $? = 0
configure:3492: result: yes
configure:3492: checking for string.h
configure:3492: gcc -c      -DNETMOD_INLINE=__netmod_inline_ofi__ -I/home/ismail/SLPerf/mpich-4.1/src/mpl/include -I/home/ismail/SLPerf/mpich-4.1/modules/json-c -I/home/ismail/SLPerf/mpich-4.1/modules/hwloc/include -D_REENTRANT -I/home/ismail/SLPerf/mpich-4.1/src/mpi/romio/include conftest.c >&5
configure:3492: $? = 0
configure:3492: result: yes
configure:3492: checking for memory.h
configure:3492: gcc -c      -DNETMOD_INLINE=__netmod_inline_ofi__ -I/home/ismail/SLPerf/mpich-4.1/src/mpl/include -I/home/ismail/SLPerf/mpich-4.1/modules/json-c -I/home/ismail/SLPerf/mpich-4.1/modules/hwloc/include -D_REENTRANT -I/home/ismail/SLPerf/mpich-4.1/src/mpi/romio/include conftest.c >&5
configure:3492: $? = 0
configure:3492: result: yes
configure:3492: checking for strings.h
configure:3492: gcc -c      -DNETMOD_INLINE=__netmod_inline_ofi__ -I/home/ismail/SLPerf/mpich-4.1/src/mpl/include -I/home/ismail/SLPerf/mpich-4.1/modules/json-c -I/home/ismail/SLPerf/mpich-4.1/modules/hwloc/include -D_REENTRANT -I/home/ismail/SLPerf/mpich-4.1/src/mpi/romio/include conftest.c >&5
configure:3492: $? = 0
configure:3492: result: yes
configure:3492: checking for inttypes.h
configure:3492: gcc -c      -DNETMOD_INLINE=__netmod_inline_ofi__ -I/home/ismail/SLPerf/mpich-4.1/src/mpl/include -I/home/ismail/SLPerf/mpich-4.1/modules/json-c -I/home/ismail/SLPerf/mpich-4.1/modules/hwloc/include -D_REENTRANT -I/home/ismail/SLPerf/mpich-4.1/src/mpi/romio/include conftest.c >&5
configure:3492: $? = 0
configure:3492: result: yes
configure:3492: checking for stdint.h
configure:3492: gcc -c      -DNETMOD_INLINE=__netmod_inline_ofi__ -I/home/ismail/SLPerf/mpich-4.1/src/mpl/include -I/home/ismail/SLPerf/mpich-4.1/modules/json-c -I/home/ismail/SLPerf/mpich-4.1/modules/hwloc/include -D_REENTRANT -I/home/ismail/SLPerf/mpich-4.1/src/mpi/romio/include conftest.c >&5
configure:3492: $? = 0
configure:3492: result: yes
configure:3492: checking for unistd.h
configure:3492: gcc -c      -DNETMOD_INLINE=__netmod_inline_ofi__ -I/home/ismail/SLPerf/mpich-4.1/src/mpl/include -I/home/ismail/SLPerf/mpich-4.1/modules/json-c -I/home/ismail/SLPerf/mpich-4.1/modules/hwloc/include -D_REENTRANT -I/home/ismail/SLPerf/mpich-4.1/src/mpi/romio/include conftest.c >&5
configure:3492: $? = 0
configure:3492: result: yes
configure:3505: checking minix/config.h usability
configure:3505: gcc -c      -DNETMOD_INLINE=__netmod_inline_ofi__ -I/home/ismail/SLPerf/mpich-4.1/src/mpl/include -I/home/ismail/SLPerf/mpich-4.1/modules/json-c -I/home/ismail/SLPerf/mpich-4.1/modules/hwloc/include -D_REENTRANT -I/home/ismail/SLPerf/mpich-4.1/src/mpi/romio/include conftest.c >&5
conftest.c:52:10: fatal error: minix/config.h: No such file or directory
   52 | #include <minix/config.h>
      |          ^~~~~~~~~~~~~~~~
compilation terminated.
configure:3505: $? = 1
configure: failed program was:
| /* confdefs.h */
| #define PACKAGE_NAME "PMI"
| #define PACKAGE_TARNAME "pmi"
| #define PACKAGE_VERSION "1.2"
| #define PACKAGE_STRING "PMI 1.2"
| #define PACKAGE_BUGREPORT ""
| #define PACKAGE_URL ""
| #define STDC_HEADERS 1
| #define HAVE_SYS_TYPES_H 1
| #define HAVE_SYS_STAT_H 1
| #define HAVE_STDLIB_H 1
| #define HAVE_STRING_H 1
| #define HAVE_MEMORY_H 1
| #define HAVE_STRINGS_H 1
| #define HAVE_INTTYPES_H 1
| #define HAVE_STDINT_H 1
| #define HAVE_UNISTD_H 1
| /* end confdefs.h.  */
| #include <stdio.h>
| #ifdef HAVE_SYS_TYPES_H
| # include <sys/types.h>
| #endif
| #ifdef HAVE_SYS_STAT_H
| # include <sys/stat.h>
| #endif
| #ifdef STDC_HEADERS
| # include <stdlib.h>
| # include <stddef.h>
| #else
| # ifdef HAVE_STDLIB_H
| #  include <stdlib.h>
| # endif
| #endif
| #ifdef HAVE_STRING_H
| # if !defined STDC_HEADERS && defined HAVE_MEMORY_H
| #  include <memory.h>
| # endif
| # include <string.h>
| #endif
| #ifdef HAVE_STRINGS_H
| # include <strings.h>
| #endif
| #ifdef HAVE_INTTYPES_H
| # include <inttypes.h>
| #endif
| #ifdef HAVE_STDINT_H
| # include <stdint.h>
| #endif
| #ifdef HAVE_UNISTD_H
| # include <unistd.h>
| #endif
| #include <minix/config.h>
configure:3505: result: no
configure:3505: checking minix/config.h presence
configure:3505: gcc -E   -DNETMOD_INLINE=__netmod_inline_ofi__ -I/home/ismail/SLPerf/mpich-4.1/src/mpl/include -I/home/ismail/SLPerf/mpich-4.1/modules/json-c -I/home/ismail/SLPerf/mpich-4.1/modules/hwloc/include -D_REENTRANT -I/home/ismail/SLPerf/mpich-4.1/src/mpi/romio/include conftest.c
conftest.c:19:10: fatal error: minix/config.h: No such file or directory
   19 | #include <minix/config.h>
      |          ^~~~~~~~~~~~~~~~
compilation terminated.
configure:3505: $? = 1
configure: failed program was:
| /* confdefs.h */
| #define PACKAGE_NAME "PMI"
| #define PACKAGE_TARNAME "pmi"
| #define PACKAGE_VERSION "1.2"
| #define PACKAGE_STRING "PMI 1.2"
| #define PACKAGE_BUGREPORT ""
| #define PACKAGE_URL ""
| #define STDC_HEADERS 1
| #define HAVE_SYS_TYPES_H 1
| #define HAVE_SYS_STAT_H 1
| #define HAVE_STDLIB_H 1
| #define HAVE_STRING_H 1
| #define HAVE_MEMORY_H 1
| #define HAVE_STRINGS_H 1
| #define HAVE_INTTYPES_H 1
| #define HAVE_STDINT_H 1
| #define HAVE_UNISTD_H 1
| /* end confdefs.h.  */
| #include <minix/config.h>
configure:3505: result: no
configure:3505: checking for minix/config.h
configure:3505: result: no
configure:3526: checking whether it is safe to define __EXTENSIONS__
configure:3544: gcc -c      -DNETMOD_INLINE=__netmod_inline_ofi__ -I/home/ismail/SLPerf/mpich-4.1/src/mpl/include -I/home/ismail/SLPerf/mpich-4.1/modules/json-c -I/home/ismail/SLPerf/mpich-4.1/modules/hwloc/include -D_REENTRANT -I/home/ismail/SLPerf/mpich-4.1/src/mpi/romio/include conftest.c >&5
configure:3544: $? = 0
configure:3551: result: yes
configure:3581: checking for a BSD-compatible install
configure:3649: result: /usr/bin/install -c
configure:3660: checking whether build environment is sane
configure:3715: result: yes
configure:3858: checking for a thread-safe mkdir -p
configure:3897: result: /usr/bin/mkdir -p
configure:3904: checking for gawk
configure:3920: found /usr/bin/gawk
configure:3931: result: gawk
configure:3942: checking whether make sets $(MAKE)
configure:3964: result: yes
configure:3986: checking whether make supports the include directive
configure:4001: make -f confmf.GNU && cat confinc.out
this is the am__doit target
configure:4004: $? = 0
configure:4023: result: yes (GNU style)
configure:4056: checking whether make supports nested variables
configure:4073: result: yes
configure:4158: checking dependency style of gcc
configure:4269: result: gcc3
configure:4352: checking whether make supports nested variables
configure:4369: result: yes
configure:4430: checking for ar
configure:4446: found /usr/bin/ar
configure:4457: result: ar
configure:4483: checking the archiver (ar) interface
configure:4499: gcc -c      -DNETMOD_INLINE=__netmod_inline_ofi__ -I/home/ismail/SLPerf/mpich-4.1/src/mpl/include -I/home/ismail/SLPerf/mpich-4.1/modules/json-c -I/home/ismail/SLPerf/mpich-4.1/modules/hwloc/include -D_REENTRANT -I/home/ismail/SLPerf/mpich-4.1/src/mpi/romio/include conftest.c >&5
configure:4499: $? = 0
configure:4501: ar cru libconftest.a conftest.o >&5
ar: `u' modifier ignored since `D' is the default (see `U')
configure:4504: $? = 0
configure:4532: result: ar
configure:4601: checking for gcc
configure:4628: result: gcc
configure:4857: checking for C compiler version
configure:4866: gcc --version >&5
gcc (Ubuntu 13.3.0-6ubuntu2~24.04) 13.3.0
Copyright (C) 2023 Free Software Foundation, Inc.
This is free software; see the source for copying conditions.  There is NO
warranty; not even for MERCHANTABILITY or FITNESS FOR A PARTICULAR PURPOSE.

configure:4877: $? = 0
configure:4866: gcc -v >&5
Using built-in specs.
COLLECT_GCC=gcc
COLLECT_LTO_WRAPPER=/usr/libexec/gcc/x86_64-linux-gnu/13/lto-wrapper
OFFLOAD_TARGET_NAMES=nvptx-none:amdgcn-amdhsa
OFFLOAD_TARGET_DEFAULT=1
Target: x86_64-linux-gnu
Configured with: ../src/configure -v --with-pkgversion='Ubuntu 13.3.0-6ubuntu2~24.04' --with-bugurl=file:///usr/share/doc/gcc-13/README.Bugs --enable-languages=c,ada,c++,go,d,fortran,objc,obj-c++,m2 --prefix=/usr --with-gcc-major-version-only --program-suffix=-13 --program-prefix=x86_64-linux-gnu- --enable-shared --enable-linker-build-id --libexecdir=/usr/libexec --without-included-gettext --enable-threads=posix --libdir=/usr/lib --enable-nls --enable-bootstrap --enable-clocale=gnu --enable-libstdcxx-debug --enable-libstdcxx-time=yes --with-default-libstdcxx-abi=new --enable-libstdcxx-backtrace --enable-gnu-unique-object --disable-vtable-verify --enable-plugin --enable-default-pie --with-system-zlib --enable-libphobos-checking=release --with-target-system-zlib=auto --enable-objc-gc=auto --enable-multiarch --disable-werror --enable-cet --with-arch-32=i686 --with-abi=m64 --with-multilib-list=m32,m64,mx32 --enable-multilib --with-tune=generic --enable-offload-targets=nvptx-none=/build/gcc-13-fG75Ri/gcc-13-13.3.0/debian/tmp-nvptx/usr,amdgcn-amdhsa=/build/gcc-13-fG75Ri/gcc-13-13.3.0/debian/tmp-gcn/usr --enable-offload-defaulted --without-cuda-driver --enable-checking=release --build=x86_64-linux-gnu --host=x86_64-linux-gnu --target=x86_64-linux-gnu --with-build-config=bootstrap-lto-lean --enable-link-serialization=2
Thread model: posix
Supported LTO compression algorithms: zlib zstd
gcc version 13.3.0 (Ubuntu 13.3.0-6ubuntu2~24.04) 
... rest of stderr output deleted ...
configure:4877: $? = 0
configure:4866: gcc -V >&5
gcc: error: unrecognized command-line option '-V'
gcc: fatal error: no input files
compilation terminated.
configure:4877: $? = 1
configure:4866: gcc -qversion >&5
gcc: error: unrecognized command-line option '-qversion'; did you mean '--version'?
gcc: fatal error: no input files
compilation terminated.
configure:4877: $? = 1
configure:4881: checking whether we are using the GNU C compiler
configure:4909: result: yes
configure:4918: checking whether gcc accepts -g
configure:4979: result: yes
configure:4996: checking for gcc option to accept ISO C89
configure:5072: result: none needed
configure:5097: checking whether gcc understands -c and -o together
configure:5134: result: yes
configure:5151: checking for gcc option to accept ISO C99
configure:5300: gcc  -c      -DNETMOD_INLINE=__netmod_inline_ofi__ -I/home/ismail/SLPerf/mpich-4.1/src/mpl/include -I/home/ismail/SLPerf/mpich-4.1/modules/json-c -I/home/ismail/SLPerf/mpich-4.1/modules/hwloc/include -D_REENTRANT -I/home/ismail/SLPerf/mpich-4.1/src/mpi/romio/include conftest.c >&5
configure:5300: $? = 0
configure:5313: result: none needed
configure:5331: checking for fgrep
configure:5393: result: /usr/bin/grep -F
configure:5398: checking if fgrep support -w option
configure:5402: result: yes
configure:5963: checking build system type
configure:5977: result: x86_64-pc-linux-gnu
configure:5997: checking host system type
configure:6010: result: x86_64-pc-linux-gnu
configure:6051: checking how to print strings
configure:6078: result: printf
configure:6099: checking for a sed that does not truncate output
configure:6163: result: /usr/bin/sed
configure:6211: checking for ld used by gcc
configure:6278: result: /usr/bin/ld
configure:6285: checking if the linker (/usr/bin/ld) is GNU ld
configure:6300: result: yes
configure:6312: checking for BSD- or MS-compatible name lister (nm)
configure:6366: result: /usr/bin/nm -B
configure:6496: checking the name lister (/usr/bin/nm -B) interface
configure:6503: gcc -c      -DNETMOD_INLINE=__netmod_inline_ofi__ -I/home/ismail/SLPerf/mpich-4.1/src/mpl/include -I/home/ismail/SLPerf/mpich-4.1/modules/json-c -I/home/ismail/SLPerf/mpich-4.1/modules/hwloc/include -D_REENTRANT -I/home/ismail/SLPerf/mpich-4.1/src/mpi/romio/include conftest.c >&5
configure:6506: /usr/bin/nm -B "conftest.o"
configure:6509: output
0000000000000000 B some_variable
configure:6516: result: BSD nm
configure:6519: checking whether ln -s works
configure:6523: result: yes
configure:6531: checking the maximum length of command line arguments
configure:6662: result: 1572864
configure:6710: checking how to convert x86_64-pc-linux-gnu file names to x86_64-pc-linux-gnu format
configure:6750: result: func_convert_file_noop
configure:6757: checking how to convert x86_64-pc-linux-gnu file names to toolchain format
configure:6777: result: func_convert_file_noop
configure:6784: checking for /usr/bin/ld option to reload object files
configure:6791: result: -r
configure:6865: checking for objdump
configure:6881: found /usr/bin/objdump
configure:6892: result: objdump
configure:6924: checking how to recognize dependent libraries
configure:7124: result: pass_all
configure:7209: checking for dlltool
configure:7239: result: no
configure:7269: checking how to associate runtime and link libraries
configure:7296: result: printf %s\n
configure:7420: checking for archiver @FILE support
configure:7437: gcc -c      -DNETMOD_INLINE=__netmod_inline_ofi__ -I/home/ismail/SLPerf/mpich-4.1/src/mpl/include -I/home/ismail/SLPerf/mpich-4.1/modules/json-c -I/home/ismail/SLPerf/mpich-4.1/modules/hwloc/include -D_REENTRANT -I/home/ismail/SLPerf/mpich-4.1/src/mpi/romio/include conftest.c >&5
configure:7437: $? = 0
configure:7440: ar cru libconftest.a @conftest.lst >&5
ar: `u' modifier ignored since `D' is the default (see `U')
configure:7443: $? = 0
configure:7448: ar cru libconftest.a @conftest.lst >&5
ar: `u' modifier ignored since `D' is the default (see `U')
ar: conftest.o: No such file or directory
configure:7451: $? = 1
configure:7463: result: @
configure:7521: checking for strip
configure:7537: found /usr/bin/strip
configure:7548: result: strip
configure:7620: checking for ranlib
configure:7636: found /usr/bin/ranlib
configure:7647: result: ranlib
configure:7749: checking command to parse /usr/bin/nm -B output from gcc object
configure:7902: gcc -c      -DNETMOD_INLINE=__netmod_inline_ofi__ -I/home/ismail/SLPerf/mpich-4.1/src/mpl/include -I/home/ismail/SLPerf/mpich-4.1/modules/json-c -I/home/ismail/SLPerf/mpich-4.1/modules/hwloc/include -D_REENTRANT -I/home/ismail/SLPerf/mpich-4.1/src/mpi/romio/include conftest.c >&5
configure:7905: $? = 0
configure:7909: /usr/bin/nm -B conftest.o \| sed -n -e 's/^.*[ ]\([ABCDGIRSTW][ABCDGIRSTW]*\)[ ][ ]*\([_A-Za-z][_A-Za-z0-9]*\)$/\1 \2 \2/p' | sed '/ __gnu_lto/d' \> conftest.nm
configure:7912: $? = 0
configure:7978: gcc -o conftest      -DNETMOD_INLINE=__netmod_inline_ofi__ -I/home/ismail/SLPerf/mpich-4.1/src/mpl/include -I/home/ismail/SLPerf/mpich-4.1/modules/json-c -I/home/ismail/SLPerf/mpich-4.1/modules/hwloc/include -D_REENTRANT -I/home/ismail/SLPerf/mpich-4.1/src/mpi/romio/include  conftest.c conftstm.o >&5
configure:7981: $? = 0
configure:8019: result: ok
configure:8066: checking for sysroot
configure:8096: result: no
configure:8103: checking for a working dd
configure:8141: result: /usr/bin/dd
configure:8145: checking how to truncate binary pipes
configure:8160: result: /usr/bin/dd bs=4096 count=1
configure:8296: gcc -c      -DNETMOD_INLINE=__netmod_inline_ofi__ -I/home/ismail/SLPerf/mpich-4.1/src/mpl/include -I/home/ismail/SLPerf/mpich-4.1/modules/json-c -I/home/ismail/SLPerf/mpich-4.1/modules/hwloc/include -D_REENTRANT -I/home/ismail/SLPerf/mpich-4.1/src/mpi/romio/include conftest.c >&5
configure:8299: $? = 0
configure:8489: checking for mt
configure:8505: found /usr/bin/mt
configure:8516: result: mt
configure:8539: checking if mt is a manifest tool
configure:8545: mt '-?'
configure:8553: result: no
configure:9222: checking for dlfcn.h
configure:9222: gcc -c      -DNETMOD_INLINE=__netmod_inline_ofi__ -I/home/ismail/SLPerf/mpich-4.1/src/mpl/include -I/home/ismail/SLPerf/mpich-4.1/modules/json-c -I/home/ismail/SLPerf/mpich-4.1/modules/hwloc/include -D_REENTRANT -I/home/ismail/SLPerf/mpich-4.1/src/mpi/romio/include conftest.c >&5
configure:9222: $? = 0
configure:9222: result: yes
configure:9478: checking for objdir
configure:9493: result: .libs
configure:9757: checking if gcc supports -fno-rtti -fno-exceptions
configure:9775: gcc -c      -DNETMOD_INLINE=__netmod_inline_ofi__ -I/home/ismail/SLPerf/mpich-4.1/src/mpl/include -I/home/ismail/SLPerf/mpich-4.1/modules/json-c -I/home/ismail/SLPerf/mpich-4.1/modules/hwloc/include -D_REENTRANT -I/home/ismail/SLPerf/mpich-4.1/src/mpi/romio/include -fno-rtti -fno-exceptions conftest.c >&5
cc1: warning: command-line option '-fno-rtti' is valid for C++/D/ObjC++ but not for C
configure:9779: $? = 0
configure:9792: result: no
configure:10159: checking for gcc option to produce PIC
configure:10166: result: -fPIC -DPIC
configure:10174: checking if gcc PIC flag -fPIC -DPIC works
configure:10192: gcc -c      -DNETMOD_INLINE=__netmod_inline_ofi__ -I/home/ismail/SLPerf/mpich-4.1/src/mpl/include -I/home/ismail/SLPerf/mpich-4.1/modules/json-c -I/home/ismail/SLPerf/mpich-4.1/modules/hwloc/include -D_REENTRANT -I/home/ismail/SLPerf/mpich-4.1/src/mpi/romio/include -fPIC -DPIC -DPIC conftest.c >&5
configure:10196: $? = 0
configure:10209: result: yes
configure:10238: checking if gcc static flag -static works
configure:10266: result: yes
configure:10281: checking if gcc supports -c -o file.o
configure:10302: gcc -c      -DNETMOD_INLINE=__netmod_inline_ofi__ -I/home/ismail/SLPerf/mpich-4.1/src/mpl/include -I/home/ismail/SLPerf/mpich-4.1/modules/json-c -I/home/ismail/SLPerf/mpich-4.1/modules/hwloc/include -D_REENTRANT -I/home/ismail/SLPerf/mpich-4.1/src/mpi/romio/include -o out/conftest2.o conftest.c >&5
configure:10306: $? = 0
configure:10328: result: yes
configure:10336: checking if gcc supports -c -o file.o
configure:10383: result: yes
configure:10416: checking whether the gcc linker (/usr/bin/ld -m elf_x86_64) supports shared libraries
configure:11689: result: yes
configure:11726: checking whether -lc should be explicitly linked in
configure:11734: gcc -c      -DNETMOD_INLINE=__netmod_inline_ofi__ -I/home/ismail/SLPerf/mpich-4.1/src/mpl/include -I/home/ismail/SLPerf/mpich-4.1/modules/json-c -I/home/ismail/SLPerf/mpich-4.1/modules/hwloc/include -D_REENTRANT -I/home/ismail/SLPerf/mpich-4.1/src/mpi/romio/include conftest.c >&5
configure:11737: $? = 0
configure:11752: gcc -shared  -fPIC -DPIC conftest.o  -v -Wl,-soname -Wl,conftest -o conftest 2\>\&1 \| /usr/bin/grep  -lc  \>/dev/null 2\>\&1
configure:11755: $? = 0
configure:11769: result: no
configure:11929: checking dynamic linker characteristics
configure:12510: gcc -o conftest      -DNETMOD_INLINE=__netmod_inline_ofi__ -I/home/ismail/SLPerf/mpich-4.1/src/mpl/include -I/home/ismail/SLPerf/mpich-4.1/modules/json-c -I/home/ismail/SLPerf/mpich-4.1/modules/hwloc/include -D_REENTRANT -I/home/ismail/SLPerf/mpich-4.1/src/mpi/romio/include  -Wl,-rpath -Wl,/foo conftest.c  >&5
configure:12510: $? = 0
configure:12788: result: GNU/Linux ld.so
configure:12910: checking how to hardcode library paths into programs
configure:12935: result: immediate
configure:13483: checking whether stripping libraries is possible
configure:13488: result: yes
configure:13523: checking if libtool supports shared libraries
configure:13525: result: yes
configure:13528: checking whether to build shared libraries
configure:13553: result: yes
configure:13556: checking whether to build static libraries
configure:13560: result: yes
configure:13658: checking if gcc supports -fvisibility=hidden
configure:13670: gcc -o conftest    -fvisibility=hidden -Werror   -DNETMOD_INLINE=__netmod_inline_ofi__ -I/home/ismail/SLPerf/mpich-4.1/src/mpl/include -I/home/ismail/SLPerf/mpich-4.1/modules/json-c -I/home/ismail/SLPerf/mpich-4.1/modules/hwloc/include -D_REENTRANT -I/home/ismail/SLPerf/mpich-4.1/src/mpi/romio/include  conftest.c  >&5
configure:13670: $? = 0
configure:13689: result: yes
configure:13698: checking whether to enable symbol visibility
configure:13700: result: yes (via -fvisibility=hidden)
configure:13765: sourcing /home/ismail/SLPerf/mpich-4.1/src/mpl/localdefs
CPPFLAGS(='  -DNETMOD_INLINE=__netmod_inline_ofi__') does not contain '-I/home/ismail/SLPerf/mpich-4.1/src/include', appending
CPPFLAGS(='  -DNETMOD_INLINE=__netmod_inline_ofi__ -I/home/ismail/SLPerf/mpich-4.1/src/include') contains '-I/home/ismail/SLPerf/mpich-4.1/src/include', not appending
configure:14077: checking for unistd.h
configure:14077: result: yes
configure:14077: checking for string.h
configure:14077: result: yes
configure:14077: checking for stdlib.h
configure:14077: result: yes
configure:14077: checking sys/socket.h usability
configure:14077: gcc -c    -fvisibility=hidden   -DNETMOD_INLINE=__netmod_inline_ofi__ -I/home/ismail/SLPerf/mpich-4.1/src/include conftest.c >&5
configure:14077: $? = 0
configure:14077: result: yes
configure:14077: checking sys/socket.h presence
configure:14077: gcc -E   -DNETMOD_INLINE=__netmod_inline_ofi__ -I/home/ismail/SLPerf/mpich-4.1/src/include conftest.c
configure:14077: $? = 0
configure:14077: result: yes
configure:14077: checking for sys/socket.h
configure:14077: result: yes
configure:14077: checking for strings.h
configure:14077: result: yes
configure:14077: checking assert.h usability
configure:14077: gcc -c    -fvisibility=hidden   -DNETMOD_INLINE=__netmod_inline_ofi__ -I/home/ismail/SLPerf/mpich-4.1/src/include conftest.c >&5
configure:14077: $? = 0
configure:14077: result: yes
configure:14077: checking assert.h presence
configure:14077: gcc -E   -DNETMOD_INLINE=__netmod_inline_ofi__ -I/home/ismail/SLPerf/mpich-4.1/src/include conftest.c
configure:14077: $? = 0
configure:14077: result: yes
configure:14077: checking for assert.h
configure:14077: result: yes
configure:14077: checking arpa/inet.h usability
configure:14077: gcc -c    -fvisibility=hidden   -DNETMOD_INLINE=__netmod_inline_ofi__ -I/home/ismail/SLPerf/mpich-4.1/src/include conftest.c >&5
configure:14077: $? = 0
configure:14077: result: yes
configure:14077: checking arpa/inet.h presence
configure:14077: gcc -E   -DNETMOD_INLINE=__netmod_inline_ofi__ -I/home/ismail/SLPerf/mpich-4.1/src/include conftest.c
configure:14077: $? = 0
configure:14077: result: yes
configure:14077: checking for arpa/inet.h
configure:14077: result: yes
configure:14089: checking for snprintf
configure:14089: gcc -o conftest    -fvisibility=hidden   -DNETMOD_INLINE=__netmod_inline_ofi__ -I/home/ismail/SLPerf/mpich-4.1/src/include  conftest.c  >&5
conftest.c:63:6: warning: conflicting types for built-in function 'snprintf'; expected 'int(char *, long unsigned int,  const char *, ...)' [-Wbuiltin-declaration-mismatch]
   63 | char snprintf ();
      |      ^~~~~~~~
conftest.c:51:1: note: 'snprintf' is declared in header '<stdio.h>'
   50 | # include <limits.h>
   51 | #else
configure:14089: $? = 0
configure:14089: result: yes
configure:14100: checking whether snprintf needs a declaration
configure:14111: gcc -c    -fvisibility=hidden   -DNETMOD_INLINE=__netmod_inline_ofi__ -I/home/ismail/SLPerf/mpich-4.1/src/include conftest.c >&5
configure:14111: $? = 0
configure:14119: result: no
configure:14133: checking for strncasecmp
configure:14133: gcc -o conftest    -fvisibility=hidden   -DNETMOD_INLINE=__netmod_inline_ofi__ -I/home/ismail/SLPerf/mpich-4.1/src/include  conftest.c  >&5
conftest.c:64:6: warning: conflicting types for built-in function 'strncasecmp'; expected 'int(const char *, const char *, long unsigned int)' [-Wbuiltin-declaration-mismatch]
   64 | char strncasecmp ();
      |      ^~~~~~~~~~~
configure:14133: $? = 0
configure:14133: result: yes
configure:14153: checking whether __attribute__ allowed
configure:14170: gcc -c    -fvisibility=hidden   -DNETMOD_INLINE=__netmod_inline_ofi__ -I/home/ismail/SLPerf/mpich-4.1/src/include conftest.c >&5
configure:14170: $? = 0
configure:14178: result: yes
configure:14180: checking whether __attribute__((format)) allowed
configure:14197: gcc -c    -fvisibility=hidden   -DNETMOD_INLINE=__netmod_inline_ofi__ -I/home/ismail/SLPerf/mpich-4.1/src/include conftest.c >&5
configure:14197: $? = 0
configure:14205: result: yes
configure:14318: checking that generated files are newer than configure
configure:14324: result: done
configure:14351: creating ./config.status

## ---------------------- ##
## Running config.status. ##
## ---------------------- ##

This file was extended by PMI config.status 1.2, which was
generated by GNU Autoconf 2.69.  Invocation command line was

  CONFIG_FILES    = 
  CONFIG_HEADERS  = 
  CONFIG_LINKS    = 
  CONFIG_COMMANDS = 
  $ ./config.status 

on gpumulti

config.status:1112: creating Makefile
config.status:1112: creating include/pmi_config.h
config.status:1293: include/pmi_config.h is unchanged
config.status:1341: executing depfiles commands
config.status:1418: cd .       && sed -e '/# am--include-marker/d' Makefile         | make -f - am--depfiles
make: Nothing to be done for 'am--depfiles'.
config.status:1423: $? = 0
config.status:1341: executing libtool commands

## ---------------- ##
## Cache variables. ##
## ---------------- ##

ac_cv_build=x86_64-pc-linux-gnu
ac_cv_c_compiler_gnu=yes
ac_cv_env_CC_set=set
ac_cv_env_CC_value=gcc
ac_cv_env_CFLAGS_set=set
ac_cv_env_CFLAGS_value='  '
ac_cv_env_CPPFLAGS_set=set
ac_cv_env_CPPFLAGS_value='  -DNETMOD_INLINE=__netmod_inline_ofi__ -I/home/ismail/SLPerf/mpich-4.1/src/mpl/include -I/home/ismail/SLPerf/mpich-4.1/modules/json-c -I/home/ismail/SLPerf/mpich-4.1/modules/hwloc/include -D_REENTRANT -I/home/ismail/SLPerf/mpich-4.1/src/mpi/romio/include'
ac_cv_env_CPP_set=
ac_cv_env_CPP_value=
ac_cv_env_LDFLAGS_set=set
ac_cv_env_LDFLAGS_value=
ac_cv_env_LIBS_set=set
ac_cv_env_LIBS_value=
ac_cv_env_LT_SYS_LIBRARY_PATH_set=
ac_cv_env_LT_SYS_LIBRARY_PATH_value=
ac_cv_env_build_alias_set=
ac_cv_env_build_alias_value=
ac_cv_env_host_alias_set=
ac_cv_env_host_alias_value=
ac_cv_env_target_alias_set=
ac_cv_env_target_alias_value=
ac_cv_func_snprintf=yes
ac_cv_func_strncasecmp=yes
ac_cv_header_arpa_inet_h=yes
ac_cv_header_assert_h=yes
ac_cv_header_dlfcn_h=yes
ac_cv_header_inttypes_h=yes
ac_cv_header_memory_h=yes
ac_cv_header_minix_config_h=no
ac_cv_header_stdc=yes
ac_cv_header_stdint_h=yes
ac_cv_header_stdlib_h=yes
ac_cv_header_string_h=yes
ac_cv_header_strings_h=yes
ac_cv_header_sys_socket_h=yes
ac_cv_header_sys_stat_h=yes
ac_cv_header_sys_types_h=yes
ac_cv_header_unistd_h=yes
ac_cv_host=x86_64-pc-linux-gnu
ac_cv_objext=o
ac_cv_path_EGREP='/usr/bin/grep -E'
ac_cv_path_FGREP='/usr/bin/grep -F'
ac_cv_path_GREP=/usr/bin/grep
ac_cv_path_SED=/usr/bin/sed
ac_cv_path_install='/usr/bin/install -c'
ac_cv_path_lt_DD=/usr/bin/dd
ac_cv_path_mkdir=/usr/bin/mkdir
ac_cv_prog_AWK=gawk
ac_cv_prog_CPP='gcc -E'
ac_cv_prog_ac_ct_AR=ar
ac_cv_prog_ac_ct_CC=gcc
ac_cv_prog_ac_ct_MANIFEST_TOOL=mt
ac_cv_prog_ac_ct_OBJDUMP=objdump
ac_cv_prog_ac_ct_RANLIB=ranlib
ac_cv_prog_ac_ct_STRIP=strip
ac_cv_prog_cc_c89=
ac_cv_prog_cc_c99=
ac_cv_prog_cc_g=yes
ac_cv_prog_make_make_set=yes
ac_cv_safe_to_define___extensions__=yes
am_cv_CC_dependencies_compiler_type=gcc3
am_cv_ar_interface=ar
am_cv_make_support_nested_variables=yes
am_cv_prog_cc_c_o=yes
lt_cv_ar_at_file=@
lt_cv_archive_cmds_need_lc=no
lt_cv_deplibs_check_method=pass_all
lt_cv_file_magic_cmd='$MAGIC_CMD'
lt_cv_file_magic_test_file=
lt_cv_ld_reload_flag=-r
lt_cv_nm_interface='BSD nm'
lt_cv_objdir=.libs
lt_cv_path_LD=/usr/bin/ld
lt_cv_path_NM='/usr/bin/nm -B'
lt_cv_path_mainfest_tool=no
lt_cv_prog_compiler_c_o=yes
lt_cv_prog_compiler_pic='-fPIC -DPIC'
lt_cv_prog_compiler_pic_works=yes
lt_cv_prog_compiler_rtti_exceptions=no
lt_cv_prog_compiler_static_works=yes
lt_cv_prog_gnu_ld=yes
lt_cv_sharedlib_from_linklib_cmd='printf %s\n'
lt_cv_shlibpath_overrides_runpath=yes
lt_cv_sys_global_symbol_pipe='sed -n -e '\''s/^.*[	 ]\([ABCDGIRSTW][ABCDGIRSTW]*\)[	 ][	 ]*\([_A-Za-z][_A-Za-z0-9]*\)$/\1 \2 \2/p'\'' | sed '\''/ __gnu_lto/d'\'''
lt_cv_sys_global_symbol_to_c_name_address='sed -n -e '\''s/^: \(.*\) .*$/  {"\1", (void *) 0},/p'\'' -e '\''s/^[ABCDGIRSTW][ABCDGIRSTW]* .* \(.*\)$/  {"\1", (void *) \&\1},/p'\'''
lt_cv_sys_global_symbol_to_c_name_address_lib_prefix='sed -n -e '\''s/^: \(.*\) .*$/  {"\1", (void *) 0},/p'\'' -e '\''s/^[ABCDGIRSTW][ABCDGIRSTW]* .* \(lib.*\)$/  {"\1", (void *) \&\1},/p'\'' -e '\''s/^[ABCDGIRSTW][ABCDGIRSTW]* .* \(.*\)$/  {"lib\1", (void *) \&\1},/p'\'''
lt_cv_sys_global_symbol_to_cdecl='sed -n -e '\''s/^T .* \(.*\)$/extern int \1();/p'\'' -e '\''s/^[ABCDGIRSTW][ABCDGIRSTW]* .* \(.*\)$/extern char \1;/p'\'''
lt_cv_sys_global_symbol_to_import=
lt_cv_sys_max_cmd_len=1572864
lt_cv_to_host_file_cmd=func_convert_file_noop
lt_cv_to_tool_file_cmd=func_convert_file_noop
lt_cv_truncate_bin='/usr/bin/dd bs=4096 count=1'
pac_cv_func_decl_snprintf=no
pac_cv_gnu_attr_format=yes
pac_cv_gnu_attr_pure=yes

## ----------------- ##
## Output variables. ##
## ----------------- ##

ACLOCAL='${SHELL} '\''/home/ismail/SLPerf/mpich-4.1/src/pmi/confdb/missing'\'' aclocal-1.16'
AMDEPBACKSLASH='\'
AMDEP_FALSE='#'
AMDEP_TRUE=''
AMTAR='$${TAR-tar}'
AM_BACKSLASH='\'
AM_DEFAULT_V='$(AM_DEFAULT_VERBOSITY)'
AM_DEFAULT_VERBOSITY='0'
AM_V='$(V)'
AR='ar'
AUTOCONF='${SHELL} '\''/home/ismail/SLPerf/mpich-4.1/src/pmi/confdb/missing'\'' autoconf'
AUTOHEADER='${SHELL} '\''/home/ismail/SLPerf/mpich-4.1/src/pmi/confdb/missing'\'' autoheader'
AUTOMAKE='${SHELL} '\''/home/ismail/SLPerf/mpich-4.1/src/pmi/confdb/missing'\'' automake-1.16'
AWK='gawk'
CC='gcc'
CCDEPMODE='depmode=gcc3'
CFLAGS='   -fvisibility=hidden'
CPP='gcc -E'
CPPFLAGS='  -DNETMOD_INLINE=__netmod_inline_ofi__ -I/home/ismail/SLPerf/mpich-4.1/src/include'
CSCOPE='cscope'
CTAGS='ctags'
CYGPATH_W='echo'
DEFS='-DHAVE_CONFIG_H'
DEPDIR='.deps'
DLLTOOL='false'
DSYMUTIL=''
DUMPBIN=''
ECHO_C=''
ECHO_N='-n'
ECHO_T=''
EGREP='/usr/bin/grep -E'
EMBEDDED_MODE_FALSE='#'
EMBEDDED_MODE_TRUE=''
ETAGS='etags'
EXEEXT=''
FGREP='/usr/bin/grep -F'
GREP='/usr/bin/grep'
INSTALL_DATA='${INSTALL} -m 644'
INSTALL_PROGRAM='${INSTALL}'
INSTALL_SCRIPT='${INSTALL}'
INSTALL_STRIP_PROGRAM='$(install_sh) -c -s'
LD='/usr/bin/ld -m elf_x86_64'
LDFLAGS=''
LIBOBJS=''
LIBS=''
LIBTOOL='$(SHELL) $(top_builddir)/libtool'
LIPO=''
LN_S='ln -s'
LTLIBOBJS=''
LT_SYS_LIBRARY_PATH=''
MAKEINFO='${SHELL} '\''/home/ismail/SLPerf/mpich-4.1/src/pmi/confdb/missing'\'' makeinfo'
MANIFEST_TOOL=':'
MKDIR_P='/usr/bin/mkdir -p'
NM='/usr/bin/nm -B'
NMEDIT=''
OBJDUMP='objdump'
OBJEXT='o'
OTOOL64=''
OTOOL=''
PACKAGE='pmi'
PACKAGE_BUGREPORT=''
PACKAGE_NAME='PMI'
PACKAGE_STRING='PMI 1.2'
PACKAGE_TARNAME='pmi'
PACKAGE_URL=''
PACKAGE_VERSION='1.2'
PATH_SEPARATOR=':'
RANLIB='ranlib'
SED='/usr/bin/sed'
SET_MAKE=''
SHELL='/bin/bash'
STRIP='strip'
VERSION='1.2'
ac_ct_AR='ar'
ac_ct_CC='gcc'
ac_ct_DUMPBIN=''
am__EXEEXT_FALSE=''
am__EXEEXT_TRUE='#'
am__fastdepCC_FALSE='#'
am__fastdepCC_TRUE=''
am__include='include'
am__isrc=''
am__leading_dot='.'
am__nodep='_no'
am__quote=''
am__tar='$${TAR-tar} chof - "$$tardir"'
am__untar='$${TAR-tar} xf -'
bindir='${exec_prefix}/bin'
build='x86_64-pc-linux-gnu'
build_alias=''
build_cpu='x86_64'
build_os='linux-gnu'
build_vendor='pc'
datadir='${datarootdir}'
datarootdir='${prefix}/share'
docdir='${datarootdir}/doc/${PACKAGE_TARNAME}'
dvidir='${docdir}'
exec_prefix='${prefix}'
host='x86_64-pc-linux-gnu'
host_alias=''
host_cpu='x86_64'
host_os='linux-gnu'
host_vendor='pc'
htmldir='${docdir}'
includedir='${prefix}/include'
infodir='${datarootdir}/info'
install_sh='${SHELL} /home/ismail/SLPerf/mpich-4.1/src/pmi/confdb/install-sh'
libdir='${exec_prefix}/lib'
libexecdir='${exec_prefix}/libexec'
localedir='${datarootdir}/locale'
localstatedir='${prefix}/var'
mandir='${datarootdir}/man'
mkdir_p='$(MKDIR_P)'
mpl_includedir='-I/home/ismail/SLPerf/mpich-4.1/src/mpl/include -I/home/ismail/SLPerf/mpich-4.1/src/mpl/include'
mpl_lib=''
mpl_srcdir=''
oldincludedir='/usr/include'
pdfdir='${docdir}'
prefix='/home/ismail/mpich-install'
program_transform_name='s,x,x,'
psdir='${docdir}'
sbindir='${exec_prefix}/sbin'
sharedstatedir='${prefix}/com'
sysconfdir='${prefix}/etc'
target_alias=''

## ----------- ##
## confdefs.h. ##
## ----------- ##

/* confdefs.h */
#define PACKAGE_NAME "PMI"
#define PACKAGE_TARNAME "pmi"
#define PACKAGE_VERSION "1.2"
#define PACKAGE_STRING "PMI 1.2"
#define PACKAGE_BUGREPORT ""
#define PACKAGE_URL ""
#define STDC_HEADERS 1
#define HAVE_SYS_TYPES_H 1
#define HAVE_SYS_STAT_H 1
#define HAVE_STDLIB_H 1
#define HAVE_STRING_H 1
#define HAVE_MEMORY_H 1
#define HAVE_STRINGS_H 1
#define HAVE_INTTYPES_H 1
#define HAVE_STDINT_H 1
#define HAVE_UNISTD_H 1
#define __EXTENSIONS__ 1
#define _ALL_SOURCE 1
#define _GNU_SOURCE 1
#define _POSIX_PTHREAD_SEMANTICS 1
#define _TANDEM_SOURCE 1
#define PACKAGE "pmi"
#define VERSION "1.2"
#define HAVE_DLFCN_H 1
#define LT_OBJDIR ".libs/"
#define EMBEDDED_MODE 1
#define HAVE_VISIBILITY 1
#define HAVE_THREADS 1
#define HAVE_MPI_H 1
#define HAVE_ERROR_CHECKING 1
#define HAVE_UNISTD_H 1
#define HAVE_STRING_H 1
#define HAVE_STDLIB_H 1
#define HAVE_SYS_SOCKET_H 1
#define HAVE_STRINGS_H 1
#define HAVE_ASSERT_H 1
#define HAVE_ARPA_INET_H 1
#define HAVE_SNPRINTF 1
#define HAVE_STRNCASECMP 1
#define USE_PMI_PORT 1
#define HAVE_GCC_ATTRIBUTE 1

configure: exit 0
