This file contains any messages produced by compilers while
running configure, to aid debugging if configure makes a mistake.

It was created by json-c configure 0.13.99, which was
generated by GNU Autoconf 2.69.  Invocation command line was

  $ ./configure --disable-option-checking --prefix=/home/ismail/mpich-install --enable-embedded --disable-werror --disable-fortran --cache-file=/dev/null --srcdir=.

## --------- ##
## Platform. ##
## --------- ##

hostname = gpumulti
uname -m = x86_64
uname -r = 6.8.0-62-generic
uname -s = Linux
uname -v = #65-Ubuntu SMP PREEMPT_DYNAMIC Mon May 19 17:15:03 UTC 2025

/usr/bin/uname -p = x86_64
/bin/uname -X     = unknown

/bin/arch              = x86_64
/usr/bin/arch -k       = unknown
/usr/convex/getsysinfo = unknown
/usr/bin/hostinfo      = unknown
/bin/machine           = unknown
/usr/bin/oslevel       = unknown
/bin/universe          = unknown

PATH: /home/ismail/SLPerf/env/bin
PATH: /home/ismail/.vscode-server/cli/servers/Stable-6609ac3d66f4eade5cf376d1cb76f13985724bcb/server/bin/remote-cli
PATH: /usr/local/sbin
PATH: /usr/local/bin
PATH: /usr/sbin
PATH: /usr/bin
PATH: /sbin
PATH: /bin
PATH: /usr/games
PATH: /usr/local/games
PATH: /snap/bin
PATH: /home/ismail/.vscode-server/extensions/ms-python.debugpy-2025.10.0-linux-x64/bundled/scripts/noConfigScripts


## ----------- ##
## Core tests. ##
## ----------- ##

configure:2558: checking for a BSD-compatible install
configure:2626: result: /usr/bin/install -c
configure:2637: checking whether build environment is sane
configure:2692: result: yes
configure:2838: checking for a thread-safe mkdir -p
configure:2877: result: /usr/bin/mkdir -p
configure:2884: checking for gawk
configure:2900: found /usr/bin/gawk
configure:2911: result: gawk
configure:2922: checking whether make sets $(MAKE)
configure:2944: result: yes
configure:2973: checking whether make supports nested variables
configure:2990: result: yes
configure:3133: checking whether make sets $(MAKE)
configure:3155: result: yes
configure:3169: checking build system type
configure:3183: result: x86_64-pc-linux-gnu
configure:3203: checking host system type
configure:3216: result: x86_64-pc-linux-gnu
configure:3257: checking whether make supports the include directive
configure:3272: make -f confmf.GNU && cat confinc.out
this is the am__doit target
configure:3275: $? = 0
configure:3294: result: yes (GNU style)
configure:3364: checking for gcc
configure:3391: result: gcc
configure:3620: checking for C compiler version
configure:3629: gcc --version >&5
gcc (Ubuntu 13.3.0-6ubuntu2~24.04) 13.3.0
Copyright (C) 2023 Free Software Foundation, Inc.
This is free software; see the source for copying conditions.  There is NO
warranty; not even for MERCHANTABILITY or FITNESS FOR A PARTICULAR PURPOSE.

configure:3640: $? = 0
configure:3629: gcc -v >&5
Using built-in specs.
COLLECT_GCC=gcc
COLLECT_LTO_WRAPPER=/usr/libexec/gcc/x86_64-linux-gnu/13/lto-wrapper
OFFLOAD_TARGET_NAMES=nvptx-none:amdgcn-amdhsa
OFFLOAD_TARGET_DEFAULT=1
Target: x86_64-linux-gnu
Configured with: ../src/configure -v --with-pkgversion='Ubuntu 13.3.0-6ubuntu2~24.04' --with-bugurl=file:///usr/share/doc/gcc-13/README.Bugs --enable-languages=c,ada,c++,go,d,fortran,objc,obj-c++,m2 --prefix=/usr --with-gcc-major-version-only --program-suffix=-13 --program-prefix=x86_64-linux-gnu- --enable-shared --enable-linker-build-id --libexecdir=/usr/libexec --without-included-gettext --enable-threads=posix --libdir=/usr/lib --enable-nls --enable-bootstrap --enable-clocale=gnu --enable-libstdcxx-debug --enable-libstdcxx-time=yes --with-default-libstdcxx-abi=new --enable-libstdcxx-backtrace --enable-gnu-unique-object --disable-vtable-verify --enable-plugin --enable-default-pie --with-system-zlib --enable-libphobos-checking=release --with-target-system-zlib=auto --enable-objc-gc=auto --enable-multiarch --disable-werror --enable-cet --with-arch-32=i686 --with-abi=m64 --with-multilib-list=m32,m64,mx32 --enable-multilib --with-tune=generic --enable-offload-targets=nvptx-none=/build/gcc-13-fG75Ri/gcc-13-13.3.0/debian/tmp-nvptx/usr,amdgcn-amdhsa=/build/gcc-13-fG75Ri/gcc-13-13.3.0/debian/tmp-gcn/usr --enable-offload-defaulted --without-cuda-driver --enable-checking=release --build=x86_64-linux-gnu --host=x86_64-linux-gnu --target=x86_64-linux-gnu --with-build-config=bootstrap-lto-lean --enable-link-serialization=2
Thread model: posix
Supported LTO compression algorithms: zlib zstd
gcc version 13.3.0 (Ubuntu 13.3.0-6ubuntu2~24.04) 
... rest of stderr output deleted ...
configure:3640: $? = 0
configure:3629: gcc -V >&5
gcc: error: unrecognized command-line option '-V'
gcc: fatal error: no input files
compilation terminated.
configure:3640: $? = 1
configure:3629: gcc -qversion >&5
gcc: error: unrecognized command-line option '-qversion'; did you mean '--version'?
gcc: fatal error: no input files
compilation terminated.
configure:3640: $? = 1
configure:3660: checking whether the C compiler works
configure:3682: gcc      conftest.c  >&5
configure:3686: $? = 0
configure:3734: result: yes
configure:3737: checking for C compiler default output file name
configure:3739: result: a.out
configure:3745: checking for suffix of executables
configure:3752: gcc -o conftest      conftest.c  >&5
configure:3756: $? = 0
configure:3778: result: 
configure:3800: checking whether we are cross compiling
configure:3808: gcc -o conftest      conftest.c  >&5
configure:3812: $? = 0
configure:3819: ./conftest
configure:3823: $? = 0
configure:3838: result: no
configure:3843: checking for suffix of object files
configure:3865: gcc -c     conftest.c >&5
configure:3869: $? = 0
configure:3890: result: o
configure:3894: checking whether we are using the GNU C compiler
configure:3913: gcc -c     conftest.c >&5
configure:3913: $? = 0
configure:3922: result: yes
configure:3931: checking whether gcc accepts -g
configure:3951: gcc -c -g   conftest.c >&5
configure:3951: $? = 0
configure:3992: result: yes
configure:4009: checking for gcc option to accept ISO C89
configure:4072: gcc  -c     conftest.c >&5
configure:4072: $? = 0
configure:4085: result: none needed
configure:4110: checking whether gcc understands -c and -o together
configure:4132: gcc -c conftest.c -o conftest2.o
configure:4135: $? = 0
configure:4132: gcc -c conftest.c -o conftest2.o
configure:4135: $? = 0
configure:4147: result: yes
configure:4166: checking dependency style of gcc
configure:4277: result: gcc3
configure:4294: checking whether C compiler accepts option -fvisibility=hidden
configure:4349: gcc -o conftest      conftest.c  > pac_test1.log 2>&1
configure:4349: $? = 0
configure:4380: gcc -o conftest -fvisibility=hidden      conftest.c  > pac_test2.log 2>&1
configure:4380: $? = 0
configure:4388: diff -b pac_test1.log pac_test2.log > pac_test.log
configure:4391: $? = 0
configure:4491: result: yes
configure:4496: checking whether routines compiled with -fvisibility=hidden can be linked with ones compiled without -fvisibility=hidden
configure:4536: gcc -c     conftest.c > pac_test3.log 2>&1
configure:4536: $? = 0
configure:4540: mv conftest.o pac_conftest.o
configure:4543: $? = 0
configure:4586: gcc -o conftest      conftest.c pac_conftest.o  > pac_test4.log 2>&1
configure:4586: $? = 0
configure:4628: gcc -o conftest -fvisibility=hidden      conftest.c pac_conftest.o  > pac_test5.log 2>&1
configure:4628: $? = 0
configure:4636: diff -b pac_test4.log pac_test5.log > pac_test.log
configure:4639: $? = 0
configure:4778: result: yes
configure:4814: result: Multi-threaded support disabled. Use --enable-threading to enable.
configure:4833: result: RDRAND Hardware RNG Hash Seed disabled. Use --enable-rdrand to enable
configure:4849: checking whether make supports nested variables
configure:4866: result: yes
configure:4884: checking for gcc option to accept ISO C99
configure:5033: gcc  -c   -fvisibility=hidden   conftest.c >&5
configure:5033: $? = 0
configure:5046: result: none needed
configure:5070: checking how to run the C preprocessor
configure:5101: gcc -E   conftest.c
configure:5101: $? = 0
configure:5115: gcc -E   conftest.c
conftest.c:11:10: fatal error: ac_nonexistent.h: No such file or directory
   11 | #include <ac_nonexistent.h>
      |          ^~~~~~~~~~~~~~~~~~
compilation terminated.
configure:5115: $? = 1
configure: failed program was:
| /* confdefs.h */
| #define PACKAGE_NAME "json-c"
| #define PACKAGE_TARNAME "json-c"
| #define PACKAGE_VERSION "0.13.99"
| #define PACKAGE_STRING "json-c 0.13.99"
| #define PACKAGE_BUGREPORT "json-c@googlegroups.com"
| #define PACKAGE_URL ""
| #define PACKAGE "json-c"
| #define VERSION "0.13.99"
| /* end confdefs.h.  */
| #include <ac_nonexistent.h>
configure:5140: result: gcc -E
configure:5160: gcc -E   conftest.c
configure:5160: $? = 0
configure:5174: gcc -E   conftest.c
conftest.c:11:10: fatal error: ac_nonexistent.h: No such file or directory
   11 | #include <ac_nonexistent.h>
      |          ^~~~~~~~~~~~~~~~~~
compilation terminated.
configure:5174: $? = 1
configure: failed program was:
| /* confdefs.h */
| #define PACKAGE_NAME "json-c"
| #define PACKAGE_TARNAME "json-c"
| #define PACKAGE_VERSION "0.13.99"
| #define PACKAGE_STRING "json-c 0.13.99"
| #define PACKAGE_BUGREPORT "json-c@googlegroups.com"
| #define PACKAGE_URL ""
| #define PACKAGE "json-c"
| #define VERSION "0.13.99"
| /* end confdefs.h.  */
| #include <ac_nonexistent.h>
configure:5203: checking for grep that handles long lines and -e
configure:5261: result: /usr/bin/grep
configure:5266: checking for egrep
configure:5328: result: /usr/bin/grep -E
configure:5333: checking for ANSI C header files
configure:5353: gcc -c   -fvisibility=hidden   conftest.c >&5
configure:5353: $? = 0
configure:5426: gcc -o conftest   -fvisibility=hidden    conftest.c  >&5
configure:5426: $? = 0
configure:5426: ./conftest
configure:5426: $? = 0
configure:5437: result: yes
configure:5450: checking for sys/types.h
configure:5450: gcc -c   -fvisibility=hidden   conftest.c >&5
configure:5450: $? = 0
configure:5450: result: yes
configure:5450: checking for sys/stat.h
configure:5450: gcc -c   -fvisibility=hidden   conftest.c >&5
configure:5450: $? = 0
configure:5450: result: yes
configure:5450: checking for stdlib.h
configure:5450: gcc -c   -fvisibility=hidden   conftest.c >&5
configure:5450: $? = 0
configure:5450: result: yes
configure:5450: checking for string.h
configure:5450: gcc -c   -fvisibility=hidden   conftest.c >&5
configure:5450: $? = 0
configure:5450: result: yes
configure:5450: checking for memory.h
configure:5450: gcc -c   -fvisibility=hidden   conftest.c >&5
configure:5450: $? = 0
configure:5450: result: yes
configure:5450: checking for strings.h
configure:5450: gcc -c   -fvisibility=hidden   conftest.c >&5
configure:5450: $? = 0
configure:5450: result: yes
configure:5450: checking for inttypes.h
configure:5450: gcc -c   -fvisibility=hidden   conftest.c >&5
configure:5450: $? = 0
configure:5450: result: yes
configure:5450: checking for stdint.h
configure:5450: gcc -c   -fvisibility=hidden   conftest.c >&5
configure:5450: $? = 0
configure:5450: result: yes
configure:5450: checking for unistd.h
configure:5450: gcc -c   -fvisibility=hidden   conftest.c >&5
configure:5450: $? = 0
configure:5450: result: yes
configure:5465: checking fcntl.h usability
configure:5465: gcc -c   -fvisibility=hidden   conftest.c >&5
configure:5465: $? = 0
configure:5465: result: yes
configure:5465: checking fcntl.h presence
configure:5465: gcc -E   conftest.c
configure:5465: $? = 0
configure:5465: result: yes
configure:5465: checking for fcntl.h
configure:5465: result: yes
configure:5465: checking limits.h usability
configure:5465: gcc -c   -fvisibility=hidden   conftest.c >&5
configure:5465: $? = 0
configure:5465: result: yes
configure:5465: checking limits.h presence
configure:5465: gcc -E   conftest.c
configure:5465: $? = 0
configure:5465: result: yes
configure:5465: checking for limits.h
configure:5465: result: yes
configure:5465: checking for strings.h
configure:5465: result: yes
configure:5465: checking syslog.h usability
configure:5465: gcc -c   -fvisibility=hidden   conftest.c >&5
configure:5465: $? = 0
configure:5465: result: yes
configure:5465: checking syslog.h presence
configure:5465: gcc -E   conftest.c
configure:5465: $? = 0
configure:5465: result: yes
configure:5465: checking for syslog.h
configure:5465: result: yes
configure:5465: checking for unistd.h
configure:5465: result: yes
configure:5465: checking sys/cdefs.h usability
configure:5465: gcc -c   -fvisibility=hidden   conftest.c >&5
configure:5465: $? = 0
configure:5465: result: yes
configure:5465: checking sys/cdefs.h presence
configure:5465: gcc -E   conftest.c
configure:5465: $? = 0
configure:5465: result: yes
configure:5465: checking for sys/cdefs.h
configure:5465: result: yes
configure:5465: checking sys/param.h usability
configure:5465: gcc -c   -fvisibility=hidden   conftest.c >&5
configure:5465: $? = 0
configure:5465: result: yes
configure:5465: checking sys/param.h presence
configure:5465: gcc -E   conftest.c
configure:5465: $? = 0
configure:5465: result: yes
configure:5465: checking for sys/param.h
configure:5465: result: yes
configure:5465: checking stdarg.h usability
configure:5465: gcc -c   -fvisibility=hidden   conftest.c >&5
configure:5465: $? = 0
configure:5465: result: yes
configure:5465: checking stdarg.h presence
configure:5465: gcc -E   conftest.c
configure:5465: $? = 0
configure:5465: result: yes
configure:5465: checking for stdarg.h
configure:5465: result: yes
configure:5465: checking locale.h usability
configure:5465: gcc -c   -fvisibility=hidden   conftest.c >&5
configure:5465: $? = 0
configure:5465: result: yes
configure:5465: checking locale.h presence
configure:5465: gcc -E   conftest.c
configure:5465: $? = 0
configure:5465: result: yes
configure:5465: checking for locale.h
configure:5465: result: yes
configure:5465: checking xlocale.h usability
configure:5465: gcc -c   -fvisibility=hidden   conftest.c >&5
conftest.c:63:10: fatal error: xlocale.h: No such file or directory
   63 | #include <xlocale.h>
      |          ^~~~~~~~~~~
compilation terminated.
configure:5465: $? = 1
configure: failed program was:
| /* confdefs.h */
| #define PACKAGE_NAME "json-c"
| #define PACKAGE_TARNAME "json-c"
| #define PACKAGE_VERSION "0.13.99"
| #define PACKAGE_STRING "json-c 0.13.99"
| #define PACKAGE_BUGREPORT "json-c@googlegroups.com"
| #define PACKAGE_URL ""
| #define PACKAGE "json-c"
| #define VERSION "0.13.99"
| #define STDC_HEADERS 1
| #define HAVE_SYS_TYPES_H 1
| #define HAVE_SYS_STAT_H 1
| #define HAVE_STDLIB_H 1
| #define HAVE_STRING_H 1
| #define HAVE_MEMORY_H 1
| #define HAVE_STRINGS_H 1
| #define HAVE_INTTYPES_H 1
| #define HAVE_STDINT_H 1
| #define HAVE_UNISTD_H 1
| #define HAVE_FCNTL_H 1
| #define HAVE_LIMITS_H 1
| #define HAVE_STRINGS_H 1
| #define HAVE_SYSLOG_H 1
| #define HAVE_UNISTD_H 1
| #define HAVE_SYS_CDEFS_H 1
| #define HAVE_SYS_PARAM_H 1
| #define HAVE_STDARG_H 1
| #define HAVE_LOCALE_H 1
| /* end confdefs.h.  */
| #include <stdio.h>
| #ifdef HAVE_SYS_TYPES_H
| # include <sys/types.h>
| #endif
| #ifdef HAVE_SYS_STAT_H
| # include <sys/stat.h>
| #endif
| #ifdef STDC_HEADERS
| # include <stdlib.h>
| # include <stddef.h>
| #else
| # ifdef HAVE_STDLIB_H
| #  include <stdlib.h>
| # endif
| #endif
| #ifdef HAVE_STRING_H
| # if !defined STDC_HEADERS && defined HAVE_MEMORY_H
| #  include <memory.h>
| # endif
| # include <string.h>
| #endif
| #ifdef HAVE_STRINGS_H
| # include <strings.h>
| #endif
| #ifdef HAVE_INTTYPES_H
| # include <inttypes.h>
| #endif
| #ifdef HAVE_STDINT_H
| # include <stdint.h>
| #endif
| #ifdef HAVE_UNISTD_H
| # include <unistd.h>
| #endif
| #include <xlocale.h>
configure:5465: result: no
configure:5465: checking xlocale.h presence
configure:5465: gcc -E   conftest.c
conftest.c:30:10: fatal error: xlocale.h: No such file or directory
   30 | #include <xlocale.h>
      |          ^~~~~~~~~~~
compilation terminated.
configure:5465: $? = 1
configure: failed program was:
| /* confdefs.h */
| #define PACKAGE_NAME "json-c"
| #define PACKAGE_TARNAME "json-c"
| #define PACKAGE_VERSION "0.13.99"
| #define PACKAGE_STRING "json-c 0.13.99"
| #define PACKAGE_BUGREPORT "json-c@googlegroups.com"
| #define PACKAGE_URL ""
| #define PACKAGE "json-c"
| #define VERSION "0.13.99"
| #define STDC_HEADERS 1
| #define HAVE_SYS_TYPES_H 1
| #define HAVE_SYS_STAT_H 1
| #define HAVE_STDLIB_H 1
| #define HAVE_STRING_H 1
| #define HAVE_MEMORY_H 1
| #define HAVE_STRINGS_H 1
| #define HAVE_INTTYPES_H 1
| #define HAVE_STDINT_H 1
| #define HAVE_UNISTD_H 1
| #define HAVE_FCNTL_H 1
| #define HAVE_LIMITS_H 1
| #define HAVE_STRINGS_H 1
| #define HAVE_SYSLOG_H 1
| #define HAVE_UNISTD_H 1
| #define HAVE_SYS_CDEFS_H 1
| #define HAVE_SYS_PARAM_H 1
| #define HAVE_STDARG_H 1
| #define HAVE_LOCALE_H 1
| /* end confdefs.h.  */
| #include <xlocale.h>
configure:5465: result: no
configure:5465: checking for xlocale.h
configure:5465: result: no
configure:5465: checking endian.h usability
configure:5465: gcc -c   -fvisibility=hidden   conftest.c >&5
configure:5465: $? = 0
configure:5465: result: yes
configure:5465: checking endian.h presence
configure:5465: gcc -E   conftest.c
configure:5465: $? = 0
configure:5465: result: yes
configure:5465: checking for endian.h
configure:5465: result: yes
configure:5475: checking for inttypes.h
configure:5475: result: yes
configure:5485: checking for an ANSI C-conforming const
configure:5551: gcc -c   -fvisibility=hidden   conftest.c >&5
configure:5551: $? = 0
configure:5558: result: yes
configure:5566: checking for size_t
configure:5566: gcc -c   -fvisibility=hidden   conftest.c >&5
configure:5566: $? = 0
configure:5566: gcc -c   -fvisibility=hidden   conftest.c >&5
conftest.c: In function 'main':
conftest.c:68:21: error: expected expression before ')' token
   68 | if (sizeof ((size_t)))
      |                     ^
configure:5566: $? = 1
configure: failed program was:
| /* confdefs.h */
| #define PACKAGE_NAME "json-c"
| #define PACKAGE_TARNAME "json-c"
| #define PACKAGE_VERSION "0.13.99"
| #define PACKAGE_STRING "json-c 0.13.99"
| #define PACKAGE_BUGREPORT "json-c@googlegroups.com"
| #define PACKAGE_URL ""
| #define PACKAGE "json-c"
| #define VERSION "0.13.99"
| #define STDC_HEADERS 1
| #define HAVE_SYS_TYPES_H 1
| #define HAVE_SYS_STAT_H 1
| #define HAVE_STDLIB_H 1
| #define HAVE_STRING_H 1
| #define HAVE_MEMORY_H 1
| #define HAVE_STRINGS_H 1
| #define HAVE_INTTYPES_H 1
| #define HAVE_STDINT_H 1
| #define HAVE_UNISTD_H 1
| #define HAVE_FCNTL_H 1
| #define HAVE_LIMITS_H 1
| #define HAVE_STRINGS_H 1
| #define HAVE_SYSLOG_H 1
| #define HAVE_UNISTD_H 1
| #define HAVE_SYS_CDEFS_H 1
| #define HAVE_SYS_PARAM_H 1
| #define HAVE_STDARG_H 1
| #define HAVE_LOCALE_H 1
| #define HAVE_ENDIAN_H 1
| #define JSON_C_HAVE_INTTYPES_H 1
| /* end confdefs.h.  */
| #include <stdio.h>
| #ifdef HAVE_SYS_TYPES_H
| # include <sys/types.h>
| #endif
| #ifdef HAVE_SYS_STAT_H
| # include <sys/stat.h>
| #endif
| #ifdef STDC_HEADERS
| # include <stdlib.h>
| # include <stddef.h>
| #else
| # ifdef HAVE_STDLIB_H
| #  include <stdlib.h>
| # endif
| #endif
| #ifdef HAVE_STRING_H
| # if !defined STDC_HEADERS && defined HAVE_MEMORY_H
| #  include <memory.h>
| # endif
| # include <string.h>
| #endif
| #ifdef HAVE_STRINGS_H
| # include <strings.h>
| #endif
| #ifdef HAVE_INTTYPES_H
| # include <inttypes.h>
| #endif
| #ifdef HAVE_STDINT_H
| # include <stdint.h>
| #endif
| #ifdef HAVE_UNISTD_H
| # include <unistd.h>
| #endif
| int
| main ()
| {
| if (sizeof ((size_t)))
| 	    return 0;
|   ;
|   return 0;
| }
configure:5566: result: yes
configure:5578: checking for __thread support
configure:5595: gcc -o conftest   -fvisibility=hidden    conftest.c  >&5
conftest.c: In function 'main':
conftest.c:37:1: warning: implicit declaration of function 'exit' [-Wimplicit-function-declaration]
   37 | exit (foo (0));
      | ^~~~
conftest.c:1:1: note: include '<stdlib.h>' or provide a declaration of 'exit'
    1 | /* confdefs.h */
conftest.c:37:1: warning: incompatible implicit declaration of built-in function 'exit' [-Wbuiltin-declaration-mismatch]
   37 | exit (foo (0));
      | ^~~~
conftest.c:37:1: note: include '<stdlib.h>' or provide a declaration of 'exit'
configure:5595: $? = 0
configure:5604: result: yes
configure:5619: checking for vprintf
configure:5619: gcc -o conftest   -fvisibility=hidden    conftest.c  >&5
conftest.c:57:6: warning: conflicting types for built-in function 'vprintf'; expected 'int(const char *, __va_list_tag *)' [-Wbuiltin-declaration-mismatch]
   57 | char vprintf ();
      |      ^~~~~~~
conftest.c:45:1: note: 'vprintf' is declared in header '<stdio.h>'
   44 | # include <limits.h>
   45 | #else
configure:5619: $? = 0
configure:5619: result: yes
configure:5625: checking for _doprnt
configure:5625: gcc -o conftest   -fvisibility=hidden    conftest.c  >&5
/usr/bin/ld: /tmp/cc9qE7LZ.o: in function `main':
conftest.c:(.text+0xe): undefined reference to `_doprnt'
collect2: error: ld returned 1 exit status
configure:5625: $? = 1
configure: failed program was:
| /* confdefs.h */
| #define PACKAGE_NAME "json-c"
| #define PACKAGE_TARNAME "json-c"
| #define PACKAGE_VERSION "0.13.99"
| #define PACKAGE_STRING "json-c 0.13.99"
| #define PACKAGE_BUGREPORT "json-c@googlegroups.com"
| #define PACKAGE_URL ""
| #define PACKAGE "json-c"
| #define VERSION "0.13.99"
| #define STDC_HEADERS 1
| #define HAVE_SYS_TYPES_H 1
| #define HAVE_SYS_STAT_H 1
| #define HAVE_STDLIB_H 1
| #define HAVE_STRING_H 1
| #define HAVE_MEMORY_H 1
| #define HAVE_STRINGS_H 1
| #define HAVE_INTTYPES_H 1
| #define HAVE_STDINT_H 1
| #define HAVE_UNISTD_H 1
| #define HAVE_FCNTL_H 1
| #define HAVE_LIMITS_H 1
| #define HAVE_STRINGS_H 1
| #define HAVE_SYSLOG_H 1
| #define HAVE_UNISTD_H 1
| #define HAVE_SYS_CDEFS_H 1
| #define HAVE_SYS_PARAM_H 1
| #define HAVE_STDARG_H 1
| #define HAVE_LOCALE_H 1
| #define HAVE_ENDIAN_H 1
| #define JSON_C_HAVE_INTTYPES_H 1
| #define HAVE___THREAD 1
| #define SPEC___THREAD __thread
| #define HAVE_VPRINTF 1
| /* end confdefs.h.  */
| /* Define _doprnt to an innocuous variant, in case <limits.h> declares _doprnt.
|    For example, HP-UX 11i <limits.h> declares gettimeofday.  */
| #define _doprnt innocuous__doprnt
| 
| /* System header to define __stub macros and hopefully few prototypes,
|     which can conflict with char _doprnt (); below.
|     Prefer <limits.h> to <assert.h> if __STDC__ is defined, since
|     <limits.h> exists even on freestanding compilers.  */
| 
| #ifdef __STDC__
| # include <limits.h>
| #else
| # include <assert.h>
| #endif
| 
| #undef _doprnt
| 
| /* Override any GCC internal prototype to avoid an error.
|    Use char because int might match the return type of a GCC
|    builtin and then its argument prototype would still apply.  */
| #ifdef __cplusplus
| extern "C"
| #endif
| char _doprnt ();
| /* The GNU C library defines this for functions which it implements
|     to always fail with ENOSYS.  Some functions are actually named
|     something starting with __ and the normal name is an alias.  */
| #if defined __stub__doprnt || defined __stub____doprnt
| choke me
| #endif
| 
| int
| main ()
| {
| return _doprnt ();
|   ;
|   return 0;
| }
configure:5625: result: no
configure:5636: checking for working memcmp
configure:5679: gcc -o conftest   -fvisibility=hidden    conftest.c  >&5
configure:5679: $? = 0
configure:5679: ./conftest
configure:5679: $? = 0
configure:5689: result: yes
configure:5700: checking for realloc
configure:5700: gcc -o conftest   -fvisibility=hidden    conftest.c  >&5
conftest.c:58:6: warning: conflicting types for built-in function 'realloc'; expected 'void *(void *, long unsigned int)' [-Wbuiltin-declaration-mismatch]
   58 | char realloc ();
      |      ^~~~~~~
conftest.c:46:1: note: 'realloc' is declared in header '<stdlib.h>'
   45 | # include <limits.h>
   46 | #else
configure:5700: $? = 0
configure:5700: result: yes
configure:5712: checking for strcasecmp
configure:5712: gcc -o conftest   -fvisibility=hidden    conftest.c  >&5
conftest.c:59:6: warning: conflicting types for built-in function 'strcasecmp'; expected 'int(const char *, const char *)' [-Wbuiltin-declaration-mismatch]
   59 | char strcasecmp ();
      |      ^~~~~~~~~~
configure:5712: $? = 0
configure:5712: result: yes
configure:5712: checking for strdup
configure:5712: gcc -o conftest   -fvisibility=hidden    conftest.c  >&5
conftest.c:60:6: warning: conflicting types for built-in function 'strdup'; expected 'char *(const char *)' [-Wbuiltin-declaration-mismatch]
   60 | char strdup ();
      |      ^~~~~~
configure:5712: $? = 0
configure:5712: result: yes
configure:5712: checking for strerror
configure:5712: gcc -o conftest   -fvisibility=hidden    conftest.c  >&5
configure:5712: $? = 0
configure:5712: result: yes
configure:5712: checking for snprintf
configure:5712: gcc -o conftest   -fvisibility=hidden    conftest.c  >&5
conftest.c:62:6: warning: conflicting types for built-in function 'snprintf'; expected 'int(char *, long unsigned int,  const char *, ...)' [-Wbuiltin-declaration-mismatch]
   62 | char snprintf ();
      |      ^~~~~~~~
conftest.c:50:1: note: 'snprintf' is declared in header '<stdio.h>'
   49 | # include <limits.h>
   50 | #else
configure:5712: $? = 0
configure:5712: result: yes
configure:5712: checking for vsnprintf
configure:5712: gcc -o conftest   -fvisibility=hidden    conftest.c  >&5
conftest.c:63:6: warning: conflicting types for built-in function 'vsnprintf'; expected 'int(char *, long unsigned int,  const char *, __va_list_tag *)' [-Wbuiltin-declaration-mismatch]
   63 | char vsnprintf ();
      |      ^~~~~~~~~
conftest.c:51:1: note: 'vsnprintf' is declared in header '<stdio.h>'
   50 | # include <limits.h>
   51 | #else
configure:5712: $? = 0
configure:5712: result: yes
configure:5712: checking for open
configure:5712: gcc -o conftest   -fvisibility=hidden    conftest.c  >&5
configure:5712: $? = 0
configure:5712: result: yes
configure:5712: checking for strncasecmp
configure:5712: gcc -o conftest   -fvisibility=hidden    conftest.c  >&5
conftest.c:65:6: warning: conflicting types for built-in function 'strncasecmp'; expected 'int(const char *, const char *, long unsigned int)' [-Wbuiltin-declaration-mismatch]
   65 | char strncasecmp ();
      |      ^~~~~~~~~~~
configure:5712: $? = 0
configure:5712: result: yes
configure:5712: checking for setlocale
configure:5712: gcc -o conftest   -fvisibility=hidden    conftest.c  >&5
configure:5712: $? = 0
configure:5712: result: yes
configure:5721: checking whether INFINITY is declared
configure:5721: gcc -c   -fvisibility=hidden   conftest.c >&5
configure:5721: $? = 0
configure:5721: result: yes
configure:5733: checking whether nan is declared
configure:5733: gcc -c   -fvisibility=hidden   conftest.c >&5
configure:5733: $? = 0
configure:5733: result: yes
configure:5745: checking whether isnan is declared
configure:5745: gcc -c   -fvisibility=hidden   conftest.c >&5
configure:5745: $? = 0
configure:5745: result: yes
configure:5757: checking whether isinf is declared
configure:5757: gcc -c   -fvisibility=hidden   conftest.c >&5
configure:5757: $? = 0
configure:5757: result: yes
configure:5769: checking whether _isnan is declared
configure:5769: gcc -c   -fvisibility=hidden   conftest.c >&5
conftest.c: In function 'main':
conftest.c:57:10: error: '_isnan' undeclared (first use in this function)
   57 |   (void) _isnan;
      |          ^~~~~~
conftest.c:57:10: note: each undeclared identifier is reported only once for each function it appears in
configure:5769: $? = 1
configure: failed program was:
| /* confdefs.h */
| #define PACKAGE_NAME "json-c"
| #define PACKAGE_TARNAME "json-c"
| #define PACKAGE_VERSION "0.13.99"
| #define PACKAGE_STRING "json-c 0.13.99"
| #define PACKAGE_BUGREPORT "json-c@googlegroups.com"
| #define PACKAGE_URL ""
| #define PACKAGE "json-c"
| #define VERSION "0.13.99"
| #define STDC_HEADERS 1
| #define HAVE_SYS_TYPES_H 1
| #define HAVE_SYS_STAT_H 1
| #define HAVE_STDLIB_H 1
| #define HAVE_STRING_H 1
| #define HAVE_MEMORY_H 1
| #define HAVE_STRINGS_H 1
| #define HAVE_INTTYPES_H 1
| #define HAVE_STDINT_H 1
| #define HAVE_UNISTD_H 1
| #define HAVE_FCNTL_H 1
| #define HAVE_LIMITS_H 1
| #define HAVE_STRINGS_H 1
| #define HAVE_SYSLOG_H 1
| #define HAVE_UNISTD_H 1
| #define HAVE_SYS_CDEFS_H 1
| #define HAVE_SYS_PARAM_H 1
| #define HAVE_STDARG_H 1
| #define HAVE_LOCALE_H 1
| #define HAVE_ENDIAN_H 1
| #define JSON_C_HAVE_INTTYPES_H 1
| #define HAVE___THREAD 1
| #define SPEC___THREAD __thread
| #define HAVE_VPRINTF 1
| #define HAVE_REALLOC 1
| #define HAVE_STRCASECMP 1
| #define HAVE_STRDUP 1
| #define HAVE_STRERROR 1
| #define HAVE_SNPRINTF 1
| #define HAVE_VSNPRINTF 1
| #define HAVE_OPEN 1
| #define HAVE_STRNCASECMP 1
| #define HAVE_SETLOCALE 1
| #define HAVE_DECL_INFINITY 1
| #define HAVE_DECL_NAN 1
| #define HAVE_DECL_ISNAN 1
| #define HAVE_DECL_ISINF 1
| /* end confdefs.h.  */
| #include <float.h>
| 
| int
| main ()
| {
| #ifndef _isnan
| #ifdef __cplusplus
|   (void) _isnan;
| #else
|   (void) _isnan;
| #endif
| #endif
| 
|   ;
|   return 0;
| }
configure:5769: result: no
configure:5781: checking whether _finite is declared
configure:5781: gcc -c   -fvisibility=hidden   conftest.c >&5
conftest.c: In function 'main':
conftest.c:58:10: error: '_finite' undeclared (first use in this function)
   58 |   (void) _finite;
      |          ^~~~~~~
conftest.c:58:10: note: each undeclared identifier is reported only once for each function it appears in
configure:5781: $? = 1
configure: failed program was:
| /* confdefs.h */
| #define PACKAGE_NAME "json-c"
| #define PACKAGE_TARNAME "json-c"
| #define PACKAGE_VERSION "0.13.99"
| #define PACKAGE_STRING "json-c 0.13.99"
| #define PACKAGE_BUGREPORT "json-c@googlegroups.com"
| #define PACKAGE_URL ""
| #define PACKAGE "json-c"
| #define VERSION "0.13.99"
| #define STDC_HEADERS 1
| #define HAVE_SYS_TYPES_H 1
| #define HAVE_SYS_STAT_H 1
| #define HAVE_STDLIB_H 1
| #define HAVE_STRING_H 1
| #define HAVE_MEMORY_H 1
| #define HAVE_STRINGS_H 1
| #define HAVE_INTTYPES_H 1
| #define HAVE_STDINT_H 1
| #define HAVE_UNISTD_H 1
| #define HAVE_FCNTL_H 1
| #define HAVE_LIMITS_H 1
| #define HAVE_STRINGS_H 1
| #define HAVE_SYSLOG_H 1
| #define HAVE_UNISTD_H 1
| #define HAVE_SYS_CDEFS_H 1
| #define HAVE_SYS_PARAM_H 1
| #define HAVE_STDARG_H 1
| #define HAVE_LOCALE_H 1
| #define HAVE_ENDIAN_H 1
| #define JSON_C_HAVE_INTTYPES_H 1
| #define HAVE___THREAD 1
| #define SPEC___THREAD __thread
| #define HAVE_VPRINTF 1
| #define HAVE_REALLOC 1
| #define HAVE_STRCASECMP 1
| #define HAVE_STRDUP 1
| #define HAVE_STRERROR 1
| #define HAVE_SNPRINTF 1
| #define HAVE_VSNPRINTF 1
| #define HAVE_OPEN 1
| #define HAVE_STRNCASECMP 1
| #define HAVE_SETLOCALE 1
| #define HAVE_DECL_INFINITY 1
| #define HAVE_DECL_NAN 1
| #define HAVE_DECL_ISNAN 1
| #define HAVE_DECL_ISINF 1
| #define HAVE_DECL__ISNAN 0
| /* end confdefs.h.  */
| #include <float.h>
| 
| int
| main ()
| {
| #ifndef _finite
| #ifdef __cplusplus
|   (void) _finite;
| #else
|   (void) _finite;
| #endif
| #endif
| 
|   ;
|   return 0;
| }
configure:5781: result: no
configure:5793: checking for GCC atomic builtins
configure:5812: gcc -o conftest   -fvisibility=hidden    conftest.c  >&5
configure:5812: $? = 0
configure:5814: result: yes
configure:5835: checking for uselocale
configure:5835: gcc -o conftest   -fvisibility=hidden    conftest.c  >&5
configure:5835: $? = 0
configure:5835: result: yes
configure:5861: gcc -o conftest   -fvisibility=hidden    conftest.c  >&5
configure:5861: $? = 0
configure:5878: checking if .gnu.warning accepts long strings
configure:5889: gcc -o conftest   -fvisibility=hidden    conftest.c  >&5
configure:5889: $? = 0
configure:5894: result: yes
configure:5959: checking how to print strings
configure:5986: result: printf
configure:6007: checking for a sed that does not truncate output
configure:6071: result: /usr/bin/sed
configure:6089: checking for fgrep
configure:6151: result: /usr/bin/grep -F
configure:6186: checking for ld used by gcc
configure:6253: result: /usr/bin/ld
configure:6260: checking if the linker (/usr/bin/ld) is GNU ld
configure:6275: result: yes
configure:6287: checking for BSD- or MS-compatible name lister (nm)
configure:6341: result: /usr/bin/nm -B
configure:6471: checking the name lister (/usr/bin/nm -B) interface
configure:6478: gcc -c   -fvisibility=hidden   conftest.c >&5
configure:6481: /usr/bin/nm -B "conftest.o"
configure:6484: output
0000000000000000 B some_variable
configure:6491: result: BSD nm
configure:6494: checking whether ln -s works
configure:6498: result: yes
configure:6506: checking the maximum length of command line arguments
configure:6637: result: 1572864
configure:6685: checking how to convert x86_64-pc-linux-gnu file names to x86_64-pc-linux-gnu format
configure:6725: result: func_convert_file_noop
configure:6732: checking how to convert x86_64-pc-linux-gnu file names to toolchain format
configure:6752: result: func_convert_file_noop
configure:6759: checking for /usr/bin/ld option to reload object files
configure:6766: result: -r
configure:6840: checking for objdump
configure:6856: found /usr/bin/objdump
configure:6867: result: objdump
configure:6899: checking how to recognize dependent libraries
configure:7099: result: pass_all
configure:7184: checking for dlltool
configure:7214: result: no
configure:7244: checking how to associate runtime and link libraries
configure:7271: result: printf %s\n
configure:7331: checking for ar
configure:7347: found /usr/bin/ar
configure:7358: result: ar
configure:7395: checking for archiver @FILE support
configure:7412: gcc -c   -fvisibility=hidden   conftest.c >&5
configure:7412: $? = 0
configure:7415: ar cru libconftest.a @conftest.lst >&5
ar: `u' modifier ignored since `D' is the default (see `U')
configure:7418: $? = 0
configure:7423: ar cru libconftest.a @conftest.lst >&5
ar: `u' modifier ignored since `D' is the default (see `U')
ar: conftest.o: No such file or directory
configure:7426: $? = 1
configure:7438: result: @
configure:7496: checking for strip
configure:7512: found /usr/bin/strip
configure:7523: result: strip
configure:7595: checking for ranlib
configure:7611: found /usr/bin/ranlib
configure:7622: result: ranlib
configure:7724: checking command to parse /usr/bin/nm -B output from gcc object
configure:7877: gcc -c   -fvisibility=hidden   conftest.c >&5
configure:7880: $? = 0
configure:7884: /usr/bin/nm -B conftest.o \| sed -n -e 's/^.*[ ]\([ABCDGIRSTW][ABCDGIRSTW]*\)[ ][ ]*\([_A-Za-z][_A-Za-z0-9]*\)$/\1 \2 \2/p' | sed '/ __gnu_lto/d' \> conftest.nm
configure:7887: $? = 0
configure:7953: gcc -o conftest   -fvisibility=hidden    conftest.c conftstm.o >&5
configure:7956: $? = 0
configure:7994: result: ok
configure:8041: checking for sysroot
configure:8071: result: no
configure:8078: checking for a working dd
configure:8116: result: /usr/bin/dd
configure:8120: checking how to truncate binary pipes
configure:8135: result: /usr/bin/dd bs=4096 count=1
configure:8271: gcc -c   -fvisibility=hidden   conftest.c >&5
configure:8274: $? = 0
configure:8464: checking for mt
configure:8480: found /usr/bin/mt
configure:8491: result: mt
configure:8514: checking if mt is a manifest tool
configure:8520: mt '-?'
configure:8528: result: no
configure:9202: checking for dlfcn.h
configure:9202: gcc -c   -fvisibility=hidden   conftest.c >&5
configure:9202: $? = 0
configure:9202: result: yes
configure:9458: checking for objdir
configure:9473: result: .libs
configure:9737: checking if gcc supports -fno-rtti -fno-exceptions
configure:9755: gcc -c   -fvisibility=hidden   -fno-rtti -fno-exceptions conftest.c >&5
cc1: warning: command-line option '-fno-rtti' is valid for C++/D/ObjC++ but not for C
configure:9759: $? = 0
configure:9772: result: no
configure:10130: checking for gcc option to produce PIC
configure:10137: result: -fPIC -DPIC
configure:10145: checking if gcc PIC flag -fPIC -DPIC works
configure:10163: gcc -c   -fvisibility=hidden   -fPIC -DPIC -DPIC conftest.c >&5
configure:10167: $? = 0
configure:10180: result: yes
configure:10209: checking if gcc static flag -static works
configure:10237: result: yes
configure:10252: checking if gcc supports -c -o file.o
configure:10273: gcc -c   -fvisibility=hidden   -o out/conftest2.o conftest.c >&5
configure:10277: $? = 0
configure:10299: result: yes
configure:10307: checking if gcc supports -c -o file.o
configure:10354: result: yes
configure:10387: checking whether the gcc linker (/usr/bin/ld -m elf_x86_64) supports shared libraries
configure:11646: result: yes
configure:11683: checking whether -lc should be explicitly linked in
configure:11691: gcc -c   -fvisibility=hidden   conftest.c >&5
configure:11694: $? = 0
configure:11709: gcc -shared  -fPIC -DPIC conftest.o  -v -Wl,-soname -Wl,conftest -o conftest 2\>\&1 \| /usr/bin/grep  -lc  \>/dev/null 2\>\&1
configure:11712: $? = 0
configure:11726: result: no
configure:11886: checking dynamic linker characteristics
configure:12467: gcc -o conftest   -fvisibility=hidden    -Wl,-rpath -Wl,/foo conftest.c  >&5
configure:12467: $? = 0
configure:12704: result: GNU/Linux ld.so
configure:12826: checking how to hardcode library paths into programs
configure:12851: result: immediate
configure:13399: checking whether stripping libraries is possible
configure:13404: result: yes
configure:13439: checking if libtool supports shared libraries
configure:13441: result: yes
configure:13444: checking whether to build shared libraries
configure:13469: result: yes
configure:13472: checking whether to build static libraries
configure:13476: result: yes
configure:13526: checking for -Bsymbolic-functions linker flag
configure:13540: gcc -o conftest   -fvisibility=hidden   -Wl,-Bsymbolic-functions conftest.c  >&5
configure:13540: $? = 0
configure:13542: result: yes
configure:14081: checking whether C compiler accepts option -Wall
configure:14136: gcc -o conftest   -fvisibility=hidden    conftest.c  > pac_test1.log 2>&1
configure:14136: $? = 0
configure:14167: gcc -o conftest -Wall   -fvisibility=hidden    conftest.c  > pac_test2.log 2>&1
configure:14167: $? = 0
configure:14175: diff -b pac_test1.log pac_test2.log > pac_test.log
configure:14178: $? = 0
configure:14278: result: yes
configure:14283: checking whether routines compiled with -Wall can be linked with ones compiled without -Wall
configure:14323: gcc -c   -fvisibility=hidden   conftest.c > pac_test3.log 2>&1
configure:14323: $? = 0
configure:14327: mv conftest.o pac_conftest.o
configure:14330: $? = 0
configure:14373: gcc -o conftest   -fvisibility=hidden    conftest.c pac_conftest.o  > pac_test4.log 2>&1
configure:14373: $? = 0
configure:14415: gcc -o conftest -Wall   -fvisibility=hidden    conftest.c pac_conftest.o  > pac_test5.log 2>&1
configure:14415: $? = 0
configure:14423: diff -b pac_test4.log pac_test5.log > pac_test.log
configure:14426: $? = 0
configure:14565: result: yes
configure:14081: checking whether C compiler accepts option -Wcast-qual
configure:14136: gcc -o conftest   -fvisibility=hidden -Wall    conftest.c  > pac_test1.log 2>&1
configure:14136: $? = 0
configure:14167: gcc -o conftest -Wcast-qual   -fvisibility=hidden -Wall    conftest.c  > pac_test2.log 2>&1
configure:14167: $? = 0
configure:14175: diff -b pac_test1.log pac_test2.log > pac_test.log
configure:14178: $? = 0
configure:14278: result: yes
configure:14283: checking whether routines compiled with -Wcast-qual can be linked with ones compiled without -Wcast-qual
configure:14323: gcc -c   -fvisibility=hidden -Wall   conftest.c > pac_test3.log 2>&1
configure:14323: $? = 0
configure:14327: mv conftest.o pac_conftest.o
configure:14330: $? = 0
configure:14373: gcc -o conftest   -fvisibility=hidden -Wall    conftest.c pac_conftest.o  > pac_test4.log 2>&1
configure:14373: $? = 0
configure:14415: gcc -o conftest -Wcast-qual   -fvisibility=hidden -Wall    conftest.c pac_conftest.o  > pac_test5.log 2>&1
configure:14415: $? = 0
configure:14423: diff -b pac_test4.log pac_test5.log > pac_test.log
configure:14426: $? = 0
configure:14565: result: yes
configure:14081: checking whether C compiler accepts option -Wno-error=deprecated-declarations
configure:14136: gcc -o conftest   -fvisibility=hidden -Wall -Wcast-qual    conftest.c  > pac_test1.log 2>&1
configure:14136: $? = 0
configure:14167: gcc -o conftest -Wno-error=deprecated-declarations   -fvisibility=hidden -Wall -Wcast-qual    conftest.c  > pac_test2.log 2>&1
configure:14167: $? = 0
configure:14175: diff -b pac_test1.log pac_test2.log > pac_test.log
configure:14178: $? = 0
configure:14278: result: yes
configure:14283: checking whether routines compiled with -Wno-error=deprecated-declarations can be linked with ones compiled without -Wno-error=deprecated-declarations
configure:14323: gcc -c   -fvisibility=hidden -Wall -Wcast-qual   conftest.c > pac_test3.log 2>&1
configure:14323: $? = 0
configure:14327: mv conftest.o pac_conftest.o
configure:14330: $? = 0
configure:14373: gcc -o conftest   -fvisibility=hidden -Wall -Wcast-qual    conftest.c pac_conftest.o  > pac_test4.log 2>&1
configure:14373: $? = 0
configure:14415: gcc -o conftest -Wno-error=deprecated-declarations   -fvisibility=hidden -Wall -Wcast-qual    conftest.c pac_conftest.o  > pac_test5.log 2>&1
configure:14415: $? = 0
configure:14423: diff -b pac_test4.log pac_test5.log > pac_test.log
configure:14426: $? = 0
configure:14565: result: yes
configure:14081: checking whether C compiler accepts option -Wextra
configure:14136: gcc -o conftest   -fvisibility=hidden -Wall -Wcast-qual -Wno-error=deprecated-declarations    conftest.c  > pac_test1.log 2>&1
configure:14136: $? = 0
configure:14167: gcc -o conftest -Wextra   -fvisibility=hidden -Wall -Wcast-qual -Wno-error=deprecated-declarations    conftest.c  > pac_test2.log 2>&1
configure:14167: $? = 0
configure:14175: diff -b pac_test1.log pac_test2.log > pac_test.log
configure:14178: $? = 0
configure:14278: result: yes
configure:14283: checking whether routines compiled with -Wextra can be linked with ones compiled without -Wextra
configure:14323: gcc -c   -fvisibility=hidden -Wall -Wcast-qual -Wno-error=deprecated-declarations   conftest.c > pac_test3.log 2>&1
configure:14323: $? = 0
configure:14327: mv conftest.o pac_conftest.o
configure:14330: $? = 0
configure:14373: gcc -o conftest   -fvisibility=hidden -Wall -Wcast-qual -Wno-error=deprecated-declarations    conftest.c pac_conftest.o  > pac_test4.log 2>&1
configure:14373: $? = 0
configure:14415: gcc -o conftest -Wextra   -fvisibility=hidden -Wall -Wcast-qual -Wno-error=deprecated-declarations    conftest.c pac_conftest.o  > pac_test5.log 2>&1
configure:14415: $? = 0
configure:14423: diff -b pac_test4.log pac_test5.log > pac_test.log
configure:14426: $? = 0
configure:14565: result: yes
configure:14081: checking whether C compiler accepts option -Wwrite-strings
configure:14136: gcc -o conftest   -fvisibility=hidden -Wall -Wcast-qual -Wno-error=deprecated-declarations -Wextra    conftest.c  > pac_test1.log 2>&1
configure:14136: $? = 0
configure:14167: gcc -o conftest -Wwrite-strings   -fvisibility=hidden -Wall -Wcast-qual -Wno-error=deprecated-declarations -Wextra    conftest.c  > pac_test2.log 2>&1
configure:14167: $? = 0
configure:14175: diff -b pac_test1.log pac_test2.log > pac_test.log
configure:14178: $? = 0
configure:14278: result: yes
configure:14283: checking whether routines compiled with -Wwrite-strings can be linked with ones compiled without -Wwrite-strings
configure:14323: gcc -c   -fvisibility=hidden -Wall -Wcast-qual -Wno-error=deprecated-declarations -Wextra   conftest.c > pac_test3.log 2>&1
configure:14323: $? = 0
configure:14327: mv conftest.o pac_conftest.o
configure:14330: $? = 0
configure:14373: gcc -o conftest   -fvisibility=hidden -Wall -Wcast-qual -Wno-error=deprecated-declarations -Wextra    conftest.c pac_conftest.o  > pac_test4.log 2>&1
configure:14373: $? = 0
configure:14415: gcc -o conftest -Wwrite-strings   -fvisibility=hidden -Wall -Wcast-qual -Wno-error=deprecated-declarations -Wextra    conftest.c pac_conftest.o  > pac_test5.log 2>&1
configure:14415: $? = 0
configure:14423: diff -b pac_test4.log pac_test5.log > pac_test.log
configure:14426: $? = 0
configure:14565: result: yes
configure:14081: checking whether C compiler accepts option -Wno-unused-parameter
configure:14136: gcc -o conftest   -fvisibility=hidden -Wall -Wcast-qual -Wno-error=deprecated-declarations -Wextra -Wwrite-strings    conftest.c  > pac_test1.log 2>&1
configure:14136: $? = 0
configure:14167: gcc -o conftest -Wno-unused-parameter   -fvisibility=hidden -Wall -Wcast-qual -Wno-error=deprecated-declarations -Wextra -Wwrite-strings    conftest.c  > pac_test2.log 2>&1
configure:14167: $? = 0
configure:14175: diff -b pac_test1.log pac_test2.log > pac_test.log
configure:14178: $? = 0
configure:14278: result: yes
configure:14283: checking whether routines compiled with -Wno-unused-parameter can be linked with ones compiled without -Wno-unused-parameter
configure:14323: gcc -c   -fvisibility=hidden -Wall -Wcast-qual -Wno-error=deprecated-declarations -Wextra -Wwrite-strings   conftest.c > pac_test3.log 2>&1
configure:14323: $? = 0
configure:14327: mv conftest.o pac_conftest.o
configure:14330: $? = 0
configure:14373: gcc -o conftest   -fvisibility=hidden -Wall -Wcast-qual -Wno-error=deprecated-declarations -Wextra -Wwrite-strings    conftest.c pac_conftest.o  > pac_test4.log 2>&1
configure:14373: $? = 0
configure:14415: gcc -o conftest -Wno-unused-parameter   -fvisibility=hidden -Wall -Wcast-qual -Wno-error=deprecated-declarations -Wextra -Wwrite-strings    conftest.c pac_conftest.o  > pac_test5.log 2>&1
configure:14415: $? = 0
configure:14423: diff -b pac_test4.log pac_test5.log > pac_test.log
configure:14426: $? = 0
configure:14565: result: yes
configure:14081: checking whether C compiler accepts option -D_GNU_SOURCE
configure:14136: gcc -o conftest   -fvisibility=hidden -Wall -Wcast-qual -Wno-error=deprecated-declarations -Wextra -Wwrite-strings -Wno-unused-parameter    conftest.c  > pac_test1.log 2>&1
configure:14136: $? = 0
configure:14167: gcc -o conftest -D_GNU_SOURCE   -fvisibility=hidden -Wall -Wcast-qual -Wno-error=deprecated-declarations -Wextra -Wwrite-strings -Wno-unused-parameter    conftest.c  > pac_test2.log 2>&1
configure:14167: $? = 0
configure:14175: diff -b pac_test1.log pac_test2.log > pac_test.log
configure:14178: $? = 0
configure:14278: result: yes
configure:14283: checking whether routines compiled with -D_GNU_SOURCE can be linked with ones compiled without -D_GNU_SOURCE
configure:14323: gcc -c   -fvisibility=hidden -Wall -Wcast-qual -Wno-error=deprecated-declarations -Wextra -Wwrite-strings -Wno-unused-parameter   conftest.c > pac_test3.log 2>&1
configure:14323: $? = 0
configure:14327: mv conftest.o pac_conftest.o
configure:14330: $? = 0
configure:14373: gcc -o conftest   -fvisibility=hidden -Wall -Wcast-qual -Wno-error=deprecated-declarations -Wextra -Wwrite-strings -Wno-unused-parameter    conftest.c pac_conftest.o  > pac_test4.log 2>&1
configure:14373: $? = 0
configure:14415: gcc -o conftest -D_GNU_SOURCE   -fvisibility=hidden -Wall -Wcast-qual -Wno-error=deprecated-declarations -Wextra -Wwrite-strings -Wno-unused-parameter    conftest.c pac_conftest.o  > pac_test5.log 2>&1
configure:14415: $? = 0
configure:14423: diff -b pac_test4.log pac_test5.log > pac_test.log
configure:14426: $? = 0
configure:14565: result: yes
configure:14081: checking whether C compiler accepts option -diag-disable=all
configure:14136: gcc -o conftest   -fvisibility=hidden -Wall -Wcast-qual -Wno-error=deprecated-declarations -Wextra -Wwrite-strings -Wno-unused-parameter -D_GNU_SOURCE    conftest.c  > pac_test1.log 2>&1
configure:14136: $? = 0
configure:14167: gcc -o conftest -diag-disable=all   -fvisibility=hidden -Wall -Wcast-qual -Wno-error=deprecated-declarations -Wextra -Wwrite-strings -Wno-unused-parameter -D_GNU_SOURCE    conftest.c  > pac_test2.log 2>&1
configure:14167: $? = 0
configure:14175: diff -b pac_test1.log pac_test2.log > pac_test.log
configure:14178: $? = 1
configure: program exited with status 1
*** diff -b pac_test1.log pac_test2.log :
0a1,12
> cc1: warning: unrecognized gcc debugging option: i
> cc1: warning: unrecognized gcc debugging option: g
> cc1: warning: unrecognized gcc debugging option: -
> cc1: warning: unrecognized gcc debugging option: d
> cc1: warning: unrecognized gcc debugging option: i
> cc1: warning: unrecognized gcc debugging option: s
> cc1: warning: unrecognized gcc debugging option: b
> cc1: warning: unrecognized gcc debugging option: l
> cc1: warning: unrecognized gcc debugging option: e
> cc1: warning: unrecognized gcc debugging option: =
> cc1: warning: unrecognized gcc debugging option: l
> cc1: warning: unrecognized gcc debugging option: l
configure:14278: result: no
configure:14590: checking whether __attribute__ allowed
configure:14607: gcc -c   -fvisibility=hidden -Wall -Wcast-qual -Wno-error=deprecated-declarations -Wextra -Wwrite-strings -Wno-unused-parameter -D_GNU_SOURCE   conftest.c >&5
conftest.c: In function 'main':
conftest.c:59:5: warning: unused variable 'a' [-Wunused-variable]
   59 | int a;
      |     ^
configure:14607: $? = 0
configure:14614: result: yes
configure:14616: checking whether __attribute__((format)) allowed
configure:14633: gcc -c   -fvisibility=hidden -Wall -Wcast-qual -Wno-error=deprecated-declarations -Wextra -Wwrite-strings -Wno-unused-parameter -D_GNU_SOURCE   conftest.c >&5
conftest.c: In function 'main':
conftest.c:59:5: warning: unused variable 'a' [-Wunused-variable]
   59 | int a;
      |     ^
configure:14633: $? = 0
configure:14640: result: yes
configure:14656: checking for compatibility with _REENTRANT and toolchain headers
configure:14671: gcc -o conftest   -fvisibility=hidden -Wall -Wcast-qual -Wno-error=deprecated-declarations -Wextra -Wwrite-strings -Wno-unused-parameter -D_GNU_SOURCE    conftest.c  >&5
configure:14671: $? = 0
configure:14673: result: yes
configure:14696: checking size of int
configure:14701: gcc -o conftest   -fvisibility=hidden -Wall -Wcast-qual -Wno-error=deprecated-declarations -Wextra -Wwrite-strings -Wno-unused-parameter -D_GNU_SOURCE -D_REENTRANT    conftest.c  >&5
configure:14701: $? = 0
configure:14701: ./conftest
configure:14701: $? = 0
configure:14715: result: 4
configure:14729: checking size of long
configure:14734: gcc -o conftest   -fvisibility=hidden -Wall -Wcast-qual -Wno-error=deprecated-declarations -Wextra -Wwrite-strings -Wno-unused-parameter -D_GNU_SOURCE -D_REENTRANT    conftest.c  >&5
configure:14734: $? = 0
configure:14734: ./conftest
configure:14734: $? = 0
configure:14748: result: 8
configure:14762: checking size of long long
configure:14767: gcc -o conftest   -fvisibility=hidden -Wall -Wcast-qual -Wno-error=deprecated-declarations -Wextra -Wwrite-strings -Wno-unused-parameter -D_GNU_SOURCE -D_REENTRANT    conftest.c  >&5
configure:14767: $? = 0
configure:14767: ./conftest
configure:14767: $? = 0
configure:14781: result: 8
configure:14795: checking size of size_t
configure:14800: gcc -o conftest   -fvisibility=hidden -Wall -Wcast-qual -Wno-error=deprecated-declarations -Wextra -Wwrite-strings -Wno-unused-parameter -D_GNU_SOURCE -D_REENTRANT    conftest.c  >&5
configure:14800: $? = 0
configure:14800: ./conftest
configure:14800: $? = 0
configure:14814: result: 8
configure:14828: checking size of int64_t
configure:14833: gcc -o conftest   -fvisibility=hidden -Wall -Wcast-qual -Wno-error=deprecated-declarations -Wextra -Wwrite-strings -Wno-unused-parameter -D_GNU_SOURCE -D_REENTRANT    conftest.c  >&5
configure:14833: $? = 0
configure:14833: ./conftest
configure:14833: $? = 0
configure:14847: result: 8
configure:14962: checking that generated files are newer than configure
configure:14968: result: done
configure:14995: creating ./config.status

## ---------------------- ##
## Running config.status. ##
## ---------------------- ##

This file was extended by json-c config.status 0.13.99, which was
generated by GNU Autoconf 2.69.  Invocation command line was

  CONFIG_FILES    = 
  CONFIG_HEADERS  = 
  CONFIG_LINKS    = 
  CONFIG_COMMANDS = 
  $ ./config.status 

on gpumulti

config.status:1131: creating Makefile
config.status:1131: creating json-c.pc
config.status:1131: creating tests/Makefile
config.status:1131: creating json-c-uninstalled.pc
config.status:1131: creating config.h
config.status:1312: config.h is unchanged
config.status:1131: creating json_config.h
config.status:1312: json_config.h is unchanged
config.status:1360: executing depfiles commands
config.status:1437: cd .       && sed -e '/# am--include-marker/d' Makefile         | make -f - am--depfiles
make: Nothing to be done for 'am--depfiles'.
config.status:1442: $? = 0
config.status:1437: cd tests       && sed -e '/# am--include-marker/d' Makefile         | make -f - am--depfiles
make: Nothing to be done for 'am--depfiles'.
config.status:1442: $? = 0
config.status:1360: executing libtool commands

## ---------------- ##
## Cache variables. ##
## ---------------- ##

ac_cv___thread=yes
ac_cv_build=x86_64-pc-linux-gnu
ac_cv_c_compiler_gnu=yes
ac_cv_c_const=yes
ac_cv_env_CC_set=set
ac_cv_env_CC_value=gcc
ac_cv_env_CFLAGS_set=set
ac_cv_env_CFLAGS_value=' '
ac_cv_env_CPPFLAGS_set=set
ac_cv_env_CPPFLAGS_value=' '
ac_cv_env_CPP_set=
ac_cv_env_CPP_value=
ac_cv_env_LDFLAGS_set=set
ac_cv_env_LDFLAGS_value=
ac_cv_env_LIBS_set=set
ac_cv_env_LIBS_value=
ac_cv_env_LT_SYS_LIBRARY_PATH_set=
ac_cv_env_LT_SYS_LIBRARY_PATH_value=
ac_cv_env_build_alias_set=
ac_cv_env_build_alias_value=
ac_cv_env_host_alias_set=
ac_cv_env_host_alias_value=
ac_cv_env_target_alias_set=
ac_cv_env_target_alias_value=
ac_cv_func__doprnt=no
ac_cv_func_memcmp_working=yes
ac_cv_func_open=yes
ac_cv_func_realloc=yes
ac_cv_func_setlocale=yes
ac_cv_func_snprintf=yes
ac_cv_func_strcasecmp=yes
ac_cv_func_strdup=yes
ac_cv_func_strerror=yes
ac_cv_func_strncasecmp=yes
ac_cv_func_uselocale=yes
ac_cv_func_vprintf=yes
ac_cv_func_vsnprintf=yes
ac_cv_have_decl_INFINITY=yes
ac_cv_have_decl__finite=no
ac_cv_have_decl__isnan=no
ac_cv_have_decl_isinf=yes
ac_cv_have_decl_isnan=yes
ac_cv_have_decl_nan=yes
ac_cv_header_dlfcn_h=yes
ac_cv_header_endian_h=yes
ac_cv_header_fcntl_h=yes
ac_cv_header_inttypes_h=yes
ac_cv_header_limits_h=yes
ac_cv_header_locale_h=yes
ac_cv_header_memory_h=yes
ac_cv_header_stdarg_h=yes
ac_cv_header_stdc=yes
ac_cv_header_stdint_h=yes
ac_cv_header_stdlib_h=yes
ac_cv_header_string_h=yes
ac_cv_header_strings_h=yes
ac_cv_header_sys_cdefs_h=yes
ac_cv_header_sys_param_h=yes
ac_cv_header_sys_stat_h=yes
ac_cv_header_sys_types_h=yes
ac_cv_header_syslog_h=yes
ac_cv_header_unistd_h=yes
ac_cv_header_xlocale_h=no
ac_cv_host=x86_64-pc-linux-gnu
ac_cv_objext=o
ac_cv_path_EGREP='/usr/bin/grep -E'
ac_cv_path_FGREP='/usr/bin/grep -F'
ac_cv_path_GREP=/usr/bin/grep
ac_cv_path_SED=/usr/bin/sed
ac_cv_path_install='/usr/bin/install -c'
ac_cv_path_lt_DD=/usr/bin/dd
ac_cv_path_mkdir=/usr/bin/mkdir
ac_cv_prog_AWK=gawk
ac_cv_prog_CPP='gcc -E'
ac_cv_prog_ac_ct_AR=ar
ac_cv_prog_ac_ct_CC=gcc
ac_cv_prog_ac_ct_MANIFEST_TOOL=mt
ac_cv_prog_ac_ct_OBJDUMP=objdump
ac_cv_prog_ac_ct_RANLIB=ranlib
ac_cv_prog_ac_ct_STRIP=strip
ac_cv_prog_cc_c89=
ac_cv_prog_cc_c99=
ac_cv_prog_cc_g=yes
ac_cv_prog_make_make_set=yes
ac_cv_sizeof_int64_t=8
ac_cv_sizeof_int=4
ac_cv_sizeof_long=8
ac_cv_sizeof_long_long=8
ac_cv_sizeof_size_t=8
ac_cv_type_size_t=yes
am_cv_CC_dependencies_compiler_type=gcc3
am_cv_make_support_nested_variables=yes
am_cv_prog_cc_c_o=yes
lt_cv_ar_at_file=@
lt_cv_archive_cmds_need_lc=no
lt_cv_deplibs_check_method=pass_all
lt_cv_file_magic_cmd='$MAGIC_CMD'
lt_cv_file_magic_test_file=
lt_cv_ld_reload_flag=-r
lt_cv_nm_interface='BSD nm'
lt_cv_objdir=.libs
lt_cv_path_LD=/usr/bin/ld
lt_cv_path_NM='/usr/bin/nm -B'
lt_cv_path_mainfest_tool=no
lt_cv_prog_compiler_c_o=yes
lt_cv_prog_compiler_pic='-fPIC -DPIC'
lt_cv_prog_compiler_pic_works=yes
lt_cv_prog_compiler_rtti_exceptions=no
lt_cv_prog_compiler_static_works=yes
lt_cv_prog_gnu_ld=yes
lt_cv_sharedlib_from_linklib_cmd='printf %s\n'
lt_cv_shlibpath_overrides_runpath=yes
lt_cv_sys_global_symbol_pipe='sed -n -e '\''s/^.*[	 ]\([ABCDGIRSTW][ABCDGIRSTW]*\)[	 ][	 ]*\([_A-Za-z][_A-Za-z0-9]*\)$/\1 \2 \2/p'\'' | sed '\''/ __gnu_lto/d'\'''
lt_cv_sys_global_symbol_to_c_name_address='sed -n -e '\''s/^: \(.*\) .*$/  {"\1", (void *) 0},/p'\'' -e '\''s/^[ABCDGIRSTW][ABCDGIRSTW]* .* \(.*\)$/  {"\1", (void *) \&\1},/p'\'''
lt_cv_sys_global_symbol_to_c_name_address_lib_prefix='sed -n -e '\''s/^: \(.*\) .*$/  {"\1", (void *) 0},/p'\'' -e '\''s/^[ABCDGIRSTW][ABCDGIRSTW]* .* \(lib.*\)$/  {"\1", (void *) \&\1},/p'\'' -e '\''s/^[ABCDGIRSTW][ABCDGIRSTW]* .* \(.*\)$/  {"lib\1", (void *) \&\1},/p'\'''
lt_cv_sys_global_symbol_to_cdecl='sed -n -e '\''s/^T .* \(.*\)$/extern int \1();/p'\'' -e '\''s/^[ABCDGIRSTW][ABCDGIRSTW]* .* \(.*\)$/extern char \1;/p'\'''
lt_cv_sys_global_symbol_to_import=
lt_cv_sys_max_cmd_len=1572864
lt_cv_to_host_file_cmd=func_convert_file_noop
lt_cv_to_tool_file_cmd=func_convert_file_noop
lt_cv_truncate_bin='/usr/bin/dd bs=4096 count=1'
pac_cv_gnu_attr_format=yes
pac_cv_gnu_attr_pure=yes

## ----------------- ##
## Output variables. ##
## ----------------- ##

ACLOCAL='${SHELL} '\''/home/ismail/SLPerf/mpich-4.1/modules/json-c/missing'\'' aclocal-1.16'
AMDEPBACKSLASH='\'
AMDEP_FALSE='#'
AMDEP_TRUE=''
AMTAR='$${TAR-tar}'
AM_BACKSLASH='\'
AM_DEFAULT_V='$(AM_DEFAULT_VERBOSITY)'
AM_DEFAULT_VERBOSITY='0'
AM_V='$(V)'
AR='ar'
AUTOCONF='${SHELL} '\''/home/ismail/SLPerf/mpich-4.1/modules/json-c/missing'\'' autoconf'
AUTOHEADER='${SHELL} '\''/home/ismail/SLPerf/mpich-4.1/modules/json-c/missing'\'' autoheader'
AUTOMAKE='${SHELL} '\''/home/ismail/SLPerf/mpich-4.1/modules/json-c/missing'\'' automake-1.16'
AWK='gawk'
CC='gcc'
CCDEPMODE='depmode=gcc3'
CFLAGS='  -fvisibility=hidden -Wall -Wcast-qual -Wno-error=deprecated-declarations -Wextra -Wwrite-strings -Wno-unused-parameter -D_GNU_SOURCE -D_REENTRANT'
CPP='gcc -E'
CPPFLAGS=' '
CSCOPE='cscope'
CTAGS='ctags'
CYGPATH_W='echo'
DEFS='-DHAVE_CONFIG_H'
DEPDIR='.deps'
DLLTOOL='false'
DSYMUTIL=''
DUMPBIN=''
ECHO_C=''
ECHO_N='-n'
ECHO_T=''
EGREP='/usr/bin/grep -E'
EMBEDDED_BUILD_FALSE='#'
EMBEDDED_BUILD_TRUE=''
ETAGS='etags'
EXEEXT=''
FGREP='/usr/bin/grep -F'
GREP='/usr/bin/grep'
INSTALL_DATA='${INSTALL} -m 644'
INSTALL_PROGRAM='${INSTALL}'
INSTALL_SCRIPT='${INSTALL}'
INSTALL_STRIP_PROGRAM='$(install_sh) -c -s'
JSON_BSYMBOLIC_LDFLAGS='-Wl,-Bsymbolic-functions'
LD='/usr/bin/ld -m elf_x86_64'
LDFLAGS=''
LIBOBJS=''
LIBS=''
LIBTOOL='$(SHELL) $(top_builddir)/libtool'
LIPO=''
LN_S='ln -s'
LTLIBOBJS=''
LT_SYS_LIBRARY_PATH=''
MAKEINFO='${SHELL} '\''/home/ismail/SLPerf/mpich-4.1/modules/json-c/missing'\'' makeinfo'
MANIFEST_TOOL=':'
MKDIR_P='/usr/bin/mkdir -p'
NM='/usr/bin/nm -B'
NMEDIT=''
OBJDUMP='objdump'
OBJEXT='o'
OTOOL64=''
OTOOL=''
PACKAGE='json-c'
PACKAGE_BUGREPORT='json-c@googlegroups.com'
PACKAGE_NAME='json-c'
PACKAGE_STRING='json-c 0.13.99'
PACKAGE_TARNAME='json-c'
PACKAGE_URL=''
PACKAGE_VERSION='0.13.99'
PATH_SEPARATOR=':'
RANLIB='ranlib'
SED='/usr/bin/sed'
SET_MAKE=''
SHELL='/bin/bash'
STRIP='strip'
VERSION='0.13.99'
ac_ct_AR='ar'
ac_ct_CC='gcc'
ac_ct_DUMPBIN=''
am__EXEEXT_FALSE=''
am__EXEEXT_TRUE='#'
am__fastdepCC_FALSE='#'
am__fastdepCC_TRUE=''
am__include='include'
am__isrc=''
am__leading_dot='.'
am__nodep='_no'
am__quote=''
am__tar='$${TAR-tar} chof - "$$tardir"'
am__untar='$${TAR-tar} xf -'
bindir='${exec_prefix}/bin'
build='x86_64-pc-linux-gnu'
build_alias=''
build_cpu='x86_64'
build_os='linux-gnu'
build_vendor='pc'
datadir='${datarootdir}'
datarootdir='${prefix}/share'
docdir='${datarootdir}/doc/${PACKAGE_TARNAME}'
dvidir='${docdir}'
exec_prefix='${prefix}'
host='x86_64-pc-linux-gnu'
host_alias=''
host_cpu='x86_64'
host_os='linux-gnu'
host_vendor='pc'
htmldir='${docdir}'
includedir='${prefix}/include'
infodir='${datarootdir}/info'
install_sh='${SHELL} /home/ismail/SLPerf/mpich-4.1/modules/json-c/install-sh'
libdir='${exec_prefix}/lib'
libexecdir='${exec_prefix}/libexec'
localedir='${datarootdir}/locale'
localstatedir='${prefix}/var'
mandir='${datarootdir}/man'
mkdir_p='$(MKDIR_P)'
oldincludedir='/usr/include'
pdfdir='${docdir}'
prefix='/home/ismail/mpich-install'
program_transform_name='s,x,x,'
psdir='${docdir}'
sbindir='${exec_prefix}/sbin'
sharedstatedir='${prefix}/com'
sysconfdir='${prefix}/etc'
target_alias=''

## ----------- ##
## confdefs.h. ##
## ----------- ##

/* confdefs.h */
#define PACKAGE_NAME "json-c"
#define PACKAGE_TARNAME "json-c"
#define PACKAGE_VERSION "0.13.99"
#define PACKAGE_STRING "json-c 0.13.99"
#define PACKAGE_BUGREPORT "json-c@googlegroups.com"
#define PACKAGE_URL ""
#define PACKAGE "json-c"
#define VERSION "0.13.99"
#define STDC_HEADERS 1
#define HAVE_SYS_TYPES_H 1
#define HAVE_SYS_STAT_H 1
#define HAVE_STDLIB_H 1
#define HAVE_STRING_H 1
#define HAVE_MEMORY_H 1
#define HAVE_STRINGS_H 1
#define HAVE_INTTYPES_H 1
#define HAVE_STDINT_H 1
#define HAVE_UNISTD_H 1
#define HAVE_FCNTL_H 1
#define HAVE_LIMITS_H 1
#define HAVE_STRINGS_H 1
#define HAVE_SYSLOG_H 1
#define HAVE_UNISTD_H 1
#define HAVE_SYS_CDEFS_H 1
#define HAVE_SYS_PARAM_H 1
#define HAVE_STDARG_H 1
#define HAVE_LOCALE_H 1
#define HAVE_ENDIAN_H 1
#define JSON_C_HAVE_INTTYPES_H 1
#define HAVE___THREAD 1
#define SPEC___THREAD __thread
#define HAVE_VPRINTF 1
#define HAVE_REALLOC 1
#define HAVE_STRCASECMP 1
#define HAVE_STRDUP 1
#define HAVE_STRERROR 1
#define HAVE_SNPRINTF 1
#define HAVE_VSNPRINTF 1
#define HAVE_OPEN 1
#define HAVE_STRNCASECMP 1
#define HAVE_SETLOCALE 1
#define HAVE_DECL_INFINITY 1
#define HAVE_DECL_NAN 1
#define HAVE_DECL_ISNAN 1
#define HAVE_DECL_ISINF 1
#define HAVE_DECL__ISNAN 0
#define HAVE_DECL__FINITE 0
#define HAVE_ATOMIC_BUILTINS 1
#define HAVE_USELOCALE 1
#define HAS_GNU_WARNING_LONG 1
#define HAVE_DLFCN_H 1
#define LT_OBJDIR ".libs/"
#define HAVE_GCC_ATTRIBUTE 1
#define SIZEOF_INT 4
#define SIZEOF_LONG 8
#define SIZEOF_LONG_LONG 8
#define SIZEOF_SIZE_T 8
#define SIZEOF_INT64_T 8

configure: exit 0
