This file contains any messages produced by compilers while
running configure, to aid debugging if configure makes a mistake.

It was created by yaksa configure unreleased, which was
generated by GNU Autoconf 2.69.  Invocation command line was

  $ ./configure --disable-option-checking --prefix=/home/ismail/mpich-install --enable-embedded --disable-fortran --cache-file=/dev/null --srcdir=.

## --------- ##
## Platform. ##
## --------- ##

hostname = gpumulti
uname -m = x86_64
uname -r = 6.8.0-62-generic
uname -s = Linux
uname -v = #65-Ubuntu SMP PREEMPT_DYNAMIC Mon May 19 17:15:03 UTC 2025

/usr/bin/uname -p = x86_64
/bin/uname -X     = unknown

/bin/arch              = x86_64
/usr/bin/arch -k       = unknown
/usr/convex/getsysinfo = unknown
/usr/bin/hostinfo      = unknown
/bin/machine           = unknown
/usr/bin/oslevel       = unknown
/bin/universe          = unknown

PATH: /home/ismail/SLPerf/env/bin
PATH: /home/ismail/.vscode-server/cli/servers/Stable-6609ac3d66f4eade5cf376d1cb76f13985724bcb/server/bin/remote-cli
PATH: /usr/local/sbin
PATH: /usr/local/bin
PATH: /usr/sbin
PATH: /usr/bin
PATH: /sbin
PATH: /bin
PATH: /usr/games
PATH: /usr/local/games
PATH: /snap/bin
PATH: /home/ismail/.vscode-server/extensions/ms-python.debugpy-2025.10.0-linux-x64/bundled/scripts/noConfigScripts


## ----------- ##
## Core tests. ##
## ----------- ##

configure:2640: checking for a BSD-compatible install
configure:2708: result: /usr/bin/install -c
configure:2719: checking whether build environment is sane
configure:2774: result: yes
configure:2920: checking for a thread-safe mkdir -p
configure:2959: result: mkdir -p
configure:2966: checking for gawk
configure:2982: found /usr/bin/gawk
configure:2993: result: gawk
configure:3004: checking whether make sets $(MAKE)
configure:3026: result: yes
configure:3055: checking whether make supports nested variables
configure:3072: result: yes
configure:3223: checking whether make supports nested variables
configure:3240: result: yes
configure:3263: checking whether make supports the include directive
configure:3278: make -f confmf.GNU && cat confinc.out
this is the am__doit target
configure:3281: $? = 0
configure:3300: result: yes (GNU style)
configure:3370: checking for gcc
configure:3397: result: gcc
configure:3626: checking for C compiler version
configure:3635: gcc --version >&5
gcc (Ubuntu 13.3.0-6ubuntu2~24.04) 13.3.0
Copyright (C) 2023 Free Software Foundation, Inc.
This is free software; see the source for copying conditions.  There is NO
warranty; not even for MERCHANTABILITY or FITNESS FOR A PARTICULAR PURPOSE.

configure:3646: $? = 0
configure:3635: gcc -v >&5
Using built-in specs.
COLLECT_GCC=gcc
COLLECT_LTO_WRAPPER=/usr/libexec/gcc/x86_64-linux-gnu/13/lto-wrapper
OFFLOAD_TARGET_NAMES=nvptx-none:amdgcn-amdhsa
OFFLOAD_TARGET_DEFAULT=1
Target: x86_64-linux-gnu
Configured with: ../src/configure -v --with-pkgversion='Ubuntu 13.3.0-6ubuntu2~24.04' --with-bugurl=file:///usr/share/doc/gcc-13/README.Bugs --enable-languages=c,ada,c++,go,d,fortran,objc,obj-c++,m2 --prefix=/usr --with-gcc-major-version-only --program-suffix=-13 --program-prefix=x86_64-linux-gnu- --enable-shared --enable-linker-build-id --libexecdir=/usr/libexec --without-included-gettext --enable-threads=posix --libdir=/usr/lib --enable-nls --enable-bootstrap --enable-clocale=gnu --enable-libstdcxx-debug --enable-libstdcxx-time=yes --with-default-libstdcxx-abi=new --enable-libstdcxx-backtrace --enable-gnu-unique-object --disable-vtable-verify --enable-plugin --enable-default-pie --with-system-zlib --enable-libphobos-checking=release --with-target-system-zlib=auto --enable-objc-gc=auto --enable-multiarch --disable-werror --enable-cet --with-arch-32=i686 --with-abi=m64 --with-multilib-list=m32,m64,mx32 --enable-multilib --with-tune=generic --enable-offload-targets=nvptx-none=/build/gcc-13-fG75Ri/gcc-13-13.3.0/debian/tmp-nvptx/usr,amdgcn-amdhsa=/build/gcc-13-fG75Ri/gcc-13-13.3.0/debian/tmp-gcn/usr --enable-offload-defaulted --without-cuda-driver --enable-checking=release --build=x86_64-linux-gnu --host=x86_64-linux-gnu --target=x86_64-linux-gnu --with-build-config=bootstrap-lto-lean --enable-link-serialization=2
Thread model: posix
Supported LTO compression algorithms: zlib zstd
gcc version 13.3.0 (Ubuntu 13.3.0-6ubuntu2~24.04) 
... rest of stderr output deleted ...
configure:3646: $? = 0
configure:3635: gcc -V >&5
gcc: error: unrecognized command-line option '-V'
gcc: fatal error: no input files
compilation terminated.
configure:3646: $? = 1
configure:3635: gcc -qversion >&5
gcc: error: unrecognized command-line option '-qversion'; did you mean '--version'?
gcc: fatal error: no input files
compilation terminated.
configure:3646: $? = 1
configure:3666: checking whether the C compiler works
configure:3688: gcc      conftest.c  >&5
configure:3692: $? = 0
configure:3740: result: yes
configure:3743: checking for C compiler default output file name
configure:3745: result: a.out
configure:3751: checking for suffix of executables
configure:3758: gcc -o conftest      conftest.c  >&5
configure:3762: $? = 0
configure:3784: result: 
configure:3806: checking whether we are cross compiling
configure:3814: gcc -o conftest      conftest.c  >&5
configure:3818: $? = 0
configure:3825: ./conftest
configure:3829: $? = 0
configure:3844: result: no
configure:3849: checking for suffix of object files
configure:3871: gcc -c     conftest.c >&5
configure:3875: $? = 0
configure:3896: result: o
configure:3900: checking whether we are using the GNU C compiler
configure:3919: gcc -c     conftest.c >&5
configure:3919: $? = 0
configure:3928: result: yes
configure:3937: checking whether gcc accepts -g
configure:3957: gcc -c -g   conftest.c >&5
configure:3957: $? = 0
configure:3998: result: yes
configure:4015: checking for gcc option to accept ISO C89
configure:4078: gcc  -c     conftest.c >&5
configure:4078: $? = 0
configure:4091: result: none needed
configure:4116: checking whether gcc understands -c and -o together
configure:4138: gcc -c conftest.c -o conftest2.o
configure:4141: $? = 0
configure:4138: gcc -c conftest.c -o conftest2.o
configure:4141: $? = 0
configure:4153: result: yes
configure:4172: checking dependency style of gcc
configure:4283: result: gcc3
configure:4307: checking dependency style of gcc
configure:4416: result: gcc3
configure:4487: checking for ar
configure:4503: found /usr/bin/ar
configure:4514: result: ar
configure:4540: checking the archiver (ar) interface
configure:4556: gcc -c     conftest.c >&5
configure:4556: $? = 0
configure:4558: ar cru libconftest.a conftest.o >&5
ar: `u' modifier ignored since `D' is the default (see `U')
configure:4561: $? = 0
configure:4589: result: ar
configure:4639: checking build system type
configure:4653: result: x86_64-pc-linux-gnu
configure:4673: checking host system type
configure:4686: result: x86_64-pc-linux-gnu
configure:4727: checking how to print strings
configure:4754: result: printf
configure:4775: checking for a sed that does not truncate output
configure:4839: result: /usr/bin/sed
configure:4857: checking for grep that handles long lines and -e
configure:4915: result: /usr/bin/grep
configure:4920: checking for egrep
configure:4982: result: /usr/bin/grep -E
configure:4987: checking for fgrep
configure:5049: result: /usr/bin/grep -F
configure:5084: checking for ld used by gcc
configure:5151: result: /usr/bin/ld -m elf_x86_64
configure:5158: checking if the linker (/usr/bin/ld -m elf_x86_64) is GNU ld
configure:5173: result: yes
configure:5185: checking for BSD- or MS-compatible name lister (nm)
configure:5239: result: /usr/bin/nm -B
configure:5369: checking the name lister (/usr/bin/nm -B) interface
configure:5376: gcc -c     conftest.c >&5
configure:5379: /usr/bin/nm -B "conftest.o"
configure:5382: output
0000000000000000 B some_variable
configure:5389: result: BSD nm
configure:5392: checking whether ln -s works
configure:5396: result: yes
configure:5404: checking the maximum length of command line arguments
configure:5535: result: 1572864
configure:5583: checking how to convert x86_64-pc-linux-gnu file names to x86_64-pc-linux-gnu format
configure:5623: result: func_convert_file_noop
configure:5630: checking how to convert x86_64-pc-linux-gnu file names to toolchain format
configure:5650: result: func_convert_file_noop
configure:5657: checking for /usr/bin/ld -m elf_x86_64 option to reload object files
configure:5664: result: -r
configure:5738: checking for objdump
configure:5754: found /usr/bin/objdump
configure:5765: result: objdump
configure:5797: checking how to recognize dependent libraries
configure:5997: result: pass_all
configure:6082: checking for dlltool
configure:6112: result: no
configure:6142: checking how to associate runtime and link libraries
configure:6169: result: printf %s\n
configure:6293: checking for archiver @FILE support
configure:6310: gcc -c     conftest.c >&5
configure:6310: $? = 0
configure:6313: ar cru libconftest.a @conftest.lst >&5
ar: `u' modifier ignored since `D' is the default (see `U')
configure:6316: $? = 0
configure:6321: ar cru libconftest.a @conftest.lst >&5
ar: `u' modifier ignored since `D' is the default (see `U')
ar: conftest.o: No such file or directory
configure:6324: $? = 1
configure:6336: result: @
configure:6394: checking for strip
configure:6410: found /usr/bin/strip
configure:6421: result: strip
configure:6493: checking for ranlib
configure:6509: found /usr/bin/ranlib
configure:6520: result: ranlib
configure:6622: checking command to parse /usr/bin/nm -B output from gcc object
configure:6775: gcc -c     conftest.c >&5
configure:6778: $? = 0
configure:6782: /usr/bin/nm -B conftest.o \| sed -n -e 's/^.*[ ]\([ABCDGIRSTW][ABCDGIRSTW]*\)[ ][ ]*\([_A-Za-z][_A-Za-z0-9]*\)$/\1 \2 \2/p' | sed '/ __gnu_lto/d' \> conftest.nm
configure:6785: $? = 0
configure:6851: gcc -o conftest      conftest.c conftstm.o >&5
configure:6854: $? = 0
configure:6892: result: ok
configure:6939: checking for sysroot
configure:6969: result: no
configure:6976: checking for a working dd
configure:7014: result: /usr/bin/dd
configure:7018: checking how to truncate binary pipes
configure:7033: result: /usr/bin/dd bs=4096 count=1
configure:7169: gcc -c     conftest.c >&5
configure:7172: $? = 0
configure:7362: checking for mt
configure:7378: found /usr/bin/mt
configure:7389: result: mt
configure:7412: checking if mt is a manifest tool
configure:7418: mt '-?'
configure:7426: result: no
configure:8103: checking how to run the C preprocessor
configure:8134: gcc -E   conftest.c
configure:8134: $? = 0
configure:8148: gcc -E   conftest.c
conftest.c:11:10: fatal error: ac_nonexistent.h: No such file or directory
   11 | #include <ac_nonexistent.h>
      |          ^~~~~~~~~~~~~~~~~~
compilation terminated.
configure:8148: $? = 1
configure: failed program was:
| /* confdefs.h */
| #define PACKAGE_NAME "yaksa"
| #define PACKAGE_TARNAME "yaksa"
| #define PACKAGE_VERSION "unreleased"
| #define PACKAGE_STRING "yaksa unreleased"
| #define PACKAGE_BUGREPORT ""
| #define PACKAGE_URL ""
| #define PACKAGE "yaksa"
| #define VERSION "unreleased"
| /* end confdefs.h.  */
| #include <ac_nonexistent.h>
configure:8173: result: gcc -E
configure:8193: gcc -E   conftest.c
configure:8193: $? = 0
configure:8207: gcc -E   conftest.c
conftest.c:11:10: fatal error: ac_nonexistent.h: No such file or directory
   11 | #include <ac_nonexistent.h>
      |          ^~~~~~~~~~~~~~~~~~
compilation terminated.
configure:8207: $? = 1
configure: failed program was:
| /* confdefs.h */
| #define PACKAGE_NAME "yaksa"
| #define PACKAGE_TARNAME "yaksa"
| #define PACKAGE_VERSION "unreleased"
| #define PACKAGE_STRING "yaksa unreleased"
| #define PACKAGE_BUGREPORT ""
| #define PACKAGE_URL ""
| #define PACKAGE "yaksa"
| #define VERSION "unreleased"
| /* end confdefs.h.  */
| #include <ac_nonexistent.h>
configure:8236: checking for ANSI C header files
configure:8256: gcc -c     conftest.c >&5
configure:8256: $? = 0
configure:8329: gcc -o conftest      conftest.c  >&5
configure:8329: $? = 0
configure:8329: ./conftest
configure:8329: $? = 0
configure:8340: result: yes
configure:8353: checking for sys/types.h
configure:8353: gcc -c     conftest.c >&5
configure:8353: $? = 0
configure:8353: result: yes
configure:8353: checking for sys/stat.h
configure:8353: gcc -c     conftest.c >&5
configure:8353: $? = 0
configure:8353: result: yes
configure:8353: checking for stdlib.h
configure:8353: gcc -c     conftest.c >&5
configure:8353: $? = 0
configure:8353: result: yes
configure:8353: checking for string.h
configure:8353: gcc -c     conftest.c >&5
configure:8353: $? = 0
configure:8353: result: yes
configure:8353: checking for memory.h
configure:8353: gcc -c     conftest.c >&5
configure:8353: $? = 0
configure:8353: result: yes
configure:8353: checking for strings.h
configure:8353: gcc -c     conftest.c >&5
configure:8353: $? = 0
configure:8353: result: yes
configure:8353: checking for inttypes.h
configure:8353: gcc -c     conftest.c >&5
configure:8353: $? = 0
configure:8353: result: yes
configure:8353: checking for stdint.h
configure:8353: gcc -c     conftest.c >&5
configure:8353: $? = 0
configure:8353: result: yes
configure:8353: checking for unistd.h
configure:8353: gcc -c     conftest.c >&5
configure:8353: $? = 0
configure:8353: result: yes
configure:8367: checking for dlfcn.h
configure:8367: gcc -c     conftest.c >&5
configure:8367: $? = 0
configure:8367: result: yes
configure:8623: checking for objdir
configure:8638: result: .libs
configure:8902: checking if gcc supports -fno-rtti -fno-exceptions
configure:8920: gcc -c     -fno-rtti -fno-exceptions conftest.c >&5
cc1: warning: command-line option '-fno-rtti' is valid for C++/D/ObjC++ but not for C
configure:8924: $? = 0
configure:8937: result: no
configure:9295: checking for gcc option to produce PIC
configure:9302: result: -fPIC -DPIC
configure:9310: checking if gcc PIC flag -fPIC -DPIC works
configure:9328: gcc -c     -fPIC -DPIC -DPIC conftest.c >&5
configure:9332: $? = 0
configure:9345: result: yes
configure:9374: checking if gcc static flag -static works
configure:9402: result: yes
configure:9417: checking if gcc supports -c -o file.o
configure:9438: gcc -c     -o out/conftest2.o conftest.c >&5
configure:9442: $? = 0
configure:9464: result: yes
configure:9472: checking if gcc supports -c -o file.o
configure:9519: result: yes
configure:9552: checking whether the gcc linker (/usr/bin/ld -m elf_x86_64 -m elf_x86_64) supports shared libraries
configure:10811: result: yes
configure:10848: checking whether -lc should be explicitly linked in
configure:10856: gcc -c     conftest.c >&5
configure:10859: $? = 0
configure:10874: gcc -shared  -fPIC -DPIC conftest.o  -v -Wl,-soname -Wl,conftest -o conftest 2\>\&1 \| /usr/bin/grep  -lc  \>/dev/null 2\>\&1
configure:10877: $? = 0
configure:10891: result: no
configure:11051: checking dynamic linker characteristics
configure:11632: gcc -o conftest      -Wl,-rpath -Wl,/foo conftest.c  >&5
configure:11632: $? = 0
configure:11869: result: GNU/Linux ld.so
configure:11991: checking how to hardcode library paths into programs
configure:12016: result: immediate
configure:12564: checking whether stripping libraries is possible
configure:12569: result: yes
configure:12604: checking if libtool supports shared libraries
configure:12606: result: yes
configure:12609: checking whether to build shared libraries
configure:12634: result: yes
configure:12637: checking whether to build static libraries
configure:12641: result: yes
configure:12737: checking for gcc
configure:12764: result: gcc
configure:12993: checking for C compiler version
configure:13002: gcc --version >&5
gcc (Ubuntu 13.3.0-6ubuntu2~24.04) 13.3.0
Copyright (C) 2023 Free Software Foundation, Inc.
This is free software; see the source for copying conditions.  There is NO
warranty; not even for MERCHANTABILITY or FITNESS FOR A PARTICULAR PURPOSE.

configure:13013: $? = 0
configure:13002: gcc -v >&5
Using built-in specs.
COLLECT_GCC=gcc
COLLECT_LTO_WRAPPER=/usr/libexec/gcc/x86_64-linux-gnu/13/lto-wrapper
OFFLOAD_TARGET_NAMES=nvptx-none:amdgcn-amdhsa
OFFLOAD_TARGET_DEFAULT=1
Target: x86_64-linux-gnu
Configured with: ../src/configure -v --with-pkgversion='Ubuntu 13.3.0-6ubuntu2~24.04' --with-bugurl=file:///usr/share/doc/gcc-13/README.Bugs --enable-languages=c,ada,c++,go,d,fortran,objc,obj-c++,m2 --prefix=/usr --with-gcc-major-version-only --program-suffix=-13 --program-prefix=x86_64-linux-gnu- --enable-shared --enable-linker-build-id --libexecdir=/usr/libexec --without-included-gettext --enable-threads=posix --libdir=/usr/lib --enable-nls --enable-bootstrap --enable-clocale=gnu --enable-libstdcxx-debug --enable-libstdcxx-time=yes --with-default-libstdcxx-abi=new --enable-libstdcxx-backtrace --enable-gnu-unique-object --disable-vtable-verify --enable-plugin --enable-default-pie --with-system-zlib --enable-libphobos-checking=release --with-target-system-zlib=auto --enable-objc-gc=auto --enable-multiarch --disable-werror --enable-cet --with-arch-32=i686 --with-abi=m64 --with-multilib-list=m32,m64,mx32 --enable-multilib --with-tune=generic --enable-offload-targets=nvptx-none=/build/gcc-13-fG75Ri/gcc-13-13.3.0/debian/tmp-nvptx/usr,amdgcn-amdhsa=/build/gcc-13-fG75Ri/gcc-13-13.3.0/debian/tmp-gcn/usr --enable-offload-defaulted --without-cuda-driver --enable-checking=release --build=x86_64-linux-gnu --host=x86_64-linux-gnu --target=x86_64-linux-gnu --with-build-config=bootstrap-lto-lean --enable-link-serialization=2
Thread model: posix
Supported LTO compression algorithms: zlib zstd
gcc version 13.3.0 (Ubuntu 13.3.0-6ubuntu2~24.04) 
... rest of stderr output deleted ...
configure:13013: $? = 0
configure:13002: gcc -V >&5
gcc: error: unrecognized command-line option '-V'
gcc: fatal error: no input files
compilation terminated.
configure:13013: $? = 1
configure:13002: gcc -qversion >&5
gcc: error: unrecognized command-line option '-qversion'; did you mean '--version'?
gcc: fatal error: no input files
compilation terminated.
configure:13013: $? = 1
configure:13017: checking whether we are using the GNU C compiler
configure:13045: result: yes
configure:13054: checking whether gcc accepts -g
configure:13115: result: yes
configure:13132: checking for gcc option to accept ISO C89
configure:13208: result: none needed
configure:13233: checking whether gcc understands -c and -o together
configure:13270: result: yes
configure:13289: checking dependency style of gcc
configure:13400: result: gcc3
configure:13415: checking for gcc option to accept ISO C99
configure:13564: gcc  -c     conftest.c >&5
configure:13564: $? = 0
configure:13577: result: none needed
CFLAGS(=' ') does not contain '-std=c11', appending
configure:13617: checking whether C compiler accepts option -std=c11
configure:13669: gcc -o conftest   -std=c11    conftest.c  > pac_test1.log 2>&1
configure:13669: $? = 0
configure:13700: gcc -o conftest -std=c11   -std=c11    conftest.c  > pac_test2.log 2>&1
configure:13700: $? = 0
configure:13708: diff -b pac_test1.log pac_test2.log > pac_test.log
configure:13711: $? = 0
configure:13811: result: yes
configure:13827: checking whether C compiler option -std=c11 works with an invalid prototype program
configure:13835: gcc -o conftest -std=c11   -std=c11    conftest.c  >&5
configure:13835: $? = 0
configure:13842: result: yes
configure:13847: checking whether routines compiled with -std=c11 can be linked with ones compiled without -std=c11
configure:13887: gcc -c   -std=c11   conftest.c > pac_test3.log 2>&1
configure:13887: $? = 0
configure:13891: mv conftest.o pac_conftest.o
configure:13894: $? = 0
configure:13937: gcc -o conftest   -std=c11    conftest.c pac_conftest.o  > pac_test4.log 2>&1
configure:13937: $? = 0
configure:13979: gcc -o conftest -std=c11   -std=c11    conftest.c pac_conftest.o  > pac_test5.log 2>&1
configure:13979: $? = 0
configure:13987: diff -b pac_test4.log pac_test5.log > pac_test.log
configure:13990: $? = 0
configure:14129: result: yes
CFLAGS(=' ') does not contain '-std=c11', appending
configure:14764: checking if gcc supports -fvisibility=hidden
configure:14780: gcc -o conftest   -std=c11 -fvisibility=hidden -Werror    conftest.c  >&5
configure:14780: $? = 0
configure:14799: result: yes
configure:14808: checking whether to enable symbol visibility
configure:14810: result: yes (via -fvisibility=hidden)
CFLAGS(='  -std=c11') does not contain '-fvisibility=hidden', appending
configure:14840: checking for ANSI C header files
configure:14944: result: yes
CFLAGS(='  -std=c11 -fvisibility=hidden ') does not contain '-O2', appending
configure:15918: checking whether __attribute__ allowed
configure:15935: gcc -c   -std=c11 -fvisibility=hidden  -O2   conftest.c >&5
configure:15935: $? = 0
configure:15942: result: yes
configure:15944: checking whether __attribute__((format)) allowed
configure:15961: gcc -c   -std=c11 -fvisibility=hidden  -O2   conftest.c >&5
configure:15961: $? = 0
configure:15968: result: yes
configure:15981: checking stdatomic.h usability
configure:15981: gcc -c   -std=c11 -fvisibility=hidden  -O2   conftest.c >&5
configure:15981: $? = 0
configure:15981: result: yes
configure:15981: checking stdatomic.h presence
configure:15981: gcc -E   conftest.c
configure:15981: $? = 0
configure:15981: result: yes
configure:15981: checking for stdatomic.h
configure:15981: result: yes
configure:16010: checking pthread.h usability
configure:16010: gcc -c   -std=c11 -fvisibility=hidden  -O2   conftest.c >&5
configure:16010: $? = 0
configure:16010: result: yes
configure:16010: checking pthread.h presence
configure:16010: gcc -E   conftest.c
configure:16010: $? = 0
configure:16010: result: yes
configure:16010: checking for pthread.h
configure:16010: result: yes
configure:16020: checking for pthread_key_create in -lpthread
configure:16045: gcc -o conftest   -std=c11 -fvisibility=hidden  -O2    conftest.c -lpthread   >&5
configure:16045: $? = 0
configure:16054: result: yes
LIBS(='') does not contain '-lpthread', prepending
configure:16078: checking alignment of _Bool
configure:16083: gcc -o conftest   -std=c11 -fvisibility=hidden  -O2    conftest.c -lpthread  >&5
configure:16083: $? = 0
configure:16083: ./conftest
configure:16083: $? = 0
configure:16101: result: 1
configure:16113: checking alignment of char
configure:16118: gcc -o conftest   -std=c11 -fvisibility=hidden  -O2    conftest.c -lpthread  >&5
configure:16118: $? = 0
configure:16118: ./conftest
configure:16118: $? = 0
configure:16136: result: 1
configure:16148: checking alignment of signed char
configure:16153: gcc -o conftest   -std=c11 -fvisibility=hidden  -O2    conftest.c -lpthread  >&5
configure:16153: $? = 0
configure:16153: ./conftest
configure:16153: $? = 0
configure:16171: result: 1
configure:16183: checking alignment of unsigned char
configure:16188: gcc -o conftest   -std=c11 -fvisibility=hidden  -O2    conftest.c -lpthread  >&5
configure:16188: $? = 0
configure:16188: ./conftest
configure:16188: $? = 0
configure:16206: result: 1
configure:16218: checking alignment of wchar_t
configure:16223: gcc -o conftest   -std=c11 -fvisibility=hidden  -O2    conftest.c -lpthread  >&5
configure:16223: $? = 0
configure:16223: ./conftest
configure:16223: $? = 0
configure:16241: result: 4
configure:16253: checking alignment of int8_t
configure:16258: gcc -o conftest   -std=c11 -fvisibility=hidden  -O2    conftest.c -lpthread  >&5
configure:16258: $? = 0
configure:16258: ./conftest
configure:16258: $? = 0
configure:16276: result: 1
configure:16288: checking alignment of int16_t
configure:16293: gcc -o conftest   -std=c11 -fvisibility=hidden  -O2    conftest.c -lpthread  >&5
configure:16293: $? = 0
configure:16293: ./conftest
configure:16293: $? = 0
configure:16311: result: 2
configure:16323: checking alignment of int32_t
configure:16328: gcc -o conftest   -std=c11 -fvisibility=hidden  -O2    conftest.c -lpthread  >&5
configure:16328: $? = 0
configure:16328: ./conftest
configure:16328: $? = 0
configure:16346: result: 4
configure:16358: checking alignment of int64_t
configure:16363: gcc -o conftest   -std=c11 -fvisibility=hidden  -O2    conftest.c -lpthread  >&5
configure:16363: $? = 0
configure:16363: ./conftest
configure:16363: $? = 0
configure:16381: result: 8
configure:16393: checking alignment of uint8_t
configure:16398: gcc -o conftest   -std=c11 -fvisibility=hidden  -O2    conftest.c -lpthread  >&5
configure:16398: $? = 0
configure:16398: ./conftest
configure:16398: $? = 0
configure:16416: result: 1
configure:16428: checking alignment of uint16_t
configure:16433: gcc -o conftest   -std=c11 -fvisibility=hidden  -O2    conftest.c -lpthread  >&5
configure:16433: $? = 0
configure:16433: ./conftest
configure:16433: $? = 0
configure:16451: result: 2
configure:16463: checking alignment of uint32_t
configure:16468: gcc -o conftest   -std=c11 -fvisibility=hidden  -O2    conftest.c -lpthread  >&5
configure:16468: $? = 0
configure:16468: ./conftest
configure:16468: $? = 0
configure:16486: result: 4
configure:16498: checking alignment of uint64_t
configure:16503: gcc -o conftest   -std=c11 -fvisibility=hidden  -O2    conftest.c -lpthread  >&5
configure:16503: $? = 0
configure:16503: ./conftest
configure:16503: $? = 0
configure:16521: result: 8
configure:16533: checking alignment of int
configure:16538: gcc -o conftest   -std=c11 -fvisibility=hidden  -O2    conftest.c -lpthread  >&5
configure:16538: $? = 0
configure:16538: ./conftest
configure:16538: $? = 0
configure:16556: result: 4
configure:16568: checking alignment of unsigned
configure:16573: gcc -o conftest   -std=c11 -fvisibility=hidden  -O2    conftest.c -lpthread  >&5
configure:16573: $? = 0
configure:16573: ./conftest
configure:16573: $? = 0
configure:16591: result: 4
configure:16603: checking alignment of short
configure:16608: gcc -o conftest   -std=c11 -fvisibility=hidden  -O2    conftest.c -lpthread  >&5
configure:16608: $? = 0
configure:16608: ./conftest
configure:16608: $? = 0
configure:16626: result: 2
configure:16638: checking alignment of unsigned short
configure:16643: gcc -o conftest   -std=c11 -fvisibility=hidden  -O2    conftest.c -lpthread  >&5
configure:16643: $? = 0
configure:16643: ./conftest
configure:16643: $? = 0
configure:16661: result: 2
configure:16673: checking alignment of long
configure:16678: gcc -o conftest   -std=c11 -fvisibility=hidden  -O2    conftest.c -lpthread  >&5
configure:16678: $? = 0
configure:16678: ./conftest
configure:16678: $? = 0
configure:16696: result: 8
configure:16708: checking alignment of unsigned long
configure:16713: gcc -o conftest   -std=c11 -fvisibility=hidden  -O2    conftest.c -lpthread  >&5
configure:16713: $? = 0
configure:16713: ./conftest
configure:16713: $? = 0
configure:16731: result: 8
configure:16743: checking alignment of long long
configure:16748: gcc -o conftest   -std=c11 -fvisibility=hidden  -O2    conftest.c -lpthread  >&5
configure:16748: $? = 0
configure:16748: ./conftest
configure:16748: $? = 0
configure:16766: result: 8
configure:16778: checking alignment of unsigned long long
configure:16783: gcc -o conftest   -std=c11 -fvisibility=hidden  -O2    conftest.c -lpthread  >&5
configure:16783: $? = 0
configure:16783: ./conftest
configure:16783: $? = 0
configure:16801: result: 8
configure:16813: checking alignment of int_fast8_t
configure:16818: gcc -o conftest   -std=c11 -fvisibility=hidden  -O2    conftest.c -lpthread  >&5
configure:16818: $? = 0
configure:16818: ./conftest
configure:16818: $? = 0
configure:16836: result: 1
configure:16848: checking alignment of int_fast16_t
configure:16853: gcc -o conftest   -std=c11 -fvisibility=hidden  -O2    conftest.c -lpthread  >&5
configure:16853: $? = 0
configure:16853: ./conftest
configure:16853: $? = 0
configure:16871: result: 8
configure:16883: checking alignment of int_fast32_t
configure:16888: gcc -o conftest   -std=c11 -fvisibility=hidden  -O2    conftest.c -lpthread  >&5
configure:16888: $? = 0
configure:16888: ./conftest
configure:16888: $? = 0
configure:16906: result: 8
configure:16918: checking alignment of int_fast64_t
configure:16923: gcc -o conftest   -std=c11 -fvisibility=hidden  -O2    conftest.c -lpthread  >&5
configure:16923: $? = 0
configure:16923: ./conftest
configure:16923: $? = 0
configure:16941: result: 8
configure:16953: checking alignment of uint_fast8_t
configure:16958: gcc -o conftest   -std=c11 -fvisibility=hidden  -O2    conftest.c -lpthread  >&5
configure:16958: $? = 0
configure:16958: ./conftest
configure:16958: $? = 0
configure:16976: result: 1
configure:16988: checking alignment of uint_fast16_t
configure:16993: gcc -o conftest   -std=c11 -fvisibility=hidden  -O2    conftest.c -lpthread  >&5
configure:16993: $? = 0
configure:16993: ./conftest
configure:16993: $? = 0
configure:17011: result: 8
configure:17023: checking alignment of uint_fast32_t
configure:17028: gcc -o conftest   -std=c11 -fvisibility=hidden  -O2    conftest.c -lpthread  >&5
configure:17028: $? = 0
configure:17028: ./conftest
configure:17028: $? = 0
configure:17046: result: 8
configure:17058: checking alignment of uint_fast64_t
configure:17063: gcc -o conftest   -std=c11 -fvisibility=hidden  -O2    conftest.c -lpthread  >&5
configure:17063: $? = 0
configure:17063: ./conftest
configure:17063: $? = 0
configure:17081: result: 8
configure:17093: checking alignment of int_least8_t
configure:17098: gcc -o conftest   -std=c11 -fvisibility=hidden  -O2    conftest.c -lpthread  >&5
configure:17098: $? = 0
configure:17098: ./conftest
configure:17098: $? = 0
configure:17116: result: 1
configure:17128: checking alignment of int_least16_t
configure:17133: gcc -o conftest   -std=c11 -fvisibility=hidden  -O2    conftest.c -lpthread  >&5
configure:17133: $? = 0
configure:17133: ./conftest
configure:17133: $? = 0
configure:17151: result: 2
configure:17163: checking alignment of int_least32_t
configure:17168: gcc -o conftest   -std=c11 -fvisibility=hidden  -O2    conftest.c -lpthread  >&5
configure:17168: $? = 0
configure:17168: ./conftest
configure:17168: $? = 0
configure:17186: result: 4
configure:17198: checking alignment of int_least64_t
configure:17203: gcc -o conftest   -std=c11 -fvisibility=hidden  -O2    conftest.c -lpthread  >&5
configure:17203: $? = 0
configure:17203: ./conftest
configure:17203: $? = 0
configure:17221: result: 8
configure:17233: checking alignment of uint_least8_t
configure:17238: gcc -o conftest   -std=c11 -fvisibility=hidden  -O2    conftest.c -lpthread  >&5
configure:17238: $? = 0
configure:17238: ./conftest
configure:17238: $? = 0
configure:17256: result: 1
configure:17268: checking alignment of uint_least16_t
configure:17273: gcc -o conftest   -std=c11 -fvisibility=hidden  -O2    conftest.c -lpthread  >&5
configure:17273: $? = 0
configure:17273: ./conftest
configure:17273: $? = 0
configure:17291: result: 2
configure:17303: checking alignment of uint_least32_t
configure:17308: gcc -o conftest   -std=c11 -fvisibility=hidden  -O2    conftest.c -lpthread  >&5
configure:17308: $? = 0
configure:17308: ./conftest
configure:17308: $? = 0
configure:17326: result: 4
configure:17338: checking alignment of uint_least64_t
configure:17343: gcc -o conftest   -std=c11 -fvisibility=hidden  -O2    conftest.c -lpthread  >&5
configure:17343: $? = 0
configure:17343: ./conftest
configure:17343: $? = 0
configure:17361: result: 8
configure:17373: checking alignment of byte
configure:17378: gcc -o conftest   -std=c11 -fvisibility=hidden  -O2    conftest.c -lpthread  >&5
conftest.c:103:26: error: unknown type name 'byte'
  103 | typedef struct { char x; byte y; } ac__type_alignof_;
      |                          ^~~~
configure:17378: $? = 1
configure: program exited with status 1
configure: failed program was:
| /* confdefs.h */
| #define PACKAGE_NAME "yaksa"
| #define PACKAGE_TARNAME "yaksa"
| #define PACKAGE_VERSION "unreleased"
| #define PACKAGE_STRING "yaksa unreleased"
| #define PACKAGE_BUGREPORT ""
| #define PACKAGE_URL ""
| #define PACKAGE "yaksa"
| #define VERSION "unreleased"
| #define STDC_HEADERS 1
| #define HAVE_SYS_TYPES_H 1
| #define HAVE_SYS_STAT_H 1
| #define HAVE_STDLIB_H 1
| #define HAVE_STRING_H 1
| #define HAVE_MEMORY_H 1
| #define HAVE_STRINGS_H 1
| #define HAVE_INTTYPES_H 1
| #define HAVE_STDINT_H 1
| #define HAVE_UNISTD_H 1
| #define HAVE_DLFCN_H 1
| #define LT_OBJDIR ".libs/"
| #define YAKSA_C_HAVE_VISIBILITY 1
| #define STDC_HEADERS 1
| #define YAKSA_EMBEDDED_BUILD 1
| #define HAVE_GCC_ATTRIBUTE 1
| #define HAVE_STDATOMIC_H 1
| #define HAVE_C11_ATOMICS 1
| #define HAVE_PTHREAD_H 1
| #define ALIGNOF__BOOL 1
| #define ALIGNOF_CHAR 1
| #define ALIGNOF_SIGNED_CHAR 1
| #define ALIGNOF_UNSIGNED_CHAR 1
| #define ALIGNOF_WCHAR_T 4
| #define ALIGNOF_INT8_T 1
| #define ALIGNOF_INT16_T 2
| #define ALIGNOF_INT32_T 4
| #define ALIGNOF_INT64_T 8
| #define ALIGNOF_UINT8_T 1
| #define ALIGNOF_UINT16_T 2
| #define ALIGNOF_UINT32_T 4
| #define ALIGNOF_UINT64_T 8
| #define ALIGNOF_INT 4
| #define ALIGNOF_UNSIGNED 4
| #define ALIGNOF_SHORT 2
| #define ALIGNOF_UNSIGNED_SHORT 2
| #define ALIGNOF_LONG 8
| #define ALIGNOF_UNSIGNED_LONG 8
| #define ALIGNOF_LONG_LONG 8
| #define ALIGNOF_UNSIGNED_LONG_LONG 8
| #define ALIGNOF_INT_FAST8_T 1
| #define ALIGNOF_INT_FAST16_T 8
| #define ALIGNOF_INT_FAST32_T 8
| #define ALIGNOF_INT_FAST64_T 8
| #define ALIGNOF_UINT_FAST8_T 1
| #define ALIGNOF_UINT_FAST16_T 8
| #define ALIGNOF_UINT_FAST32_T 8
| #define ALIGNOF_UINT_FAST64_T 8
| #define ALIGNOF_INT_LEAST8_T 1
| #define ALIGNOF_INT_LEAST16_T 2
| #define ALIGNOF_INT_LEAST32_T 4
| #define ALIGNOF_INT_LEAST64_T 8
| #define ALIGNOF_UINT_LEAST8_T 1
| #define ALIGNOF_UINT_LEAST16_T 2
| #define ALIGNOF_UINT_LEAST32_T 4
| #define ALIGNOF_UINT_LEAST64_T 8
| /* end confdefs.h.  */
| #include <stdio.h>
| #ifdef HAVE_SYS_TYPES_H
| # include <sys/types.h>
| #endif
| #ifdef HAVE_SYS_STAT_H
| # include <sys/stat.h>
| #endif
| #ifdef STDC_HEADERS
| # include <stdlib.h>
| # include <stddef.h>
| #else
| # ifdef HAVE_STDLIB_H
| #  include <stdlib.h>
| # endif
| #endif
| #ifdef HAVE_STRING_H
| # if !defined STDC_HEADERS && defined HAVE_MEMORY_H
| #  include <memory.h>
| # endif
| # include <string.h>
| #endif
| #ifdef HAVE_STRINGS_H
| # include <strings.h>
| #endif
| #ifdef HAVE_INTTYPES_H
| # include <inttypes.h>
| #endif
| #ifdef HAVE_STDINT_H
| # include <stdint.h>
| #endif
| #ifdef HAVE_UNISTD_H
| # include <unistd.h>
| #endif
| #ifndef offsetof
| # define offsetof(type, member) ((char *) &((type *) 0)->member - (char *) 0)
| #endif
| typedef struct { char x; byte y; } ac__type_alignof_;
| static long int longval () { return (long int) offsetof (ac__type_alignof_, y); }
| static unsigned long int ulongval () { return (long int) offsetof (ac__type_alignof_, y); }
| #include <stdio.h>
| #include <stdlib.h>
| int
| main ()
| {
| 
|   FILE *f = fopen ("conftest.val", "w");
|   if (! f)
|     return 1;
|   if (((long int) offsetof (ac__type_alignof_, y)) < 0)
|     {
|       long int i = longval ();
|       if (i != ((long int) offsetof (ac__type_alignof_, y)))
| 	return 1;
|       fprintf (f, "%ld", i);
|     }
|   else
|     {
|       unsigned long int i = ulongval ();
|       if (i != ((long int) offsetof (ac__type_alignof_, y)))
| 	return 1;
|       fprintf (f, "%lu", i);
|     }
|   /* Do not output a trailing newline, as this causes \r\n confusion
|      on some platforms.  */
|   return ferror (f) || fclose (f) != 0;
| 
|   ;
|   return 0;
| }
configure:17396: result: 0
configure:17408: checking alignment of intmax_t
configure:17413: gcc -o conftest   -std=c11 -fvisibility=hidden  -O2    conftest.c -lpthread  >&5
configure:17413: $? = 0
configure:17413: ./conftest
configure:17413: $? = 0
configure:17431: result: 8
configure:17443: checking alignment of uintmax_t
configure:17448: gcc -o conftest   -std=c11 -fvisibility=hidden  -O2    conftest.c -lpthread  >&5
configure:17448: $? = 0
configure:17448: ./conftest
configure:17448: $? = 0
configure:17466: result: 8
configure:17478: checking alignment of size_t
configure:17483: gcc -o conftest   -std=c11 -fvisibility=hidden  -O2    conftest.c -lpthread  >&5
configure:17483: $? = 0
configure:17483: ./conftest
configure:17483: $? = 0
configure:17501: result: 8
configure:17513: checking alignment of intptr_t
configure:17518: gcc -o conftest   -std=c11 -fvisibility=hidden  -O2    conftest.c -lpthread  >&5
configure:17518: $? = 0
configure:17518: ./conftest
configure:17518: $? = 0
configure:17536: result: 8
configure:17548: checking alignment of uintptr_t
configure:17553: gcc -o conftest   -std=c11 -fvisibility=hidden  -O2    conftest.c -lpthread  >&5
configure:17553: $? = 0
configure:17553: ./conftest
configure:17553: $? = 0
configure:17571: result: 8
configure:17583: checking alignment of ptrdiff_t
configure:17588: gcc -o conftest   -std=c11 -fvisibility=hidden  -O2    conftest.c -lpthread  >&5
configure:17588: $? = 0
configure:17588: ./conftest
configure:17588: $? = 0
configure:17606: result: 8
configure:17618: checking alignment of float
configure:17623: gcc -o conftest   -std=c11 -fvisibility=hidden  -O2    conftest.c -lpthread  >&5
configure:17623: $? = 0
configure:17623: ./conftest
configure:17623: $? = 0
configure:17641: result: 4
configure:17653: checking alignment of double
configure:17658: gcc -o conftest   -std=c11 -fvisibility=hidden  -O2    conftest.c -lpthread  >&5
configure:17658: $? = 0
configure:17658: ./conftest
configure:17658: $? = 0
configure:17676: result: 8
configure:17688: checking alignment of long double
configure:17693: gcc -o conftest   -std=c11 -fvisibility=hidden  -O2    conftest.c -lpthread  >&5
configure:17693: $? = 0
configure:17693: ./conftest
configure:17693: $? = 0
configure:17711: result: 16
configure:17852: checking cuda_runtime_api.h usability
configure:17852: gcc -c   -std=c11 -fvisibility=hidden  -O2   conftest.c >&5
configure:17852: $? = 0
configure:17852: result: yes
configure:17852: checking cuda_runtime_api.h presence
configure:17852: gcc -E   conftest.c
configure:17852: $? = 0
configure:17852: result: yes
configure:17852: checking for cuda_runtime_api.h
configure:17852: result: yes
configure:17860: checking for cudaStreamSynchronize in -lcudart
configure:17885: gcc -o conftest   -std=c11 -fvisibility=hidden  -O2    conftest.c -lcudart  -lpthread  >&5
configure:17885: $? = 0
configure:17894: result: yes
configure:17914: checking whether nvcc works
configure:17949: /bin/nvcc -ccbin gcc -c conftest.cu >&5
configure:17949: $? = 0
configure:17961: result: yes
configure:17983: checking if gcc can link libstdc++
LIBS(='-lcudart -lpthread ') does not contain '-lstdc++', appending
configure:18013: gcc -o conftest   -std=c11 -fvisibility=hidden  -O2    conftest.c -lcudart -lpthread  -lstdc++ >&5
configure:18013: $? = 0
LIBS(='-lcudart -lpthread ') does not contain '-lstdc++', appending
configure:18036: result: yes
configure:18112: gcc -c   -std=c11 -fvisibility=hidden  -O2   conftest.c >&5
configure:18112: $? = 0
CUDA_SM(='') does not contain '52 53 60 61 62 70 72 75 80 86', appending
configure:18484: checking level_zero/ze_api.h usability
configure:18484: gcc -c   -std=c11 -fvisibility=hidden  -O2   conftest.c >&5
conftest.c:113:10: fatal error: level_zero/ze_api.h: No such file or directory
  113 | #include <level_zero/ze_api.h>
      |          ^~~~~~~~~~~~~~~~~~~~~
compilation terminated.
configure:18484: $? = 1
configure: failed program was:
| /* confdefs.h */
| #define PACKAGE_NAME "yaksa"
| #define PACKAGE_TARNAME "yaksa"
| #define PACKAGE_VERSION "unreleased"
| #define PACKAGE_STRING "yaksa unreleased"
| #define PACKAGE_BUGREPORT ""
| #define PACKAGE_URL ""
| #define PACKAGE "yaksa"
| #define VERSION "unreleased"
| #define STDC_HEADERS 1
| #define HAVE_SYS_TYPES_H 1
| #define HAVE_SYS_STAT_H 1
| #define HAVE_STDLIB_H 1
| #define HAVE_STRING_H 1
| #define HAVE_MEMORY_H 1
| #define HAVE_STRINGS_H 1
| #define HAVE_INTTYPES_H 1
| #define HAVE_STDINT_H 1
| #define HAVE_UNISTD_H 1
| #define HAVE_DLFCN_H 1
| #define LT_OBJDIR ".libs/"
| #define YAKSA_C_HAVE_VISIBILITY 1
| #define STDC_HEADERS 1
| #define YAKSA_EMBEDDED_BUILD 1
| #define HAVE_GCC_ATTRIBUTE 1
| #define HAVE_STDATOMIC_H 1
| #define HAVE_C11_ATOMICS 1
| #define HAVE_PTHREAD_H 1
| #define ALIGNOF__BOOL 1
| #define ALIGNOF_CHAR 1
| #define ALIGNOF_SIGNED_CHAR 1
| #define ALIGNOF_UNSIGNED_CHAR 1
| #define ALIGNOF_WCHAR_T 4
| #define ALIGNOF_INT8_T 1
| #define ALIGNOF_INT16_T 2
| #define ALIGNOF_INT32_T 4
| #define ALIGNOF_INT64_T 8
| #define ALIGNOF_UINT8_T 1
| #define ALIGNOF_UINT16_T 2
| #define ALIGNOF_UINT32_T 4
| #define ALIGNOF_UINT64_T 8
| #define ALIGNOF_INT 4
| #define ALIGNOF_UNSIGNED 4
| #define ALIGNOF_SHORT 2
| #define ALIGNOF_UNSIGNED_SHORT 2
| #define ALIGNOF_LONG 8
| #define ALIGNOF_UNSIGNED_LONG 8
| #define ALIGNOF_LONG_LONG 8
| #define ALIGNOF_UNSIGNED_LONG_LONG 8
| #define ALIGNOF_INT_FAST8_T 1
| #define ALIGNOF_INT_FAST16_T 8
| #define ALIGNOF_INT_FAST32_T 8
| #define ALIGNOF_INT_FAST64_T 8
| #define ALIGNOF_UINT_FAST8_T 1
| #define ALIGNOF_UINT_FAST16_T 8
| #define ALIGNOF_UINT_FAST32_T 8
| #define ALIGNOF_UINT_FAST64_T 8
| #define ALIGNOF_INT_LEAST8_T 1
| #define ALIGNOF_INT_LEAST16_T 2
| #define ALIGNOF_INT_LEAST32_T 4
| #define ALIGNOF_INT_LEAST64_T 8
| #define ALIGNOF_UINT_LEAST8_T 1
| #define ALIGNOF_UINT_LEAST16_T 2
| #define ALIGNOF_UINT_LEAST32_T 4
| #define ALIGNOF_UINT_LEAST64_T 8
| #define ALIGNOF_BYTE 0
| #define ALIGNOF_INTMAX_T 8
| #define ALIGNOF_UINTMAX_T 8
| #define ALIGNOF_SIZE_T 8
| #define ALIGNOF_INTPTR_T 8
| #define ALIGNOF_UINTPTR_T 8
| #define ALIGNOF_PTRDIFF_T 8
| #define ALIGNOF_FLOAT 4
| #define ALIGNOF_DOUBLE 8
| #define ALIGNOF_LONG_DOUBLE 16
| #define HAVE_LIBCUDART 1
| #define HAVE_CUDA 1
| #define CUDA_P2P CUDA_P2P_ENABLED
| /* end confdefs.h.  */
| #include <stdio.h>
| #ifdef HAVE_SYS_TYPES_H
| # include <sys/types.h>
| #endif
| #ifdef HAVE_SYS_STAT_H
| # include <sys/stat.h>
| #endif
| #ifdef STDC_HEADERS
| # include <stdlib.h>
| # include <stddef.h>
| #else
| # ifdef HAVE_STDLIB_H
| #  include <stdlib.h>
| # endif
| #endif
| #ifdef HAVE_STRING_H
| # if !defined STDC_HEADERS && defined HAVE_MEMORY_H
| #  include <memory.h>
| # endif
| # include <string.h>
| #endif
| #ifdef HAVE_STRINGS_H
| # include <strings.h>
| #endif
| #ifdef HAVE_INTTYPES_H
| # include <inttypes.h>
| #endif
| #ifdef HAVE_STDINT_H
| # include <stdint.h>
| #endif
| #ifdef HAVE_UNISTD_H
| # include <unistd.h>
| #endif
| #include <level_zero/ze_api.h>
configure:18484: result: no
configure:18484: checking level_zero/ze_api.h presence
configure:18484: gcc -E   conftest.c
conftest.c:80:10: fatal error: level_zero/ze_api.h: No such file or directory
   80 | #include <level_zero/ze_api.h>
      |          ^~~~~~~~~~~~~~~~~~~~~
compilation terminated.
configure:18484: $? = 1
configure: failed program was:
| /* confdefs.h */
| #define PACKAGE_NAME "yaksa"
| #define PACKAGE_TARNAME "yaksa"
| #define PACKAGE_VERSION "unreleased"
| #define PACKAGE_STRING "yaksa unreleased"
| #define PACKAGE_BUGREPORT ""
| #define PACKAGE_URL ""
| #define PACKAGE "yaksa"
| #define VERSION "unreleased"
| #define STDC_HEADERS 1
| #define HAVE_SYS_TYPES_H 1
| #define HAVE_SYS_STAT_H 1
| #define HAVE_STDLIB_H 1
| #define HAVE_STRING_H 1
| #define HAVE_MEMORY_H 1
| #define HAVE_STRINGS_H 1
| #define HAVE_INTTYPES_H 1
| #define HAVE_STDINT_H 1
| #define HAVE_UNISTD_H 1
| #define HAVE_DLFCN_H 1
| #define LT_OBJDIR ".libs/"
| #define YAKSA_C_HAVE_VISIBILITY 1
| #define STDC_HEADERS 1
| #define YAKSA_EMBEDDED_BUILD 1
| #define HAVE_GCC_ATTRIBUTE 1
| #define HAVE_STDATOMIC_H 1
| #define HAVE_C11_ATOMICS 1
| #define HAVE_PTHREAD_H 1
| #define ALIGNOF__BOOL 1
| #define ALIGNOF_CHAR 1
| #define ALIGNOF_SIGNED_CHAR 1
| #define ALIGNOF_UNSIGNED_CHAR 1
| #define ALIGNOF_WCHAR_T 4
| #define ALIGNOF_INT8_T 1
| #define ALIGNOF_INT16_T 2
| #define ALIGNOF_INT32_T 4
| #define ALIGNOF_INT64_T 8
| #define ALIGNOF_UINT8_T 1
| #define ALIGNOF_UINT16_T 2
| #define ALIGNOF_UINT32_T 4
| #define ALIGNOF_UINT64_T 8
| #define ALIGNOF_INT 4
| #define ALIGNOF_UNSIGNED 4
| #define ALIGNOF_SHORT 2
| #define ALIGNOF_UNSIGNED_SHORT 2
| #define ALIGNOF_LONG 8
| #define ALIGNOF_UNSIGNED_LONG 8
| #define ALIGNOF_LONG_LONG 8
| #define ALIGNOF_UNSIGNED_LONG_LONG 8
| #define ALIGNOF_INT_FAST8_T 1
| #define ALIGNOF_INT_FAST16_T 8
| #define ALIGNOF_INT_FAST32_T 8
| #define ALIGNOF_INT_FAST64_T 8
| #define ALIGNOF_UINT_FAST8_T 1
| #define ALIGNOF_UINT_FAST16_T 8
| #define ALIGNOF_UINT_FAST32_T 8
| #define ALIGNOF_UINT_FAST64_T 8
| #define ALIGNOF_INT_LEAST8_T 1
| #define ALIGNOF_INT_LEAST16_T 2
| #define ALIGNOF_INT_LEAST32_T 4
| #define ALIGNOF_INT_LEAST64_T 8
| #define ALIGNOF_UINT_LEAST8_T 1
| #define ALIGNOF_UINT_LEAST16_T 2
| #define ALIGNOF_UINT_LEAST32_T 4
| #define ALIGNOF_UINT_LEAST64_T 8
| #define ALIGNOF_BYTE 0
| #define ALIGNOF_INTMAX_T 8
| #define ALIGNOF_UINTMAX_T 8
| #define ALIGNOF_SIZE_T 8
| #define ALIGNOF_INTPTR_T 8
| #define ALIGNOF_UINTPTR_T 8
| #define ALIGNOF_PTRDIFF_T 8
| #define ALIGNOF_FLOAT 4
| #define ALIGNOF_DOUBLE 8
| #define ALIGNOF_LONG_DOUBLE 16
| #define HAVE_LIBCUDART 1
| #define HAVE_CUDA 1
| #define CUDA_P2P CUDA_P2P_ENABLED
| /* end confdefs.h.  */
| #include <level_zero/ze_api.h>
configure:18484: result: no
configure:18484: checking for level_zero/ze_api.h
configure:18484: result: no
configure:18492: checking for zeCommandQueueCreate in -lze_loader
configure:18517: gcc -o conftest   -std=c11 -fvisibility=hidden  -O2    conftest.c -lze_loader  -lcudart -lpthread  -lstdc++ >&5
/usr/bin/ld: cannot find -lze_loader: No such file or directory
collect2: error: ld returned 1 exit status
configure:18517: $? = 1
configure: failed program was:
| /* confdefs.h */
| #define PACKAGE_NAME "yaksa"
| #define PACKAGE_TARNAME "yaksa"
| #define PACKAGE_VERSION "unreleased"
| #define PACKAGE_STRING "yaksa unreleased"
| #define PACKAGE_BUGREPORT ""
| #define PACKAGE_URL ""
| #define PACKAGE "yaksa"
| #define VERSION "unreleased"
| #define STDC_HEADERS 1
| #define HAVE_SYS_TYPES_H 1
| #define HAVE_SYS_STAT_H 1
| #define HAVE_STDLIB_H 1
| #define HAVE_STRING_H 1
| #define HAVE_MEMORY_H 1
| #define HAVE_STRINGS_H 1
| #define HAVE_INTTYPES_H 1
| #define HAVE_STDINT_H 1
| #define HAVE_UNISTD_H 1
| #define HAVE_DLFCN_H 1
| #define LT_OBJDIR ".libs/"
| #define YAKSA_C_HAVE_VISIBILITY 1
| #define STDC_HEADERS 1
| #define YAKSA_EMBEDDED_BUILD 1
| #define HAVE_GCC_ATTRIBUTE 1
| #define HAVE_STDATOMIC_H 1
| #define HAVE_C11_ATOMICS 1
| #define HAVE_PTHREAD_H 1
| #define ALIGNOF__BOOL 1
| #define ALIGNOF_CHAR 1
| #define ALIGNOF_SIGNED_CHAR 1
| #define ALIGNOF_UNSIGNED_CHAR 1
| #define ALIGNOF_WCHAR_T 4
| #define ALIGNOF_INT8_T 1
| #define ALIGNOF_INT16_T 2
| #define ALIGNOF_INT32_T 4
| #define ALIGNOF_INT64_T 8
| #define ALIGNOF_UINT8_T 1
| #define ALIGNOF_UINT16_T 2
| #define ALIGNOF_UINT32_T 4
| #define ALIGNOF_UINT64_T 8
| #define ALIGNOF_INT 4
| #define ALIGNOF_UNSIGNED 4
| #define ALIGNOF_SHORT 2
| #define ALIGNOF_UNSIGNED_SHORT 2
| #define ALIGNOF_LONG 8
| #define ALIGNOF_UNSIGNED_LONG 8
| #define ALIGNOF_LONG_LONG 8
| #define ALIGNOF_UNSIGNED_LONG_LONG 8
| #define ALIGNOF_INT_FAST8_T 1
| #define ALIGNOF_INT_FAST16_T 8
| #define ALIGNOF_INT_FAST32_T 8
| #define ALIGNOF_INT_FAST64_T 8
| #define ALIGNOF_UINT_FAST8_T 1
| #define ALIGNOF_UINT_FAST16_T 8
| #define ALIGNOF_UINT_FAST32_T 8
| #define ALIGNOF_UINT_FAST64_T 8
| #define ALIGNOF_INT_LEAST8_T 1
| #define ALIGNOF_INT_LEAST16_T 2
| #define ALIGNOF_INT_LEAST32_T 4
| #define ALIGNOF_INT_LEAST64_T 8
| #define ALIGNOF_UINT_LEAST8_T 1
| #define ALIGNOF_UINT_LEAST16_T 2
| #define ALIGNOF_UINT_LEAST32_T 4
| #define ALIGNOF_UINT_LEAST64_T 8
| #define ALIGNOF_BYTE 0
| #define ALIGNOF_INTMAX_T 8
| #define ALIGNOF_UINTMAX_T 8
| #define ALIGNOF_SIZE_T 8
| #define ALIGNOF_INTPTR_T 8
| #define ALIGNOF_UINTPTR_T 8
| #define ALIGNOF_PTRDIFF_T 8
| #define ALIGNOF_FLOAT 4
| #define ALIGNOF_DOUBLE 8
| #define ALIGNOF_LONG_DOUBLE 16
| #define HAVE_LIBCUDART 1
| #define HAVE_CUDA 1
| #define CUDA_P2P CUDA_P2P_ENABLED
| /* end confdefs.h.  */
| 
| /* Override any GCC internal prototype to avoid an error.
|    Use char because int might match the return type of a GCC
|    builtin and then its argument prototype would still apply.  */
| #ifdef __cplusplus
| extern "C"
| #endif
| char zeCommandQueueCreate ();
| int
| main ()
| {
| return zeCommandQueueCreate ();
|   ;
|   return 0;
| }
configure:18526: result: no
configure:18545: checking whether ocloc is installed
configure:18551: result: no
CPPFLAGS(=' ') does not contain '-D__HIP_PLATFORM_AMD__', appending
configure:18919: checking hip/hip_runtime_api.h usability
configure:18919: gcc -c   -std=c11 -fvisibility=hidden  -O2   -D__HIP_PLATFORM_AMD__ conftest.c >&5
conftest.c:114:10: fatal error: hip/hip_runtime_api.h: No such file or directory
  114 | #include <hip/hip_runtime_api.h>
      |          ^~~~~~~~~~~~~~~~~~~~~~~
compilation terminated.
configure:18919: $? = 1
configure: failed program was:
| /* confdefs.h */
| #define PACKAGE_NAME "yaksa"
| #define PACKAGE_TARNAME "yaksa"
| #define PACKAGE_VERSION "unreleased"
| #define PACKAGE_STRING "yaksa unreleased"
| #define PACKAGE_BUGREPORT ""
| #define PACKAGE_URL ""
| #define PACKAGE "yaksa"
| #define VERSION "unreleased"
| #define STDC_HEADERS 1
| #define HAVE_SYS_TYPES_H 1
| #define HAVE_SYS_STAT_H 1
| #define HAVE_STDLIB_H 1
| #define HAVE_STRING_H 1
| #define HAVE_MEMORY_H 1
| #define HAVE_STRINGS_H 1
| #define HAVE_INTTYPES_H 1
| #define HAVE_STDINT_H 1
| #define HAVE_UNISTD_H 1
| #define HAVE_DLFCN_H 1
| #define LT_OBJDIR ".libs/"
| #define YAKSA_C_HAVE_VISIBILITY 1
| #define STDC_HEADERS 1
| #define YAKSA_EMBEDDED_BUILD 1
| #define HAVE_GCC_ATTRIBUTE 1
| #define HAVE_STDATOMIC_H 1
| #define HAVE_C11_ATOMICS 1
| #define HAVE_PTHREAD_H 1
| #define ALIGNOF__BOOL 1
| #define ALIGNOF_CHAR 1
| #define ALIGNOF_SIGNED_CHAR 1
| #define ALIGNOF_UNSIGNED_CHAR 1
| #define ALIGNOF_WCHAR_T 4
| #define ALIGNOF_INT8_T 1
| #define ALIGNOF_INT16_T 2
| #define ALIGNOF_INT32_T 4
| #define ALIGNOF_INT64_T 8
| #define ALIGNOF_UINT8_T 1
| #define ALIGNOF_UINT16_T 2
| #define ALIGNOF_UINT32_T 4
| #define ALIGNOF_UINT64_T 8
| #define ALIGNOF_INT 4
| #define ALIGNOF_UNSIGNED 4
| #define ALIGNOF_SHORT 2
| #define ALIGNOF_UNSIGNED_SHORT 2
| #define ALIGNOF_LONG 8
| #define ALIGNOF_UNSIGNED_LONG 8
| #define ALIGNOF_LONG_LONG 8
| #define ALIGNOF_UNSIGNED_LONG_LONG 8
| #define ALIGNOF_INT_FAST8_T 1
| #define ALIGNOF_INT_FAST16_T 8
| #define ALIGNOF_INT_FAST32_T 8
| #define ALIGNOF_INT_FAST64_T 8
| #define ALIGNOF_UINT_FAST8_T 1
| #define ALIGNOF_UINT_FAST16_T 8
| #define ALIGNOF_UINT_FAST32_T 8
| #define ALIGNOF_UINT_FAST64_T 8
| #define ALIGNOF_INT_LEAST8_T 1
| #define ALIGNOF_INT_LEAST16_T 2
| #define ALIGNOF_INT_LEAST32_T 4
| #define ALIGNOF_INT_LEAST64_T 8
| #define ALIGNOF_UINT_LEAST8_T 1
| #define ALIGNOF_UINT_LEAST16_T 2
| #define ALIGNOF_UINT_LEAST32_T 4
| #define ALIGNOF_UINT_LEAST64_T 8
| #define ALIGNOF_BYTE 0
| #define ALIGNOF_INTMAX_T 8
| #define ALIGNOF_UINTMAX_T 8
| #define ALIGNOF_SIZE_T 8
| #define ALIGNOF_INTPTR_T 8
| #define ALIGNOF_UINTPTR_T 8
| #define ALIGNOF_PTRDIFF_T 8
| #define ALIGNOF_FLOAT 4
| #define ALIGNOF_DOUBLE 8
| #define ALIGNOF_LONG_DOUBLE 16
| #define HAVE_LIBCUDART 1
| #define HAVE_CUDA 1
| #define CUDA_P2P CUDA_P2P_ENABLED
| #define ZE_NATIVE 0
| /* end confdefs.h.  */
| #include <stdio.h>
| #ifdef HAVE_SYS_TYPES_H
| # include <sys/types.h>
| #endif
| #ifdef HAVE_SYS_STAT_H
| # include <sys/stat.h>
| #endif
| #ifdef STDC_HEADERS
| # include <stdlib.h>
| # include <stddef.h>
| #else
| # ifdef HAVE_STDLIB_H
| #  include <stdlib.h>
| # endif
| #endif
| #ifdef HAVE_STRING_H
| # if !defined STDC_HEADERS && defined HAVE_MEMORY_H
| #  include <memory.h>
| # endif
| # include <string.h>
| #endif
| #ifdef HAVE_STRINGS_H
| # include <strings.h>
| #endif
| #ifdef HAVE_INTTYPES_H
| # include <inttypes.h>
| #endif
| #ifdef HAVE_STDINT_H
| # include <stdint.h>
| #endif
| #ifdef HAVE_UNISTD_H
| # include <unistd.h>
| #endif
| #include <hip/hip_runtime_api.h>
configure:18919: result: no
configure:18919: checking hip/hip_runtime_api.h presence
configure:18919: gcc -E   -D__HIP_PLATFORM_AMD__ conftest.c
conftest.c:81:10: fatal error: hip/hip_runtime_api.h: No such file or directory
   81 | #include <hip/hip_runtime_api.h>
      |          ^~~~~~~~~~~~~~~~~~~~~~~
compilation terminated.
configure:18919: $? = 1
configure: failed program was:
| /* confdefs.h */
| #define PACKAGE_NAME "yaksa"
| #define PACKAGE_TARNAME "yaksa"
| #define PACKAGE_VERSION "unreleased"
| #define PACKAGE_STRING "yaksa unreleased"
| #define PACKAGE_BUGREPORT ""
| #define PACKAGE_URL ""
| #define PACKAGE "yaksa"
| #define VERSION "unreleased"
| #define STDC_HEADERS 1
| #define HAVE_SYS_TYPES_H 1
| #define HAVE_SYS_STAT_H 1
| #define HAVE_STDLIB_H 1
| #define HAVE_STRING_H 1
| #define HAVE_MEMORY_H 1
| #define HAVE_STRINGS_H 1
| #define HAVE_INTTYPES_H 1
| #define HAVE_STDINT_H 1
| #define HAVE_UNISTD_H 1
| #define HAVE_DLFCN_H 1
| #define LT_OBJDIR ".libs/"
| #define YAKSA_C_HAVE_VISIBILITY 1
| #define STDC_HEADERS 1
| #define YAKSA_EMBEDDED_BUILD 1
| #define HAVE_GCC_ATTRIBUTE 1
| #define HAVE_STDATOMIC_H 1
| #define HAVE_C11_ATOMICS 1
| #define HAVE_PTHREAD_H 1
| #define ALIGNOF__BOOL 1
| #define ALIGNOF_CHAR 1
| #define ALIGNOF_SIGNED_CHAR 1
| #define ALIGNOF_UNSIGNED_CHAR 1
| #define ALIGNOF_WCHAR_T 4
| #define ALIGNOF_INT8_T 1
| #define ALIGNOF_INT16_T 2
| #define ALIGNOF_INT32_T 4
| #define ALIGNOF_INT64_T 8
| #define ALIGNOF_UINT8_T 1
| #define ALIGNOF_UINT16_T 2
| #define ALIGNOF_UINT32_T 4
| #define ALIGNOF_UINT64_T 8
| #define ALIGNOF_INT 4
| #define ALIGNOF_UNSIGNED 4
| #define ALIGNOF_SHORT 2
| #define ALIGNOF_UNSIGNED_SHORT 2
| #define ALIGNOF_LONG 8
| #define ALIGNOF_UNSIGNED_LONG 8
| #define ALIGNOF_LONG_LONG 8
| #define ALIGNOF_UNSIGNED_LONG_LONG 8
| #define ALIGNOF_INT_FAST8_T 1
| #define ALIGNOF_INT_FAST16_T 8
| #define ALIGNOF_INT_FAST32_T 8
| #define ALIGNOF_INT_FAST64_T 8
| #define ALIGNOF_UINT_FAST8_T 1
| #define ALIGNOF_UINT_FAST16_T 8
| #define ALIGNOF_UINT_FAST32_T 8
| #define ALIGNOF_UINT_FAST64_T 8
| #define ALIGNOF_INT_LEAST8_T 1
| #define ALIGNOF_INT_LEAST16_T 2
| #define ALIGNOF_INT_LEAST32_T 4
| #define ALIGNOF_INT_LEAST64_T 8
| #define ALIGNOF_UINT_LEAST8_T 1
| #define ALIGNOF_UINT_LEAST16_T 2
| #define ALIGNOF_UINT_LEAST32_T 4
| #define ALIGNOF_UINT_LEAST64_T 8
| #define ALIGNOF_BYTE 0
| #define ALIGNOF_INTMAX_T 8
| #define ALIGNOF_UINTMAX_T 8
| #define ALIGNOF_SIZE_T 8
| #define ALIGNOF_INTPTR_T 8
| #define ALIGNOF_UINTPTR_T 8
| #define ALIGNOF_PTRDIFF_T 8
| #define ALIGNOF_FLOAT 4
| #define ALIGNOF_DOUBLE 8
| #define ALIGNOF_LONG_DOUBLE 16
| #define HAVE_LIBCUDART 1
| #define HAVE_CUDA 1
| #define CUDA_P2P CUDA_P2P_ENABLED
| #define ZE_NATIVE 0
| /* end confdefs.h.  */
| #include <hip/hip_runtime_api.h>
configure:18919: result: no
configure:18919: checking for hip/hip_runtime_api.h
configure:18919: result: no
configure:18927: checking for hipStreamSynchronize in -lamdhip64
configure:18952: gcc -o conftest   -std=c11 -fvisibility=hidden  -O2   -D__HIP_PLATFORM_AMD__  conftest.c -lamdhip64  -lcudart -lpthread  -lstdc++ >&5
/usr/bin/ld: cannot find -lamdhip64: No such file or directory
collect2: error: ld returned 1 exit status
configure:18952: $? = 1
configure: failed program was:
| /* confdefs.h */
| #define PACKAGE_NAME "yaksa"
| #define PACKAGE_TARNAME "yaksa"
| #define PACKAGE_VERSION "unreleased"
| #define PACKAGE_STRING "yaksa unreleased"
| #define PACKAGE_BUGREPORT ""
| #define PACKAGE_URL ""
| #define PACKAGE "yaksa"
| #define VERSION "unreleased"
| #define STDC_HEADERS 1
| #define HAVE_SYS_TYPES_H 1
| #define HAVE_SYS_STAT_H 1
| #define HAVE_STDLIB_H 1
| #define HAVE_STRING_H 1
| #define HAVE_MEMORY_H 1
| #define HAVE_STRINGS_H 1
| #define HAVE_INTTYPES_H 1
| #define HAVE_STDINT_H 1
| #define HAVE_UNISTD_H 1
| #define HAVE_DLFCN_H 1
| #define LT_OBJDIR ".libs/"
| #define YAKSA_C_HAVE_VISIBILITY 1
| #define STDC_HEADERS 1
| #define YAKSA_EMBEDDED_BUILD 1
| #define HAVE_GCC_ATTRIBUTE 1
| #define HAVE_STDATOMIC_H 1
| #define HAVE_C11_ATOMICS 1
| #define HAVE_PTHREAD_H 1
| #define ALIGNOF__BOOL 1
| #define ALIGNOF_CHAR 1
| #define ALIGNOF_SIGNED_CHAR 1
| #define ALIGNOF_UNSIGNED_CHAR 1
| #define ALIGNOF_WCHAR_T 4
| #define ALIGNOF_INT8_T 1
| #define ALIGNOF_INT16_T 2
| #define ALIGNOF_INT32_T 4
| #define ALIGNOF_INT64_T 8
| #define ALIGNOF_UINT8_T 1
| #define ALIGNOF_UINT16_T 2
| #define ALIGNOF_UINT32_T 4
| #define ALIGNOF_UINT64_T 8
| #define ALIGNOF_INT 4
| #define ALIGNOF_UNSIGNED 4
| #define ALIGNOF_SHORT 2
| #define ALIGNOF_UNSIGNED_SHORT 2
| #define ALIGNOF_LONG 8
| #define ALIGNOF_UNSIGNED_LONG 8
| #define ALIGNOF_LONG_LONG 8
| #define ALIGNOF_UNSIGNED_LONG_LONG 8
| #define ALIGNOF_INT_FAST8_T 1
| #define ALIGNOF_INT_FAST16_T 8
| #define ALIGNOF_INT_FAST32_T 8
| #define ALIGNOF_INT_FAST64_T 8
| #define ALIGNOF_UINT_FAST8_T 1
| #define ALIGNOF_UINT_FAST16_T 8
| #define ALIGNOF_UINT_FAST32_T 8
| #define ALIGNOF_UINT_FAST64_T 8
| #define ALIGNOF_INT_LEAST8_T 1
| #define ALIGNOF_INT_LEAST16_T 2
| #define ALIGNOF_INT_LEAST32_T 4
| #define ALIGNOF_INT_LEAST64_T 8
| #define ALIGNOF_UINT_LEAST8_T 1
| #define ALIGNOF_UINT_LEAST16_T 2
| #define ALIGNOF_UINT_LEAST32_T 4
| #define ALIGNOF_UINT_LEAST64_T 8
| #define ALIGNOF_BYTE 0
| #define ALIGNOF_INTMAX_T 8
| #define ALIGNOF_UINTMAX_T 8
| #define ALIGNOF_SIZE_T 8
| #define ALIGNOF_INTPTR_T 8
| #define ALIGNOF_UINTPTR_T 8
| #define ALIGNOF_PTRDIFF_T 8
| #define ALIGNOF_FLOAT 4
| #define ALIGNOF_DOUBLE 8
| #define ALIGNOF_LONG_DOUBLE 16
| #define HAVE_LIBCUDART 1
| #define HAVE_CUDA 1
| #define CUDA_P2P CUDA_P2P_ENABLED
| #define ZE_NATIVE 0
| /* end confdefs.h.  */
| 
| /* Override any GCC internal prototype to avoid an error.
|    Use char because int might match the return type of a GCC
|    builtin and then its argument prototype would still apply.  */
| #ifdef __cplusplus
| extern "C"
| #endif
| char hipStreamSynchronize ();
| int
| main ()
| {
| return hipStreamSynchronize ();
|   ;
|   return 0;
| }
configure:18961: result: no
configure:19323: checking that generated files are newer than configure
configure:19329: result: done
configure:19396: creating ./config.status

## ---------------------- ##
## Running config.status. ##
## ---------------------- ##

This file was extended by yaksa config.status unreleased, which was
generated by GNU Autoconf 2.69.  Invocation command line was

  CONFIG_FILES    = 
  CONFIG_HEADERS  = 
  CONFIG_LINKS    = 
  CONFIG_COMMANDS = 
  $ ./config.status 

on gpumulti

config.status:1183: creating Makefile
config.status:1183: creating Doxyfile
config.status:1183: creating maint/yaksa.pc
config.status:1183: creating src/frontend/include/yaksa.h
config.status:1183: creating src/frontend/include/yaksa_config.h
config.status:1364: src/frontend/include/yaksa_config.h is unchanged
config.status:1412: executing depfiles commands
config.status:1489: cd .       && sed -e '/# am--include-marker/d' Makefile         | make -f - am--depfiles
make: Nothing to be done for 'am--depfiles'.
config.status:1494: $? = 0
config.status:1412: executing libtool commands

## ---------------- ##
## Cache variables. ##
## ---------------- ##

ac_cv_alignof__Bool=1
ac_cv_alignof_byte=0
ac_cv_alignof_char=1
ac_cv_alignof_double=8
ac_cv_alignof_float=4
ac_cv_alignof_int16_t=2
ac_cv_alignof_int32_t=4
ac_cv_alignof_int64_t=8
ac_cv_alignof_int8_t=1
ac_cv_alignof_int=4
ac_cv_alignof_int_fast16_t=8
ac_cv_alignof_int_fast32_t=8
ac_cv_alignof_int_fast64_t=8
ac_cv_alignof_int_fast8_t=1
ac_cv_alignof_int_least16_t=2
ac_cv_alignof_int_least32_t=4
ac_cv_alignof_int_least64_t=8
ac_cv_alignof_int_least8_t=1
ac_cv_alignof_intmax_t=8
ac_cv_alignof_intptr_t=8
ac_cv_alignof_long=8
ac_cv_alignof_long_double=16
ac_cv_alignof_long_long=8
ac_cv_alignof_ptrdiff_t=8
ac_cv_alignof_short=2
ac_cv_alignof_signed_char=1
ac_cv_alignof_size_t=8
ac_cv_alignof_uint16_t=2
ac_cv_alignof_uint32_t=4
ac_cv_alignof_uint64_t=8
ac_cv_alignof_uint8_t=1
ac_cv_alignof_uint_fast16_t=8
ac_cv_alignof_uint_fast32_t=8
ac_cv_alignof_uint_fast64_t=8
ac_cv_alignof_uint_fast8_t=1
ac_cv_alignof_uint_least16_t=2
ac_cv_alignof_uint_least32_t=4
ac_cv_alignof_uint_least64_t=8
ac_cv_alignof_uint_least8_t=1
ac_cv_alignof_uintmax_t=8
ac_cv_alignof_uintptr_t=8
ac_cv_alignof_unsigned=4
ac_cv_alignof_unsigned_char=1
ac_cv_alignof_unsigned_long=8
ac_cv_alignof_unsigned_long_long=8
ac_cv_alignof_unsigned_short=2
ac_cv_alignof_wchar_t=4
ac_cv_build=x86_64-pc-linux-gnu
ac_cv_c_compiler_gnu=yes
ac_cv_env_CCASFLAGS_set=
ac_cv_env_CCASFLAGS_value=
ac_cv_env_CCAS_set=
ac_cv_env_CCAS_value=
ac_cv_env_CC_set=set
ac_cv_env_CC_value=gcc
ac_cv_env_CFLAGS_set=set
ac_cv_env_CFLAGS_value=' '
ac_cv_env_CPPFLAGS_set=set
ac_cv_env_CPPFLAGS_value=' '
ac_cv_env_CPP_set=
ac_cv_env_CPP_value=
ac_cv_env_LDFLAGS_set=set
ac_cv_env_LDFLAGS_value=
ac_cv_env_LIBS_set=set
ac_cv_env_LIBS_value=
ac_cv_env_LT_SYS_LIBRARY_PATH_set=
ac_cv_env_LT_SYS_LIBRARY_PATH_value=
ac_cv_env_build_alias_set=
ac_cv_env_build_alias_value=
ac_cv_env_host_alias_set=
ac_cv_env_host_alias_value=
ac_cv_env_target_alias_set=
ac_cv_env_target_alias_value=
ac_cv_header_cuda_runtime_api_h=yes
ac_cv_header_dlfcn_h=yes
ac_cv_header_hip_hip_runtime_api_h=no
ac_cv_header_inttypes_h=yes
ac_cv_header_level_zero_ze_api_h=no
ac_cv_header_memory_h=yes
ac_cv_header_pthread_h=yes
ac_cv_header_stdatomic_h=yes
ac_cv_header_stdc=yes
ac_cv_header_stdint_h=yes
ac_cv_header_stdlib_h=yes
ac_cv_header_string_h=yes
ac_cv_header_strings_h=yes
ac_cv_header_sys_stat_h=yes
ac_cv_header_sys_types_h=yes
ac_cv_header_unistd_h=yes
ac_cv_host=x86_64-pc-linux-gnu
ac_cv_lib_amdhip64_hipStreamSynchronize=no
ac_cv_lib_cudart_cudaStreamSynchronize=yes
ac_cv_lib_pthread_pthread_key_create=yes
ac_cv_lib_ze_loader_zeCommandQueueCreate=no
ac_cv_objext=o
ac_cv_path_EGREP='/usr/bin/grep -E'
ac_cv_path_FGREP='/usr/bin/grep -F'
ac_cv_path_GREP=/usr/bin/grep
ac_cv_path_SED=/usr/bin/sed
ac_cv_path_install='/usr/bin/install -c'
ac_cv_path_lt_DD=/usr/bin/dd
ac_cv_prog_AWK=gawk
ac_cv_prog_CPP='gcc -E'
ac_cv_prog_ac_ct_AR=ar
ac_cv_prog_ac_ct_CC=gcc
ac_cv_prog_ac_ct_MANIFEST_TOOL=mt
ac_cv_prog_ac_ct_OBJDUMP=objdump
ac_cv_prog_ac_ct_RANLIB=ranlib
ac_cv_prog_ac_ct_STRIP=strip
ac_cv_prog_cc_c89=
ac_cv_prog_cc_c99=
ac_cv_prog_cc_g=yes
ac_cv_prog_make_make_set=yes
am_cv_CCAS_dependencies_compiler_type=gcc3
am_cv_CC_dependencies_compiler_type=gcc3
am_cv_ar_interface=ar
am_cv_make_support_nested_variables=yes
am_cv_prog_cc_c_o=yes
lt_cv_ar_at_file=@
lt_cv_archive_cmds_need_lc=no
lt_cv_deplibs_check_method=pass_all
lt_cv_file_magic_cmd='$MAGIC_CMD'
lt_cv_file_magic_test_file=
lt_cv_ld_reload_flag=-r
lt_cv_nm_interface='BSD nm'
lt_cv_objdir=.libs
lt_cv_path_LD='/usr/bin/ld -m elf_x86_64'
lt_cv_path_NM='/usr/bin/nm -B'
lt_cv_path_mainfest_tool=no
lt_cv_prog_compiler_c_o=yes
lt_cv_prog_compiler_pic='-fPIC -DPIC'
lt_cv_prog_compiler_pic_works=yes
lt_cv_prog_compiler_rtti_exceptions=no
lt_cv_prog_compiler_static_works=yes
lt_cv_prog_gnu_ld=yes
lt_cv_sharedlib_from_linklib_cmd='printf %s\n'
lt_cv_shlibpath_overrides_runpath=yes
lt_cv_sys_global_symbol_pipe='sed -n -e '\''s/^.*[	 ]\([ABCDGIRSTW][ABCDGIRSTW]*\)[	 ][	 ]*\([_A-Za-z][_A-Za-z0-9]*\)$/\1 \2 \2/p'\'' | sed '\''/ __gnu_lto/d'\'''
lt_cv_sys_global_symbol_to_c_name_address='sed -n -e '\''s/^: \(.*\) .*$/  {"\1", (void *) 0},/p'\'' -e '\''s/^[ABCDGIRSTW][ABCDGIRSTW]* .* \(.*\)$/  {"\1", (void *) \&\1},/p'\'''
lt_cv_sys_global_symbol_to_c_name_address_lib_prefix='sed -n -e '\''s/^: \(.*\) .*$/  {"\1", (void *) 0},/p'\'' -e '\''s/^[ABCDGIRSTW][ABCDGIRSTW]* .* \(lib.*\)$/  {"\1", (void *) \&\1},/p'\'' -e '\''s/^[ABCDGIRSTW][ABCDGIRSTW]* .* \(.*\)$/  {"lib\1", (void *) \&\1},/p'\'''
lt_cv_sys_global_symbol_to_cdecl='sed -n -e '\''s/^T .* \(.*\)$/extern int \1();/p'\'' -e '\''s/^[ABCDGIRSTW][ABCDGIRSTW]* .* \(.*\)$/extern char \1;/p'\'''
lt_cv_sys_global_symbol_to_import=
lt_cv_sys_max_cmd_len=1572864
lt_cv_to_host_file_cmd=func_convert_file_noop
lt_cv_to_tool_file_cmd=func_convert_file_noop
lt_cv_truncate_bin='/usr/bin/dd bs=4096 count=1'
pac_cv_gnu_attr_format=yes
pac_cv_gnu_attr_pure=yes

## ----------------- ##
## Output variables. ##
## ----------------- ##

ACLOCAL='${SHELL} '\''/home/ismail/SLPerf/mpich-4.1/modules/yaksa/m4/missing'\'' aclocal-1.16'
AMDEPBACKSLASH='\'
AMDEP_FALSE='#'
AMDEP_TRUE=''
AMTAR='$${TAR-tar}'
AM_BACKSLASH='\'
AM_DEFAULT_V='$(AM_DEFAULT_VERBOSITY)'
AM_DEFAULT_VERBOSITY='0'
AM_V='$(V)'
AR='ar'
AUTOCONF='${SHELL} '\''/home/ismail/SLPerf/mpich-4.1/modules/yaksa/m4/missing'\'' autoconf'
AUTOHEADER='${SHELL} '\''/home/ismail/SLPerf/mpich-4.1/modules/yaksa/m4/missing'\'' autoheader'
AUTOMAKE='${SHELL} '\''/home/ismail/SLPerf/mpich-4.1/modules/yaksa/m4/missing'\'' automake-1.16'
AWK='gawk'
BUILD_CUDA_BACKEND_FALSE='#'
BUILD_CUDA_BACKEND_TRUE=''
BUILD_CUDA_TESTS_FALSE='#'
BUILD_CUDA_TESTS_TRUE=''
BUILD_HIP_BACKEND_FALSE=''
BUILD_HIP_BACKEND_TRUE='#'
BUILD_ZE_BACKEND_FALSE=''
BUILD_ZE_BACKEND_TRUE='#'
BUILD_ZE_NATIVE_FALSE=''
BUILD_ZE_NATIVE_MULTIPLE_FALSE=''
BUILD_ZE_NATIVE_MULTIPLE_TRUE='#'
BUILD_ZE_NATIVE_TRUE='#'
BUILD_ZE_TESTS_FALSE=''
BUILD_ZE_TESTS_TRUE='#'
CC='gcc'
CCAS='gcc'
CCASDEPMODE='depmode=gcc3'
CCASFLAGS=' '
CCDEPMODE='depmode=gcc3'
CFLAGS='  -std=c11 -fvisibility=hidden  -O2'
CPP='gcc -E'
CPPFLAGS=' '
CSCOPE='cscope'
CTAGS='ctags'
CUDA_GENCODE='-gencode=arch=compute_52,code=sm_52 -gencode=arch=compute_53,code=sm_53 -gencode=arch=compute_60,code=sm_60 -gencode=arch=compute_61,code=sm_61 -gencode=arch=compute_62,code=sm_62 -gencode=arch=compute_70,code=sm_70 -gencode=arch=compute_72,code=sm_72 -gencode=arch=compute_75,code=sm_75 -gencode=arch=compute_80,code=sm_80 -gencode=arch=compute_86,code=sm_86'
CYGPATH_W='echo'
DEFS='-DHAVE_CONFIG_H'
DEPDIR='.deps'
DLLTOOL='false'
DSYMUTIL=''
DUMPBIN=''
ECHO_C=''
ECHO_N='-n'
ECHO_T=''
EGREP='/usr/bin/grep -E'
EMBEDDED_BUILD_FALSE='#'
EMBEDDED_BUILD_TRUE=''
ETAGS='etags'
EXEEXT=''
FGREP='/usr/bin/grep -F'
GREP='/usr/bin/grep'
HAVE_C11_ATOMICS_FALSE='#'
HAVE_C11_ATOMICS_TRUE=''
HIPCC=''
HIP_GENCODE=''
INSTALL_DATA='${INSTALL} -m 644'
INSTALL_PROGRAM='${INSTALL}'
INSTALL_SCRIPT='${INSTALL}'
INSTALL_STRIP_PROGRAM='$(install_sh) -c -s'
LD='/usr/bin/ld -m elf_x86_64 -m elf_x86_64'
LDFLAGS=''
LIBOBJS=''
LIBS='-lcudart -lpthread  -lstdc++'
LIBTOOL='$(SHELL) $(top_builddir)/libtool'
LIPO=''
LN_S='ln -s'
LTLIBOBJS=''
LT_SYS_LIBRARY_PATH=''
MAKEINFO='${SHELL} '\''/home/ismail/SLPerf/mpich-4.1/modules/yaksa/m4/missing'\'' makeinfo'
MANIFEST_TOOL=':'
MKDIR_P='mkdir -p'
NM='/usr/bin/nm -B'
NMEDIT=''
NVCC='nvcc'
NVCC_FLAGS='-ccbin gcc'
OBJDUMP='objdump'
OBJEXT='o'
OTOOL64=''
OTOOL=''
PACKAGE='yaksa'
PACKAGE_BUGREPORT=''
PACKAGE_NAME='yaksa'
PACKAGE_STRING='yaksa unreleased'
PACKAGE_TARNAME='yaksa'
PACKAGE_URL=''
PACKAGE_VERSION='unreleased'
PATH_SEPARATOR=':'
RANLIB='ranlib'
SED='/usr/bin/sed'
SET_MAKE=''
SHELL='/bin/bash'
STRIP='strip'
VERSION='unreleased'
YAKSA_NUMVERSION='0'
YAKSA_VERSION='unreleased'
ac_ct_AR='ar'
ac_ct_CC='gcc'
ac_ct_DUMPBIN=''
am__EXEEXT_FALSE=''
am__EXEEXT_TRUE='#'
am__fastdepCCAS_FALSE='#'
am__fastdepCCAS_TRUE=''
am__fastdepCC_FALSE='#'
am__fastdepCC_TRUE=''
am__include='include'
am__isrc=''
am__leading_dot='.'
am__nodep='_no'
am__quote=''
am__tar='$${TAR-tar} chof - "$$tardir"'
am__untar='$${TAR-tar} xf -'
bindir='${exec_prefix}/bin'
build='x86_64-pc-linux-gnu'
build_alias=''
build_cpu='x86_64'
build_os='linux-gnu'
build_vendor='pc'
datadir='${datarootdir}'
datarootdir='${prefix}/share'
docdir='${datarootdir}/doc/${PACKAGE_TARNAME}'
dvidir='${docdir}'
enable_ze_native='no'
exec_prefix='${prefix}'
extra_ocloc_options=''
host='x86_64-pc-linux-gnu'
host_alias=''
host_cpu='x86_64'
host_os='linux-gnu'
host_vendor='pc'
htmldir='${docdir}'
includedir='${prefix}/include'
infodir='${datarootdir}/info'
install_sh='${SHELL} /home/ismail/SLPerf/mpich-4.1/modules/yaksa/m4/install-sh'
libdir='${exec_prefix}/lib'
libexecdir='${exec_prefix}/libexec'
libyaksa_so_version='0:0:0'
localedir='${datarootdir}/locale'
localstatedir='${prefix}/var'
mandir='${datarootdir}/man'
mkdir_p='$(MKDIR_P)'
oldincludedir='/usr/include'
pdfdir='${docdir}'
prefix='/home/ismail/mpich-install'
program_transform_name='s,x,x,'
psdir='${docdir}'
sbindir='${exec_prefix}/sbin'
sharedstatedir='${prefix}/com'
sysconfdir='${prefix}/etc'
target_alias=''

## ----------- ##
## confdefs.h. ##
## ----------- ##

/* confdefs.h */
#define PACKAGE_NAME "yaksa"
#define PACKAGE_TARNAME "yaksa"
#define PACKAGE_VERSION "unreleased"
#define PACKAGE_STRING "yaksa unreleased"
#define PACKAGE_BUGREPORT ""
#define PACKAGE_URL ""
#define PACKAGE "yaksa"
#define VERSION "unreleased"
#define STDC_HEADERS 1
#define HAVE_SYS_TYPES_H 1
#define HAVE_SYS_STAT_H 1
#define HAVE_STDLIB_H 1
#define HAVE_STRING_H 1
#define HAVE_MEMORY_H 1
#define HAVE_STRINGS_H 1
#define HAVE_INTTYPES_H 1
#define HAVE_STDINT_H 1
#define HAVE_UNISTD_H 1
#define HAVE_DLFCN_H 1
#define LT_OBJDIR ".libs/"
#define YAKSA_C_HAVE_VISIBILITY 1
#define STDC_HEADERS 1
#define YAKSA_EMBEDDED_BUILD 1
#define HAVE_GCC_ATTRIBUTE 1
#define HAVE_STDATOMIC_H 1
#define HAVE_C11_ATOMICS 1
#define HAVE_PTHREAD_H 1
#define ALIGNOF__BOOL 1
#define ALIGNOF_CHAR 1
#define ALIGNOF_SIGNED_CHAR 1
#define ALIGNOF_UNSIGNED_CHAR 1
#define ALIGNOF_WCHAR_T 4
#define ALIGNOF_INT8_T 1
#define ALIGNOF_INT16_T 2
#define ALIGNOF_INT32_T 4
#define ALIGNOF_INT64_T 8
#define ALIGNOF_UINT8_T 1
#define ALIGNOF_UINT16_T 2
#define ALIGNOF_UINT32_T 4
#define ALIGNOF_UINT64_T 8
#define ALIGNOF_INT 4
#define ALIGNOF_UNSIGNED 4
#define ALIGNOF_SHORT 2
#define ALIGNOF_UNSIGNED_SHORT 2
#define ALIGNOF_LONG 8
#define ALIGNOF_UNSIGNED_LONG 8
#define ALIGNOF_LONG_LONG 8
#define ALIGNOF_UNSIGNED_LONG_LONG 8
#define ALIGNOF_INT_FAST8_T 1
#define ALIGNOF_INT_FAST16_T 8
#define ALIGNOF_INT_FAST32_T 8
#define ALIGNOF_INT_FAST64_T 8
#define ALIGNOF_UINT_FAST8_T 1
#define ALIGNOF_UINT_FAST16_T 8
#define ALIGNOF_UINT_FAST32_T 8
#define ALIGNOF_UINT_FAST64_T 8
#define ALIGNOF_INT_LEAST8_T 1
#define ALIGNOF_INT_LEAST16_T 2
#define ALIGNOF_INT_LEAST32_T 4
#define ALIGNOF_INT_LEAST64_T 8
#define ALIGNOF_UINT_LEAST8_T 1
#define ALIGNOF_UINT_LEAST16_T 2
#define ALIGNOF_UINT_LEAST32_T 4
#define ALIGNOF_UINT_LEAST64_T 8
#define ALIGNOF_BYTE 0
#define ALIGNOF_INTMAX_T 8
#define ALIGNOF_UINTMAX_T 8
#define ALIGNOF_SIZE_T 8
#define ALIGNOF_INTPTR_T 8
#define ALIGNOF_UINTPTR_T 8
#define ALIGNOF_PTRDIFF_T 8
#define ALIGNOF_FLOAT 4
#define ALIGNOF_DOUBLE 8
#define ALIGNOF_LONG_DOUBLE 16
#define HAVE_LIBCUDART 1
#define HAVE_CUDA 1
#define CUDA_P2P CUDA_P2P_ENABLED
#define ZE_NATIVE 0
#define HIP_P2P HIP_P2P_ENABLED

configure: exit 0
